2024-02-19 12:06:56,711 [INFO] Activator:176 - 


2024-02-19 12:06:56,723 [INFO] Activator:177 - !SESSION log4j initialized
2024-02-19 12:07:10,594 [INFO] LogOutputStream:77 - [STDOUT_REDIRECT] 
2024-02-19 12:07:13,495 [INFO] ApplicationProperties:184 - Using Application install path: C:\ST\STM32CubeIDE_1.14.0\STM32CubeIDE\plugins\com.st.stm32cube.common.mx_6.10.0.202311202037
2024-02-19 12:07:13,526 [INFO] DbMcusXml:78 - Set database path to: C:\ST\STM32CubeIDE_1.14.0\STM32CubeIDE\plugins\com.st.stm32cube.common.mx_6.10.0.202311202037\\db\/mcu/
2024-02-19 12:07:13,526 [INFO] ApiDb:274 - Set plugin database path to: C:\ST\STM32CubeIDE_1.14.0\STM32CubeIDE\plugins\com.st.stm32cube.common.mx_6.10.0.202311202037\\db\/plugins/boardmanager/
2024-02-19 12:07:13,526 [WARN] ApiDb:259 - Overriding images path with different value:  => C:\ST\STM32CubeIDE_1.14.0\STM32CubeIDE\plugins\com.st.stm32cube.common.mx_6.10.0.202311202037\\db\/plugins/mcufinder/images/
2024-02-19 12:07:13,554 [INFO] ApiDb:250 - Set database path to: C:\Users\Juan\.stmcufinder\plugins\mcufinder//mcu/
2024-02-19 12:07:13,554 [INFO] DbMcusAds:125 - Set database path to: C:\Users\Juan\.stmcufinder\plugins\mcufinder//mcu/
2024-02-19 12:07:13,561 [INFO] CrossReferenceDbSqlite:203 - Set database path to: C:\Users\Juan\.stmcufinder\plugins\mcufinder//mcu/cs/
2024-02-19 12:07:13,791 [INFO] RulesReader:64 - Compatibility file has been processed (297 Rules)
2024-02-19 12:07:13,967 [INFO] DbMcusXml:78 - Set database path to: C:\ST\STM32CubeIDE_1.14.0\STM32CubeIDE\plugins\com.st.stm32cube.common.mx_6.10.0.202311202037\\db\/mcu/
2024-02-19 12:07:13,967 [INFO] ApiDb:274 - Set plugin database path to: C:\ST\STM32CubeIDE_1.14.0\STM32CubeIDE\plugins\com.st.stm32cube.common.mx_6.10.0.202311202037\\db\/plugins/boardmanager/
2024-02-19 12:07:13,967 [INFO] ApiDb:261 - Set plugin images path to: C:\ST\STM32CubeIDE_1.14.0\STM32CubeIDE\plugins\com.st.stm32cube.common.mx_6.10.0.202311202037\\db\/plugins/mcufinder/images/
2024-02-19 12:07:13,967 [WARN] DbFile:41 - Overriding database path with different value: C:\Users\Juan\.stmcufinder\plugins\mcufinder/ => C:\Users\Juan\.stmcufinder\plugins\mcufinder
2024-02-19 12:07:13,967 [INFO] ApiDb:250 - Set database path to: C:\Users\Juan\.stmcufinder\plugins\mcufinder//mcu/
2024-02-19 12:07:13,967 [WARN] DbFile:41 - Overriding database path with different value: C:\Users\Juan\.stmcufinder\plugins\mcufinder/ => C:\Users\Juan\.stmcufinder\plugins\mcufinder
2024-02-19 12:07:13,967 [INFO] DbMcusAds:125 - Set database path to: C:\Users\Juan\.stmcufinder\plugins\mcufinder//mcu/
2024-02-19 12:07:13,967 [WARN] DbFile:41 - Overriding database path with different value: C:\Users\Juan\.stmcufinder\plugins\mcufinder/ => C:\Users\Juan\.stmcufinder\plugins\mcufinder
2024-02-19 12:07:13,967 [WARN] DbFile:41 - Overriding database path with different value: C:\Users\Juan\.stmcufinder\plugins\mcufinder/ => C:\Users\Juan\.stmcufinder\plugins\mcufinder
2024-02-19 12:07:13,967 [INFO] CrossReferenceDbSqlite:203 - Set database path to: C:\Users\Juan\.stmcufinder\plugins\mcufinder//mcu/cs/
2024-02-19 12:07:14,144 [INFO] MainPanel:264 - HeapMemory: 268435456
2024-02-19 12:07:14,347 [INFO] DbMcusXml:78 - Set database path to: C:\ST\STM32CubeIDE_1.14.0\STM32CubeIDE\plugins\com.st.stm32cube.common.mx_6.10.0.202311202037\\db\/mcu/
2024-02-19 12:07:14,348 [INFO] ApiDb:274 - Set plugin database path to: C:\ST\STM32CubeIDE_1.14.0\STM32CubeIDE\plugins\com.st.stm32cube.common.mx_6.10.0.202311202037\\db\/plugins/boardmanager/
2024-02-19 12:07:14,349 [INFO] ApiDb:261 - Set plugin images path to: C:\ST\STM32CubeIDE_1.14.0\STM32CubeIDE\plugins\com.st.stm32cube.common.mx_6.10.0.202311202037\\db\/plugins/mcufinder/images/
2024-02-19 12:07:14,350 [WARN] DbFile:41 - Overriding database path with different value: C:\Users\Juan\.stmcufinder\plugins\mcufinder/ => C:\Users\Juan\.stmcufinder\plugins\mcufinder
2024-02-19 12:07:14,350 [INFO] ApiDb:250 - Set database path to: C:\Users\Juan\.stmcufinder\plugins\mcufinder//mcu/
2024-02-19 12:07:14,350 [WARN] DbFile:41 - Overriding database path with different value: C:\Users\Juan\.stmcufinder\plugins\mcufinder/ => C:\Users\Juan\.stmcufinder\plugins\mcufinder
2024-02-19 12:07:14,350 [INFO] DbMcusAds:125 - Set database path to: C:\Users\Juan\.stmcufinder\plugins\mcufinder//mcu/
2024-02-19 12:07:14,350 [WARN] DbFile:41 - Overriding database path with different value: C:\Users\Juan\.stmcufinder\plugins\mcufinder/ => C:\Users\Juan\.stmcufinder\plugins\mcufinder
2024-02-19 12:07:14,350 [WARN] DbFile:41 - Overriding database path with different value: C:\Users\Juan\.stmcufinder\plugins\mcufinder/ => C:\Users\Juan\.stmcufinder\plugins\mcufinder
2024-02-19 12:07:14,351 [INFO] CrossReferenceDbSqlite:203 - Set database path to: C:\Users\Juan\.stmcufinder\plugins\mcufinder//mcu/cs/
2024-02-19 12:07:14,385 [INFO] ApplicationProperties:184 - Using Application install path: C:\ST\STM32CubeIDE_1.14.0\STM32CubeIDE\plugins\com.st.stm32cube.common.mx_6.10.0.202311202037
2024-02-19 12:07:14,389 [INFO] PluginManage:196 - Search for loadable plugins [exclusion list=, ]
2024-02-19 12:07:14,392 [INFO] PluginManage:310 - Check plugin analytics
2024-02-19 12:07:15,054 [INFO] AnalyticsPlugin:253 - Accepted Software Licenses: STM32CubeMX.6.10.0
2024-02-19 12:07:15,054 [INFO] AnalyticsPlugin:255 - Accepted CMSIS Pack Licenses: 
2024-02-19 12:07:15,054 [INFO] AnalyticsPlugin:257 - Accepted Firmware Licenses: FW.C0.1.1.0,FW.F7.1.17.0,FW.L4.1.18.0,FW.L5.1.5.0
2024-02-19 12:07:15,065 [INFO] PluginManage:359 - Loaded plugin analytics (category:tool,tabindex:-1)
2024-02-19 12:07:15,067 [INFO] PluginManage:310 - Check plugin cadmodel
2024-02-19 12:07:15,109 [INFO] CADModel:105 - Init CAD model plugin
2024-02-19 12:07:15,109 [INFO] PluginManage:359 - Loaded plugin cadmodel (category:power,tabindex:5)
2024-02-19 12:07:15,110 [INFO] PluginManage:310 - Check plugin clock
2024-02-19 12:07:15,137 [INFO] PluginManage:359 - Loaded plugin clock (category:base,tabindex:2)
2024-02-19 12:07:15,137 [INFO] PluginManage:310 - Check plugin ddr
2024-02-19 12:07:15,141 [INFO] PluginManage:359 - Loaded plugin ddr (category:tool,tabindex:6)
2024-02-19 12:07:15,141 [INFO] PluginManage:310 - Check plugin filemanager
2024-02-19 12:07:15,471 [INFO] PluginManage:359 - Loaded plugin filemanager (category:base,tabindex:10)
2024-02-19 12:07:15,471 [INFO] PluginManage:310 - Check plugin ipmanager
2024-02-19 12:07:15,521 [INFO] PluginManage:359 - Loaded plugin ipmanager (category:base,tabindex:5)
2024-02-19 12:07:15,521 [INFO] PluginManage:310 - Check plugin lpbam
2024-02-19 12:07:15,547 [INFO] PluginManage:359 - Loaded plugin lpbam (category:base,tabindex:0)
2024-02-19 12:07:15,547 [INFO] PluginManage:310 - Check plugin memorymap
2024-02-19 12:07:15,588 [INFO] PluginManage:359 - Loaded plugin memorymap (category:base,tabindex:4)
2024-02-19 12:07:15,588 [INFO] PluginManage:310 - Check plugin pinoutandconfiguration
2024-02-19 12:07:15,625 [INFO] PluginManage:359 - Loaded plugin pinoutandconfiguration (category:base,tabindex:1)
2024-02-19 12:07:15,625 [INFO] PluginManage:310 - Check plugin pinoutconfig
2024-02-19 12:07:15,813 [WARN] SupportedApi:132 - Cannot load RTOS API schema: s4s-elt-must-match.1: The content of 'definitions' must match (annotation?, (simpleType | complexType)?, (unique | key | keyref)*)). A problem was found starting at: attribute.
2024-02-19 12:07:16,047 [INFO] PluginManage:359 - Loaded plugin pinoutconfig (category:base,tabindex:0)
2024-02-19 12:07:16,047 [INFO] PluginManage:310 - Check plugin power
2024-02-19 12:07:16,076 [INFO] PluginManage:359 - Loaded plugin power (category:power,tabindex:4)
2024-02-19 12:07:16,076 [INFO] PluginManage:310 - Check plugin projectmanager
2024-02-19 12:07:16,125 [INFO] PluginManage:359 - Loaded plugin projectmanager (category:projectmanager,tabindex:3)
2024-02-19 12:07:16,130 [INFO] PluginManage:310 - Check plugin thirdparty
2024-02-19 12:07:16,576 [WARN] IntegrityCheckThread:84 - waiting for thirdparty lock release [integrity check]
2024-02-19 12:07:16,576 [INFO] IntegrityCheckThread:86 - entering critical section [integrity check]
2024-02-19 12:07:16,576 [INFO] ThirdPartyUpdaterWithRetryManager:70 - Updater plugin not ready yet. [1/15]
2024-02-19 12:07:16,581 [INFO] PluginManage:359 - Loaded plugin thirdparty (category:base,tabindex:-1)
2024-02-19 12:07:16,581 [INFO] PluginManage:310 - Check plugin tools
2024-02-19 12:07:16,643 [INFO] PluginManage:359 - Loaded plugin tools (category:base,tabindex:7)
2024-02-19 12:07:16,644 [INFO] PluginManage:310 - Check plugin tutovideos
2024-02-19 12:07:17,053 [INFO] PluginManage:359 - Loaded plugin tutovideos (category:base,tabindex:-1)
2024-02-19 12:07:17,054 [INFO] PluginManage:310 - Check plugin updater
2024-02-19 12:07:17,074 [INFO] PluginManage:359 - Loaded plugin updater (category:base,tabindex:12)
2024-02-19 12:07:17,075 [INFO] PluginManage:310 - Check plugin userauth
2024-02-19 12:07:17,082 [INFO] UserAuth:114 - Init User Auth plugin
2024-02-19 12:07:17,082 [INFO] PluginManage:359 - Loaded plugin userauth (category:base,tabindex:14)
2024-02-19 12:07:17,082 [INFO] PluginManage:283 - PluginManage : Loaded plugins [17]
2024-02-19 12:07:17,519 [INFO] PinOutPanel:1499 - setPackage(No Configuration,No Configuration)
2024-02-19 12:07:17,646 [INFO] CADModel:165 - CPN selected for project level
2024-02-19 12:07:17,646 [INFO] CADModel:114 - Register for checkConnection events
2024-02-19 12:07:17,693 [INFO] IPUIPlugin:80 - create IPUIPlugin
2024-02-19 12:07:17,693 [INFO] PluginManager:220 - loadIPPluginJar : add adc
2024-02-19 12:07:17,761 [INFO] IPUIPlugin:80 - create IPUIPlugin
2024-02-19 12:07:17,762 [INFO] PluginManager:220 - loadIPPluginJar : add aes
2024-02-19 12:07:17,840 [INFO] IPUIPlugin:80 - create IPUIPlugin
2024-02-19 12:07:17,840 [INFO] PluginManager:220 - loadIPPluginJar : add can
2024-02-19 12:07:17,882 [INFO] IPUIPlugin:80 - create IPUIPlugin
2024-02-19 12:07:17,882 [INFO] PluginManager:220 - loadIPPluginJar : add comp
2024-02-19 12:07:17,943 [INFO] IPUIPlugin:80 - create IPUIPlugin
2024-02-19 12:07:17,945 [INFO] PluginManager:220 - loadIPPluginJar : add cryp
2024-02-19 12:07:18,000 [INFO] IPUIPlugin:80 - create IPUIPlugin
2024-02-19 12:07:18,001 [INFO] PluginManager:220 - loadIPPluginJar : add dfsdm
2024-02-19 12:07:18,026 [INFO] IPUIPlugin:80 - create IPUIPlugin
2024-02-19 12:07:18,027 [INFO] PluginManager:220 - loadIPPluginJar : add dma
2024-02-19 12:07:18,102 [INFO] IPUIPlugin:80 - create IPUIPlugin
2024-02-19 12:07:18,102 [INFO] PluginManager:220 - loadIPPluginJar : add dma3
2024-02-19 12:07:18,131 [INFO] IPUIPlugin:80 - create IPUIPlugin
2024-02-19 12:07:18,131 [INFO] PluginManager:220 - loadIPPluginJar : add fatfs
2024-02-19 12:07:18,223 [INFO] IPUIPlugin:80 - create IPUIPlugin
2024-02-19 12:07:18,223 [INFO] PluginManager:220 - loadIPPluginJar : add fmc
2024-02-19 12:07:18,248 [INFO] IPUIPlugin:80 - create IPUIPlugin
2024-02-19 12:07:18,248 [INFO] PluginManager:220 - loadIPPluginJar : add freertos
2024-02-19 12:07:18,284 [INFO] IPUIPlugin:80 - create IPUIPlugin
2024-02-19 12:07:18,284 [INFO] PluginManager:220 - loadIPPluginJar : add genericplugin
2024-02-19 12:07:18,439 [INFO] IPUIPlugin:80 - create IPUIPlugin
2024-02-19 12:07:18,444 [INFO] PluginManager:220 - loadIPPluginJar : add gfxmmu
2024-02-19 12:07:18,690 [INFO] IPUIPlugin:80 - create IPUIPlugin
2024-02-19 12:07:18,690 [INFO] PluginManager:220 - loadIPPluginJar : add gic
2024-02-19 12:07:18,727 [INFO] IPUIPlugin:80 - create IPUIPlugin
2024-02-19 12:07:18,727 [INFO] PluginManager:220 - loadIPPluginJar : add gpio
2024-02-19 12:07:18,891 [INFO] IPUIPlugin:80 - create IPUIPlugin
2024-02-19 12:07:18,891 [INFO] PluginManager:220 - loadIPPluginJar : add gtzc
2024-02-19 12:07:18,958 [INFO] IPUIPlugin:80 - create IPUIPlugin
2024-02-19 12:07:18,958 [INFO] PluginManager:220 - loadIPPluginJar : add hash
2024-02-19 12:07:19,047 [INFO] IPUIPlugin:80 - create IPUIPlugin
2024-02-19 12:07:19,047 [INFO] PluginManager:220 - loadIPPluginJar : add i2c
2024-02-19 12:07:19,111 [INFO] IPUIPlugin:80 - create IPUIPlugin
2024-02-19 12:07:19,111 [INFO] PluginManager:220 - loadIPPluginJar : add i2s
2024-02-19 12:07:19,171 [INFO] IPUIPlugin:80 - create IPUIPlugin
2024-02-19 12:07:19,171 [INFO] PluginManager:220 - loadIPPluginJar : add i3c
2024-02-19 12:07:19,369 [INFO] IPUIPlugin:80 - create IPUIPlugin
2024-02-19 12:07:19,369 [INFO] PluginManager:220 - loadIPPluginJar : add ipddr
2024-02-19 12:07:19,589 [INFO] ThirdPartyUpdaterWithRetryManager:70 - Updater plugin not ready yet. [2/15]
2024-02-19 12:07:19,591 [INFO] IPUIPlugin:80 - create IPUIPlugin
2024-02-19 12:07:19,591 [INFO] PluginManager:220 - loadIPPluginJar : add linkedlist
2024-02-19 12:07:19,653 [INFO] IPUIPlugin:80 - create IPUIPlugin
2024-02-19 12:07:19,654 [INFO] PluginManager:220 - loadIPPluginJar : add lorawan
2024-02-19 12:07:19,722 [INFO] IPUIPlugin:80 - create IPUIPlugin
2024-02-19 12:07:19,722 [INFO] PluginManager:220 - loadIPPluginJar : add ltdc
2024-02-19 12:07:19,748 [INFO] IPUIPlugin:80 - create IPUIPlugin
2024-02-19 12:07:19,750 [INFO] PluginManager:220 - loadIPPluginJar : add mdma
2024-02-19 12:07:19,769 [INFO] IPUIPlugin:80 - create IPUIPlugin
2024-02-19 12:07:19,769 [INFO] PluginManager:220 - loadIPPluginJar : add nvic
2024-02-19 12:07:19,833 [INFO] IPUIPlugin:80 - create IPUIPlugin
2024-02-19 12:07:19,833 [INFO] PluginManager:220 - loadIPPluginJar : add opamp
2024-02-19 12:07:19,935 [INFO] IPUIPlugin:80 - create IPUIPlugin
2024-02-19 12:07:19,937 [INFO] PluginManager:220 - loadIPPluginJar : add openamp
2024-02-19 12:07:20,014 [INFO] IPUIPlugin:80 - create IPUIPlugin
2024-02-19 12:07:20,014 [INFO] PluginManager:220 - loadIPPluginJar : add pdm2pcm
2024-02-19 12:07:20,034 [INFO] IPUIPlugin:80 - create IPUIPlugin
2024-02-19 12:07:20,041 [INFO] PluginManager:220 - loadIPPluginJar : add plateformsettings
2024-02-19 12:07:20,079 [INFO] IPUIPlugin:80 - create IPUIPlugin
2024-02-19 12:07:20,079 [INFO] PluginManager:220 - loadIPPluginJar : add quadspi
2024-02-19 12:07:20,096 [INFO] IPUIPlugin:80 - create IPUIPlugin
2024-02-19 12:07:20,096 [INFO] PluginManager:220 - loadIPPluginJar : add resmgrutility
2024-02-19 12:07:20,178 [INFO] IPUIPlugin:80 - create IPUIPlugin
2024-02-19 12:07:20,179 [INFO] PluginManager:220 - loadIPPluginJar : add sai
2024-02-19 12:07:20,241 [INFO] IPUIPlugin:80 - create IPUIPlugin
2024-02-19 12:07:20,241 [INFO] PluginManager:220 - loadIPPluginJar : add spi
2024-02-19 12:07:20,369 [INFO] IPUIPlugin:80 - create IPUIPlugin
2024-02-19 12:07:20,369 [INFO] PluginManager:220 - loadIPPluginJar : add stm32_wpan
2024-02-19 12:07:20,425 [INFO] IPUIPlugin:80 - create IPUIPlugin
2024-02-19 12:07:20,425 [INFO] PluginManager:220 - loadIPPluginJar : add tim
2024-02-19 12:07:20,521 [INFO] IPUIPlugin:80 - create IPUIPlugin
2024-02-19 12:07:20,521 [INFO] PluginManager:220 - loadIPPluginJar : add touchsensing
2024-02-19 12:07:20,555 [INFO] IPUIPlugin:80 - create IPUIPlugin
2024-02-19 12:07:20,555 [INFO] PluginManager:220 - loadIPPluginJar : add tracer_emb
2024-02-19 12:07:20,589 [INFO] IPUIPlugin:80 - create IPUIPlugin
2024-02-19 12:07:20,589 [INFO] PluginManager:220 - loadIPPluginJar : add ts
2024-02-19 12:07:20,626 [INFO] IPUIPlugin:80 - create IPUIPlugin
2024-02-19 12:07:20,626 [INFO] PluginManager:220 - loadIPPluginJar : add tsc
2024-02-19 12:07:20,667 [INFO] IPUIPlugin:80 - create IPUIPlugin
2024-02-19 12:07:20,667 [INFO] PluginManager:220 - loadIPPluginJar : add ucpd
2024-02-19 12:07:20,743 [INFO] IPUIPlugin:80 - create IPUIPlugin
2024-02-19 12:07:20,743 [INFO] PluginManager:220 - loadIPPluginJar : add usart
2024-02-19 12:07:20,818 [INFO] IPUIPlugin:80 - create IPUIPlugin
2024-02-19 12:07:20,818 [INFO] PluginManager:220 - loadIPPluginJar : add usbx
2024-02-19 12:07:21,037 [INFO] CADModel:165 - CPN selected for project level
2024-02-19 12:07:21,038 [INFO] CADModel:114 - Register for checkConnection events
2024-02-19 12:07:21,038 [FATAL] Updater:308 - Updater called before beeing initialized
2024-02-19 12:07:21,038 [ERROR] CADModel:125 - Updater not yet initialized, retry later 
2024-02-19 12:07:21,368 [INFO] CADModel:165 - CPN selected for project level
2024-02-19 12:07:21,368 [INFO] CADModel:114 - Register for checkConnection events
2024-02-19 12:07:21,368 [FATAL] Updater:308 - Updater called before beeing initialized
2024-02-19 12:07:21,373 [ERROR] CADModel:125 - Updater not yet initialized, retry later 
2024-02-19 12:07:21,375 [FATAL] Updater:308 - Updater called before beeing initialized
2024-02-19 12:07:21,576 [FATAL] Updater:308 - Updater called before beeing initialized
2024-02-19 12:07:21,592 [INFO] DbMcusAds:53 - JSON generation date=Wed Nov 29 11:52:26 CET 2023 (1701255146895)
2024-02-19 12:07:21,592 [FATAL] Updater:308 - Updater called before beeing initialized
2024-02-19 12:07:21,723 [WARN] DetailPanel:346 - Failed to get advertising image, set to default
2024-02-19 12:07:22,073 [FATAL] Updater:308 - Updater called before beeing initialized
2024-02-19 12:07:22,078 [FATAL] Updater:308 - Updater called before beeing initialized
2024-02-19 12:07:22,081 [FATAL] Updater:308 - Updater called before beeing initialized
2024-02-19 12:07:22,081 [WARN] DetailPanel:346 - Failed to get advertising image, set to default
2024-02-19 12:07:22,083 [FATAL] Updater:308 - Updater called before beeing initialized
2024-02-19 12:07:22,228 [ERROR] Updater:1120 - MainUpdater not yet initialized. External WinMGr cannot be set.
2024-02-19 12:07:22,243 [INFO] Updater:1056 - Updater Version found : 6.10.0
2024-02-19 12:07:22,284 [INFO] ApplicationProperties:184 - Using Application install path: C:\ST\STM32CubeIDE_1.14.0\STM32CubeIDE\plugins\com.st.stm32cube.common.mx_6.10.0.202311202037
2024-02-19 12:07:22,594 [INFO] ThirdPartyUpdaterWithRetryManager:70 - Updater plugin not ready yet. [3/15]
2024-02-19 12:07:23,933 [ERROR] LogOutputStream:75 - [STDERR_REDIRECT] Feb 19, 2024 12:07:23 PM java.util.prefs.WindowsPreferences <init>
2024-02-19 12:07:23,933 [ERROR] LogOutputStream:75 - [STDERR_REDIRECT] WARNING: Could not open/create prefs root node Software\JavaSoft\Prefs at root 0xffffffff80000002. Windows RegCreateKeyEx(...) returned error code 5.
2024-02-19 12:07:23,933 [ERROR] LogOutputStream:75 - [STDERR_REDIRECT] 
2024-02-19 12:07:24,728 [INFO] MainUpdater:2873 - connection check result : 10
2024-02-19 12:07:24,730 [INFO] MainUpdater:290 - Updater Check For Update Now.
2024-02-19 12:07:24,730 [INFO] MicroXplorer:498 - Change Database Version : DB.6.0.100
2024-02-19 12:07:24,796 [INFO] McuFinderGlobals:63 - Set McuFinder mode to 2 (CubeIDE integrated)
2024-02-19 12:07:25,083 [INFO] CheckServerUpdateThread:120 - End of CheckServer Thread
2024-02-19 12:07:25,243 [INFO] UserAuth:404 - Internet connection configuration mode: 1
2024-02-19 12:07:25,274 [INFO] JxBrowserEngine:152 - Initiate JxBrowser Engine with user profile folder
2024-02-19 12:07:25,852 [WARN] PackLoader:240 - Cannot read IP mode file for STMicroelectronics.X-CUBE-SMBUS.2.1.0
2024-02-19 12:07:25,873 [WARN] PackLoader:240 - Cannot read IP mode file for STMicroelectronics.X-CUBE-TOUCHGFX.4.23.0
2024-02-19 12:07:25,981 [WARN] PackLoader:240 - Cannot read IP mode file for STMicroelectronics.X-CUBE-AZRTOS-F7.1.1.0
2024-02-19 12:07:26,029 [WARN] PackLoader:240 - Cannot read IP mode file for STMicroelectronics.FP-SNS-MOTENV1.4.3.2
2024-02-19 12:07:26,053 [WARN] PackLoader:240 - Cannot read IP mode file for STMicroelectronics.FP-SNS-FLIGHT1.5.0.2
2024-02-19 12:07:26,089 [WARN] PackLoader:240 - Cannot read IP mode file for STMicroelectronics.X-CUBE-DISPLAY.3.0.0
2024-02-19 12:07:26,123 [WARN] PackLoader:240 - Cannot read IP mode file for STMicroelectronics.X-CUBE-BLE1.7.0.0
2024-02-19 12:07:26,137 [WARN] PackLoader:240 - Cannot read IP mode file for emotas.I-CUBE-CANOPEN.1.3.0
2024-02-19 12:07:26,154 [WARN] PackLoader:240 - Cannot read IP mode file for STMicroelectronics.FP-SNS-SMARTAG2.1.2.0
2024-02-19 12:07:26,185 [INFO] LogOutputStream:77 - [STDOUT_REDIRECT] 1 : Invalid condition id : UX_CORESTACK_Condition cause : null
2024-02-19 12:07:26,186 [INFO] LogOutputStream:77 - [STDOUT_REDIRECT] 1 : Invalid condition id : UX_CORESTACK_Condition cause : null
2024-02-19 12:07:26,186 [INFO] LogOutputStream:77 - [STDOUT_REDIRECT] 1 : Invalid condition id : UX_CORESTACK_Condition cause : null
2024-02-19 12:07:26,186 [INFO] LogOutputStream:77 - [STDOUT_REDIRECT] 1 : Invalid condition id : UX_CORESTACK_Condition cause : null
2024-02-19 12:07:26,186 [INFO] LogOutputStream:77 - [STDOUT_REDIRECT] 1 : Invalid condition id : UX_CORESTACK_Condition cause : null
2024-02-19 12:07:26,195 [WARN] PackLoader:240 - Cannot read IP mode file for STMicroelectronics.X-CUBE-AZRTOS-WL.2.0.0
2024-02-19 12:07:26,217 [WARN] PackLoader:240 - Cannot read IP mode file for WES.I-CUBE-Cesium.1.3.0
2024-02-19 12:07:26,237 [WARN] PackLoader:240 - Cannot read IP mode file for STMicroelectronics.X-CUBE-BLE2.3.3.0
2024-02-19 12:07:26,255 [WARN] PackLoader:240 - Cannot read IP mode file for STMicroelectronics.X-CUBE-ALGOBUILD.1.3.0
2024-02-19 12:07:26,298 [WARN] PackLoader:240 - Cannot read IP mode file for STMicroelectronics.X-CUBE-AZRTOS-G0.1.1.0
2024-02-19 12:07:26,329 [WARN] PackLoader:240 - Cannot read IP mode file for STMicroelectronics.X-CUBE-NFC4.3.0.0
2024-02-19 12:07:26,373 [WARN] PackLoader:240 - Cannot read IP mode file for STMicroelectronics.X-CUBE-BLEMGR.3.0.0
2024-02-19 12:07:26,388 [WARN] PackLoader:240 - Cannot read IP mode file for STMicroelectronics.FP-ATR-SIGFOX1.3.2.0
2024-02-19 12:07:26,416 [WARN] PackLoader:240 - Cannot read IP mode file for STMicroelectronics.X-CUBE-EEPRMA1.5.1.0
2024-02-19 12:07:26,486 [WARN] PackLoader:240 - Cannot read IP mode file for SEGGER.I-CUBE-embOS.1.3.1
2024-02-19 12:07:26,567 [WARN] PackLoader:240 - Cannot read IP mode file for STMicroelectronics.X-CUBE-GNSS1.6.0.0
2024-02-19 12:07:26,612 [WARN] PackLoader:240 - Cannot read IP mode file for STMicroelectronics.X-CUBE-AZRTOS-F4.1.1.0
2024-02-19 12:07:26,637 [WARN] PackLoader:240 - Cannot read IP mode file for wolfSSL.I-CUBE-wolfSSL.5.6.6
2024-02-19 12:07:26,682 [WARN] PackLoader:240 - Cannot read IP mode file for STMicroelectronics.X-CUBE-AZRTOS-L5.2.0.0
2024-02-19 12:07:26,706 [WARN] PackLoader:240 - Cannot read IP mode file for ITTIA_DB.I-CUBE-ITTIADB.8.8.0
2024-02-19 12:07:26,729 [WARN] PackLoader:240 - Cannot read IP mode file for STMicroelectronics.X-CUBE-NFC7.1.0.1
2024-02-19 12:07:26,758 [WARN] PackLoader:240 - Cannot read IP mode file for STMicroelectronics.X-CUBE-NFC6.3.0.0
2024-02-19 12:07:26,785 [WARN] PackLoader:240 - Cannot read IP mode file for STMicroelectronics.X-CUBE-AI.8.1.0
2024-02-19 12:07:26,831 [WARN] ConditionMgr:438 - getConditionDescription Invalid condition id : LAN8742 Phy interface Condition cause : null
2024-02-19 12:07:26,831 [WARN] PackLoader:240 - Cannot read IP mode file for STMicroelectronics.X-CUBE-AZRTOS-L4.2.0.0
2024-02-19 12:07:26,838 [WARN] ConditionMgr:1039 - genDependencies : Invalid condition id : LAN8742 Phy interface Condition cause : null
2024-02-19 12:07:26,838 [WARN] ConditionMgr:1039 - genDependencies : Invalid condition id : LAN8742 Phy interface Condition cause : null
2024-02-19 12:07:26,838 [WARN] ConditionMgr:1039 - genDependencies : Invalid condition id : LAN8742 Phy interface Condition cause : null
2024-02-19 12:07:26,866 [WARN] PackLoader:240 - Cannot read IP mode file for STMicroelectronics.X-CUBE-SFXS2LP1.4.0.0
2024-02-19 12:07:26,990 [WARN] ConditionMgr:438 - getConditionDescription Invalid condition id : UX DEVICE CLASS RTOS Condition cause : null
2024-02-19 12:07:26,991 [WARN] ConditionMgr:438 - getConditionDescription Invalid condition id : UX DEVICE CLASS RTOS Condition cause : null
2024-02-19 12:07:26,998 [WARN] PackLoader:240 - Cannot read IP mode file for STMicroelectronics.X-CUBE-AZRTOS-WB.2.0.0
2024-02-19 12:07:27,001 [WARN] ConditionMgr:1039 - genDependencies : Invalid condition id : UX DEVICE CLASS RTOS Condition cause : null
2024-02-19 12:07:27,001 [WARN] ConditionMgr:1039 - genDependencies : Invalid condition id : UX DEVICE CLASS RTOS Condition cause : null
2024-02-19 12:07:27,003 [WARN] ConditionMgr:1039 - genDependencies : Invalid condition id : UX DEVICE CLASS RTOS Condition cause : null
2024-02-19 12:07:27,003 [WARN] ConditionMgr:1039 - genDependencies : Invalid condition id : UX DEVICE CLASS RTOS Condition cause : null
2024-02-19 12:07:27,005 [WARN] ConditionMgr:1039 - genDependencies : Invalid condition id : UX DEVICE CLASS RTOS Condition cause : null
2024-02-19 12:07:27,062 [WARN] PackLoader:240 - Cannot read IP mode file for STMicroelectronics.X-CUBE-SUBG2.5.0.0
2024-02-19 12:07:27,220 [WARN] PackLoader:240 - Cannot read IP mode file for STMicroelectronics.X-CUBE-AZRTOS-G4.2.0.0
2024-02-19 12:07:27,256 [WARN] PackLoader:240 - Cannot read IP mode file for Infineon.AIROC-Wi-Fi-Bluetooth-STM32.1.5.1
2024-02-19 12:07:27,286 [WARN] PackLoader:240 - Cannot read IP mode file for STMicroelectronics.FP-SNS-MOTENVWB1.1.3.1
2024-02-19 12:07:27,304 [WARN] PackLoader:240 - Cannot read IP mode file for STMicroelectronics.X-CUBE-ISPU.2.0.0
2024-02-19 12:07:27,408 [WARN] PackLoader:240 - Cannot read IP mode file for STMicroelectronics.X-CUBE-MEMS1.10.0.0
2024-02-19 12:07:27,723 [WARN] PackLoader:240 - Cannot read IP mode file for STMicroelectronics.X-CUBE-FREERTOS.1.1.0
2024-02-19 12:07:27,772 [WARN] PackLoader:240 - Cannot read IP mode file for portGmbH.I-Cube-SoM-uGOAL.1.1.0
2024-02-19 12:07:27,806 [WARN] PackLoader:240 - Cannot read IP mode file for STMicroelectronics.X-CUBE-ALS.1.0.1
2024-02-19 12:07:27,954 [WARN] PackLoader:240 - Cannot read IP mode file for STMicroelectronics.FP-ATR-ASTRA1.2.0.0
2024-02-19 12:07:28,118 [WARN] PackLoader:240 - Cannot read IP mode file for STMicroelectronics.X-CUBE-TOF1.3.4.0
2024-02-19 12:07:28,179 [WARN] PackLoader:240 - Cannot read IP mode file for STMicroelectronics.X-CUBE-AZRTOS-H7.3.2.0
2024-02-19 12:07:28,302 [INFO] ThirdParty:978 - Integrity check success = true
2024-02-19 12:07:28,302 [INFO] IntegrityCheckThread:100 - exiting critical section [integrity check]
2024-02-19 12:07:28,304 [INFO] IntegrityCheckThread:103 - End integrity checks thread
2024-02-19 12:07:31,151 [INFO] WebApp:161 - Instantiating new browser for Auth
2024-02-19 12:07:32,539 [INFO] WebApp:780 - Register for checkConnection events
2024-02-19 12:07:32,539 [INFO] WebApp:414 - Apply proxy settings
2024-02-19 12:07:32,539 [INFO] WebApp:499 - Chromium requires no authentication
2024-02-19 12:07:32,561 [INFO] WebApp:442 - Direct internet connection detected
2024-02-19 12:07:32,902 [INFO] WebApp:192 - Starting web application
2024-02-19 12:07:32,902 [INFO] WebApp:544 - Web application path used C:\ST\STM32CubeIDE_1.14.0\STM32CubeIDE\plugins\com.st.stm32cube.common.mx_6.10.0.202311202037\db\plugins\mcufinder\reactClient1\index.html
2024-02-19 12:07:54,949 [ERROR] LogOutputStream:75 - [STDERR_REDIRECT] SLF4J: Failed to load class "org.slf4j.impl.StaticLoggerBinder".
2024-02-19 12:07:54,950 [ERROR] LogOutputStream:75 - [STDERR_REDIRECT] SLF4J: Defaulting to no-operation (NOP) logger implementation
2024-02-19 12:07:54,950 [ERROR] LogOutputStream:75 - [STDERR_REDIRECT] SLF4J: See http://www.slf4j.org/codes.html#StaticLoggerBinder for further details.
