2024-03-12 12:52:43,386 [INFO] Activator:176 - 


2024-03-12 12:52:43,392 [INFO] Activator:177 - !SESSION log4j initialized
2024-03-12 12:52:51,472 [INFO] LogOutputStream:77 - [STDOUT_REDIRECT] 
2024-03-12 12:52:53,252 [INFO] ApplicationProperties:184 - Using Application install path: C:\ST\STM32CubeIDE_1.14.0\STM32CubeIDE\plugins\com.st.stm32cube.common.mx_6.10.0.202311202037
2024-03-12 12:52:53,272 [INFO] DbMcusXml:78 - Set database path to: C:\ST\STM32CubeIDE_1.14.0\STM32CubeIDE\plugins\com.st.stm32cube.common.mx_6.10.0.202311202037\\db\/mcu/
2024-03-12 12:52:53,273 [INFO] ApiDb:274 - Set plugin database path to: C:\ST\STM32CubeIDE_1.14.0\STM32CubeIDE\plugins\com.st.stm32cube.common.mx_6.10.0.202311202037\\db\/plugins/boardmanager/
2024-03-12 12:52:53,273 [WARN] ApiDb:259 - Overriding images path with different value:  => C:\ST\STM32CubeIDE_1.14.0\STM32CubeIDE\plugins\com.st.stm32cube.common.mx_6.10.0.202311202037\\db\/plugins/mcufinder/images/
2024-03-12 12:52:53,289 [INFO] ApiDb:250 - Set database path to: C:\Users\Juan\.stmcufinder\plugins\mcufinder//mcu/
2024-03-12 12:52:53,290 [INFO] DbMcusAds:125 - Set database path to: C:\Users\Juan\.stmcufinder\plugins\mcufinder//mcu/
2024-03-12 12:52:53,292 [INFO] CrossReferenceDbSqlite:203 - Set database path to: C:\Users\Juan\.stmcufinder\plugins\mcufinder//mcu/cs/
2024-03-12 12:52:53,418 [INFO] RulesReader:64 - Compatibility file has been processed (297 Rules)
2024-03-12 12:52:53,487 [INFO] DbMcusXml:78 - Set database path to: C:\ST\STM32CubeIDE_1.14.0\STM32CubeIDE\plugins\com.st.stm32cube.common.mx_6.10.0.202311202037\\db\/mcu/
2024-03-12 12:52:53,487 [INFO] ApiDb:274 - Set plugin database path to: C:\ST\STM32CubeIDE_1.14.0\STM32CubeIDE\plugins\com.st.stm32cube.common.mx_6.10.0.202311202037\\db\/plugins/boardmanager/
2024-03-12 12:52:53,488 [INFO] ApiDb:261 - Set plugin images path to: C:\ST\STM32CubeIDE_1.14.0\STM32CubeIDE\plugins\com.st.stm32cube.common.mx_6.10.0.202311202037\\db\/plugins/mcufinder/images/
2024-03-12 12:52:53,488 [WARN] DbFile:41 - Overriding database path with different value: C:\Users\Juan\.stmcufinder\plugins\mcufinder/ => C:\Users\Juan\.stmcufinder\plugins\mcufinder
2024-03-12 12:52:53,488 [INFO] ApiDb:250 - Set database path to: C:\Users\Juan\.stmcufinder\plugins\mcufinder//mcu/
2024-03-12 12:52:53,488 [WARN] DbFile:41 - Overriding database path with different value: C:\Users\Juan\.stmcufinder\plugins\mcufinder/ => C:\Users\Juan\.stmcufinder\plugins\mcufinder
2024-03-12 12:52:53,488 [INFO] DbMcusAds:125 - Set database path to: C:\Users\Juan\.stmcufinder\plugins\mcufinder//mcu/
2024-03-12 12:52:53,488 [WARN] DbFile:41 - Overriding database path with different value: C:\Users\Juan\.stmcufinder\plugins\mcufinder/ => C:\Users\Juan\.stmcufinder\plugins\mcufinder
2024-03-12 12:52:53,488 [WARN] DbFile:41 - Overriding database path with different value: C:\Users\Juan\.stmcufinder\plugins\mcufinder/ => C:\Users\Juan\.stmcufinder\plugins\mcufinder
2024-03-12 12:52:53,488 [INFO] CrossReferenceDbSqlite:203 - Set database path to: C:\Users\Juan\.stmcufinder\plugins\mcufinder//mcu/cs/
2024-03-12 12:52:53,565 [INFO] MainPanel:264 - HeapMemory: 268435456
2024-03-12 12:52:53,647 [INFO] DbMcusXml:78 - Set database path to: C:\ST\STM32CubeIDE_1.14.0\STM32CubeIDE\plugins\com.st.stm32cube.common.mx_6.10.0.202311202037\\db\/mcu/
2024-03-12 12:52:53,647 [INFO] ApiDb:274 - Set plugin database path to: C:\ST\STM32CubeIDE_1.14.0\STM32CubeIDE\plugins\com.st.stm32cube.common.mx_6.10.0.202311202037\\db\/plugins/boardmanager/
2024-03-12 12:52:53,647 [INFO] ApiDb:261 - Set plugin images path to: C:\ST\STM32CubeIDE_1.14.0\STM32CubeIDE\plugins\com.st.stm32cube.common.mx_6.10.0.202311202037\\db\/plugins/mcufinder/images/
2024-03-12 12:52:53,647 [WARN] DbFile:41 - Overriding database path with different value: C:\Users\Juan\.stmcufinder\plugins\mcufinder/ => C:\Users\Juan\.stmcufinder\plugins\mcufinder
2024-03-12 12:52:53,647 [INFO] ApiDb:250 - Set database path to: C:\Users\Juan\.stmcufinder\plugins\mcufinder//mcu/
2024-03-12 12:52:53,647 [WARN] DbFile:41 - Overriding database path with different value: C:\Users\Juan\.stmcufinder\plugins\mcufinder/ => C:\Users\Juan\.stmcufinder\plugins\mcufinder
2024-03-12 12:52:53,648 [INFO] DbMcusAds:125 - Set database path to: C:\Users\Juan\.stmcufinder\plugins\mcufinder//mcu/
2024-03-12 12:52:53,648 [WARN] DbFile:41 - Overriding database path with different value: C:\Users\Juan\.stmcufinder\plugins\mcufinder/ => C:\Users\Juan\.stmcufinder\plugins\mcufinder
2024-03-12 12:52:53,648 [WARN] DbFile:41 - Overriding database path with different value: C:\Users\Juan\.stmcufinder\plugins\mcufinder/ => C:\Users\Juan\.stmcufinder\plugins\mcufinder
2024-03-12 12:52:53,648 [INFO] CrossReferenceDbSqlite:203 - Set database path to: C:\Users\Juan\.stmcufinder\plugins\mcufinder//mcu/cs/
2024-03-12 12:52:53,664 [INFO] ApplicationProperties:184 - Using Application install path: C:\ST\STM32CubeIDE_1.14.0\STM32CubeIDE\plugins\com.st.stm32cube.common.mx_6.10.0.202311202037
2024-03-12 12:52:53,666 [INFO] PluginManage:196 - Search for loadable plugins [exclusion list=, ]
2024-03-12 12:52:53,667 [INFO] PluginManage:310 - Check plugin analytics
2024-03-12 12:52:54,019 [INFO] AnalyticsPlugin:253 - Accepted Software Licenses: STM32CubeMX.6.10.0
2024-03-12 12:52:54,020 [INFO] AnalyticsPlugin:255 - Accepted CMSIS Pack Licenses: 
2024-03-12 12:52:54,020 [INFO] AnalyticsPlugin:257 - Accepted Firmware Licenses: FW.C0.1.1.0,FW.F7.1.17.0,FW.L4.1.18.0,FW.L5.1.5.0,FW.U5.1.4.0
2024-03-12 12:52:54,030 [INFO] PluginManage:359 - Loaded plugin analytics (category:tool,tabindex:-1)
2024-03-12 12:52:54,031 [INFO] PluginManage:310 - Check plugin cadmodel
2024-03-12 12:52:54,056 [INFO] CADModel:105 - Init CAD model plugin
2024-03-12 12:52:54,056 [INFO] PluginManage:359 - Loaded plugin cadmodel (category:power,tabindex:5)
2024-03-12 12:52:54,057 [INFO] PluginManage:310 - Check plugin clock
2024-03-12 12:52:54,085 [INFO] PluginManage:359 - Loaded plugin clock (category:base,tabindex:2)
2024-03-12 12:52:54,085 [INFO] PluginManage:310 - Check plugin ddr
2024-03-12 12:52:54,088 [INFO] PluginManage:359 - Loaded plugin ddr (category:tool,tabindex:6)
2024-03-12 12:52:54,088 [INFO] PluginManage:310 - Check plugin filemanager
2024-03-12 12:52:54,357 [INFO] PluginManage:359 - Loaded plugin filemanager (category:base,tabindex:10)
2024-03-12 12:52:54,357 [INFO] PluginManage:310 - Check plugin ipmanager
2024-03-12 12:52:54,366 [INFO] PluginManage:359 - Loaded plugin ipmanager (category:base,tabindex:5)
2024-03-12 12:52:54,366 [INFO] PluginManage:310 - Check plugin lpbam
2024-03-12 12:52:54,387 [INFO] PluginManage:359 - Loaded plugin lpbam (category:base,tabindex:0)
2024-03-12 12:52:54,387 [INFO] PluginManage:310 - Check plugin memorymap
2024-03-12 12:52:54,414 [INFO] PluginManage:359 - Loaded plugin memorymap (category:base,tabindex:4)
2024-03-12 12:52:54,414 [INFO] PluginManage:310 - Check plugin pinoutandconfiguration
2024-03-12 12:52:54,436 [INFO] PluginManage:359 - Loaded plugin pinoutandconfiguration (category:base,tabindex:1)
2024-03-12 12:52:54,436 [INFO] PluginManage:310 - Check plugin pinoutconfig
2024-03-12 12:52:54,538 [WARN] SupportedApi:132 - Cannot load RTOS API schema: s4s-elt-must-match.1: The content of 'definitions' must match (annotation?, (simpleType | complexType)?, (unique | key | keyref)*)). A problem was found starting at: attribute.
2024-03-12 12:52:54,697 [INFO] PluginManage:359 - Loaded plugin pinoutconfig (category:base,tabindex:0)
2024-03-12 12:52:54,697 [INFO] PluginManage:310 - Check plugin power
2024-03-12 12:52:54,715 [INFO] PluginManage:359 - Loaded plugin power (category:power,tabindex:4)
2024-03-12 12:52:54,716 [INFO] PluginManage:310 - Check plugin projectmanager
2024-03-12 12:52:54,740 [INFO] PluginManage:359 - Loaded plugin projectmanager (category:projectmanager,tabindex:3)
2024-03-12 12:52:54,740 [INFO] PluginManage:310 - Check plugin thirdparty
2024-03-12 12:52:54,983 [INFO] PluginManage:359 - Loaded plugin thirdparty (category:base,tabindex:-1)
2024-03-12 12:52:54,983 [INFO] PluginManage:310 - Check plugin tools
2024-03-12 12:52:54,983 [WARN] IntegrityCheckThread:84 - waiting for thirdparty lock release [integrity check]
2024-03-12 12:52:54,984 [INFO] IntegrityCheckThread:86 - entering critical section [integrity check]
2024-03-12 12:52:54,984 [INFO] ThirdPartyUpdaterWithRetryManager:70 - Updater plugin not ready yet. [1/15]
2024-03-12 12:52:55,010 [INFO] PluginManage:359 - Loaded plugin tools (category:base,tabindex:7)
2024-03-12 12:52:55,010 [INFO] PluginManage:310 - Check plugin tutovideos
2024-03-12 12:52:55,229 [INFO] PluginManage:359 - Loaded plugin tutovideos (category:base,tabindex:-1)
2024-03-12 12:52:55,229 [INFO] PluginManage:310 - Check plugin updater
2024-03-12 12:52:55,241 [INFO] PluginManage:359 - Loaded plugin updater (category:base,tabindex:12)
2024-03-12 12:52:55,241 [INFO] PluginManage:310 - Check plugin userauth
2024-03-12 12:52:55,247 [INFO] UserAuth:114 - Init User Auth plugin
2024-03-12 12:52:55,247 [INFO] PluginManage:359 - Loaded plugin userauth (category:base,tabindex:14)
2024-03-12 12:52:55,248 [INFO] PluginManage:283 - PluginManage : Loaded plugins [17]
2024-03-12 12:52:55,455 [INFO] PinOutPanel:1499 - setPackage(No Configuration,No Configuration)
2024-03-12 12:52:55,530 [INFO] CADModel:165 - CPN selected for project level
2024-03-12 12:52:55,530 [INFO] CADModel:114 - Register for checkConnection events
2024-03-12 12:52:55,557 [INFO] IPUIPlugin:80 - create IPUIPlugin
2024-03-12 12:52:55,557 [INFO] PluginManager:220 - loadIPPluginJar : add adc
2024-03-12 12:52:55,582 [INFO] IPUIPlugin:80 - create IPUIPlugin
2024-03-12 12:52:55,582 [INFO] PluginManager:220 - loadIPPluginJar : add aes
2024-03-12 12:52:55,608 [INFO] IPUIPlugin:80 - create IPUIPlugin
2024-03-12 12:52:55,608 [INFO] PluginManager:220 - loadIPPluginJar : add can
2024-03-12 12:52:55,623 [INFO] IPUIPlugin:80 - create IPUIPlugin
2024-03-12 12:52:55,623 [INFO] PluginManager:220 - loadIPPluginJar : add comp
2024-03-12 12:52:55,646 [INFO] IPUIPlugin:80 - create IPUIPlugin
2024-03-12 12:52:55,646 [INFO] PluginManager:220 - loadIPPluginJar : add cryp
2024-03-12 12:52:55,668 [INFO] IPUIPlugin:80 - create IPUIPlugin
2024-03-12 12:52:55,668 [INFO] PluginManager:220 - loadIPPluginJar : add dfsdm
2024-03-12 12:52:55,681 [INFO] IPUIPlugin:80 - create IPUIPlugin
2024-03-12 12:52:55,681 [INFO] PluginManager:220 - loadIPPluginJar : add dma
2024-03-12 12:52:55,716 [INFO] IPUIPlugin:80 - create IPUIPlugin
2024-03-12 12:52:55,716 [INFO] PluginManager:220 - loadIPPluginJar : add dma3
2024-03-12 12:52:55,733 [INFO] IPUIPlugin:80 - create IPUIPlugin
2024-03-12 12:52:55,733 [INFO] PluginManager:220 - loadIPPluginJar : add fatfs
2024-03-12 12:52:55,769 [INFO] IPUIPlugin:80 - create IPUIPlugin
2024-03-12 12:52:55,769 [INFO] PluginManager:220 - loadIPPluginJar : add fmc
2024-03-12 12:52:55,783 [INFO] IPUIPlugin:80 - create IPUIPlugin
2024-03-12 12:52:55,783 [INFO] PluginManager:220 - loadIPPluginJar : add freertos
2024-03-12 12:52:55,799 [INFO] IPUIPlugin:80 - create IPUIPlugin
2024-03-12 12:52:55,799 [INFO] PluginManager:220 - loadIPPluginJar : add genericplugin
2024-03-12 12:52:55,860 [INFO] IPUIPlugin:80 - create IPUIPlugin
2024-03-12 12:52:55,860 [INFO] PluginManager:220 - loadIPPluginJar : add gfxmmu
2024-03-12 12:52:55,945 [INFO] IPUIPlugin:80 - create IPUIPlugin
2024-03-12 12:52:55,945 [INFO] PluginManager:220 - loadIPPluginJar : add gic
2024-03-12 12:52:55,956 [INFO] IPUIPlugin:80 - create IPUIPlugin
2024-03-12 12:52:55,956 [INFO] PluginManager:220 - loadIPPluginJar : add gpio
2024-03-12 12:52:56,021 [INFO] IPUIPlugin:80 - create IPUIPlugin
2024-03-12 12:52:56,021 [INFO] PluginManager:220 - loadIPPluginJar : add gtzc
2024-03-12 12:52:56,046 [INFO] IPUIPlugin:80 - create IPUIPlugin
2024-03-12 12:52:56,046 [INFO] PluginManager:220 - loadIPPluginJar : add hash
2024-03-12 12:52:56,091 [INFO] IPUIPlugin:80 - create IPUIPlugin
2024-03-12 12:52:56,092 [INFO] PluginManager:220 - loadIPPluginJar : add i2c
2024-03-12 12:52:56,118 [INFO] IPUIPlugin:80 - create IPUIPlugin
2024-03-12 12:52:56,118 [INFO] PluginManager:220 - loadIPPluginJar : add i2s
2024-03-12 12:52:56,154 [INFO] IPUIPlugin:80 - create IPUIPlugin
2024-03-12 12:52:56,154 [INFO] PluginManager:220 - loadIPPluginJar : add i3c
2024-03-12 12:52:56,223 [INFO] IPUIPlugin:80 - create IPUIPlugin
2024-03-12 12:52:56,223 [INFO] PluginManager:220 - loadIPPluginJar : add ipddr
2024-03-12 12:52:56,290 [INFO] IPUIPlugin:80 - create IPUIPlugin
2024-03-12 12:52:56,291 [INFO] PluginManager:220 - loadIPPluginJar : add linkedlist
2024-03-12 12:52:56,326 [INFO] IPUIPlugin:80 - create IPUIPlugin
2024-03-12 12:52:56,326 [INFO] PluginManager:220 - loadIPPluginJar : add lorawan
2024-03-12 12:52:56,349 [INFO] IPUIPlugin:80 - create IPUIPlugin
2024-03-12 12:52:56,349 [INFO] PluginManager:220 - loadIPPluginJar : add ltdc
2024-03-12 12:52:56,361 [INFO] IPUIPlugin:80 - create IPUIPlugin
2024-03-12 12:52:56,361 [INFO] PluginManager:220 - loadIPPluginJar : add mdma
2024-03-12 12:52:56,371 [INFO] IPUIPlugin:80 - create IPUIPlugin
2024-03-12 12:52:56,372 [INFO] PluginManager:220 - loadIPPluginJar : add nvic
2024-03-12 12:52:56,401 [INFO] IPUIPlugin:80 - create IPUIPlugin
2024-03-12 12:52:56,401 [INFO] PluginManager:220 - loadIPPluginJar : add opamp
2024-03-12 12:52:56,452 [INFO] IPUIPlugin:80 - create IPUIPlugin
2024-03-12 12:52:56,452 [INFO] PluginManager:220 - loadIPPluginJar : add openamp
2024-03-12 12:52:56,480 [INFO] IPUIPlugin:80 - create IPUIPlugin
2024-03-12 12:52:56,480 [INFO] PluginManager:220 - loadIPPluginJar : add pdm2pcm
2024-03-12 12:52:56,492 [INFO] IPUIPlugin:80 - create IPUIPlugin
2024-03-12 12:52:56,494 [INFO] PluginManager:220 - loadIPPluginJar : add plateformsettings
2024-03-12 12:52:56,512 [INFO] IPUIPlugin:80 - create IPUIPlugin
2024-03-12 12:52:56,512 [INFO] PluginManager:220 - loadIPPluginJar : add quadspi
2024-03-12 12:52:56,526 [INFO] IPUIPlugin:80 - create IPUIPlugin
2024-03-12 12:52:56,526 [INFO] PluginManager:220 - loadIPPluginJar : add resmgrutility
2024-03-12 12:52:56,563 [INFO] IPUIPlugin:80 - create IPUIPlugin
2024-03-12 12:52:56,563 [INFO] PluginManager:220 - loadIPPluginJar : add sai
2024-03-12 12:52:56,588 [INFO] IPUIPlugin:80 - create IPUIPlugin
2024-03-12 12:52:56,588 [INFO] PluginManager:220 - loadIPPluginJar : add spi
2024-03-12 12:52:56,637 [INFO] IPUIPlugin:80 - create IPUIPlugin
2024-03-12 12:52:56,637 [INFO] PluginManager:220 - loadIPPluginJar : add stm32_wpan
2024-03-12 12:52:56,652 [INFO] IPUIPlugin:80 - create IPUIPlugin
2024-03-12 12:52:56,652 [INFO] PluginManager:220 - loadIPPluginJar : add tim
2024-03-12 12:52:56,689 [INFO] IPUIPlugin:80 - create IPUIPlugin
2024-03-12 12:52:56,689 [INFO] PluginManager:220 - loadIPPluginJar : add touchsensing
2024-03-12 12:52:56,707 [INFO] IPUIPlugin:80 - create IPUIPlugin
2024-03-12 12:52:56,708 [INFO] PluginManager:220 - loadIPPluginJar : add tracer_emb
2024-03-12 12:52:56,725 [INFO] IPUIPlugin:80 - create IPUIPlugin
2024-03-12 12:52:56,725 [INFO] PluginManager:220 - loadIPPluginJar : add ts
2024-03-12 12:52:56,738 [INFO] IPUIPlugin:80 - create IPUIPlugin
2024-03-12 12:52:56,738 [INFO] PluginManager:220 - loadIPPluginJar : add tsc
2024-03-12 12:52:56,752 [INFO] IPUIPlugin:80 - create IPUIPlugin
2024-03-12 12:52:56,752 [INFO] PluginManager:220 - loadIPPluginJar : add ucpd
2024-03-12 12:52:56,780 [INFO] IPUIPlugin:80 - create IPUIPlugin
2024-03-12 12:52:56,780 [INFO] PluginManager:220 - loadIPPluginJar : add usart
2024-03-12 12:52:56,808 [INFO] IPUIPlugin:80 - create IPUIPlugin
2024-03-12 12:52:56,808 [INFO] PluginManager:220 - loadIPPluginJar : add usbx
2024-03-12 12:52:56,968 [INFO] CADModel:165 - CPN selected for project level
2024-03-12 12:52:56,969 [INFO] CADModel:114 - Register for checkConnection events
2024-03-12 12:52:56,969 [FATAL] Updater:308 - Updater called before beeing initialized
2024-03-12 12:52:56,970 [ERROR] CADModel:125 - Updater not yet initialized, retry later 
2024-03-12 12:52:57,174 [INFO] CADModel:165 - CPN selected for project level
2024-03-12 12:52:57,174 [INFO] CADModel:114 - Register for checkConnection events
2024-03-12 12:52:57,174 [FATAL] Updater:308 - Updater called before beeing initialized
2024-03-12 12:52:57,174 [ERROR] CADModel:125 - Updater not yet initialized, retry later 
2024-03-12 12:52:57,177 [FATAL] Updater:308 - Updater called before beeing initialized
2024-03-12 12:52:57,360 [FATAL] Updater:308 - Updater called before beeing initialized
2024-03-12 12:52:57,376 [INFO] DbMcusAds:53 - JSON generation date=Wed Nov 29 11:52:27 CET 2023 (1701255147349)
2024-03-12 12:52:57,376 [FATAL] Updater:308 - Updater called before beeing initialized
2024-03-12 12:52:57,416 [WARN] DetailPanel:346 - Failed to get advertising image, set to default
2024-03-12 12:52:57,561 [FATAL] Updater:308 - Updater called before beeing initialized
2024-03-12 12:52:57,579 [FATAL] Updater:308 - Updater called before beeing initialized
2024-03-12 12:52:57,579 [FATAL] Updater:308 - Updater called before beeing initialized
2024-03-12 12:52:57,579 [WARN] DetailPanel:346 - Failed to get advertising image, set to default
2024-03-12 12:52:57,581 [FATAL] Updater:308 - Updater called before beeing initialized
2024-03-12 12:52:57,667 [ERROR] Updater:1120 - MainUpdater not yet initialized. External WinMGr cannot be set.
2024-03-12 12:52:57,681 [INFO] Updater:1056 - Updater Version found : 6.10.0
2024-03-12 12:52:57,705 [INFO] ApplicationProperties:184 - Using Application install path: C:\ST\STM32CubeIDE_1.14.0\STM32CubeIDE\plugins\com.st.stm32cube.common.mx_6.10.0.202311202037
2024-03-12 12:52:57,996 [INFO] ThirdPartyUpdaterWithRetryManager:70 - Updater plugin not ready yet. [2/15]
2024-03-12 12:52:59,345 [ERROR] LogOutputStream:75 - [STDERR_REDIRECT] Mar 12, 2024 12:52:59 PM java.util.prefs.WindowsPreferences <init>
2024-03-12 12:52:59,347 [ERROR] LogOutputStream:75 - [STDERR_REDIRECT] WARNING: Could not open/create prefs root node Software\JavaSoft\Prefs at root 0xffffffff80000002. Windows RegCreateKeyEx(...) returned error code 5.
2024-03-12 12:52:59,347 [ERROR] LogOutputStream:75 - [STDERR_REDIRECT] 
2024-03-12 12:53:00,026 [INFO] MainUpdater:2873 - connection check result : 10
2024-03-12 12:53:00,029 [INFO] MainUpdater:290 - Updater Check For Update Now.
2024-03-12 12:53:00,029 [INFO] MicroXplorer:498 - Change Database Version : DB.6.0.100
2024-03-12 12:53:00,081 [INFO] McuFinderGlobals:63 - Set McuFinder mode to 2 (CubeIDE integrated)
2024-03-12 12:53:00,306 [INFO] CheckServerUpdateThread:120 - End of CheckServer Thread
2024-03-12 12:53:00,639 [INFO] UserAuth:404 - Internet connection configuration mode: 1
2024-03-12 12:53:00,697 [INFO] JxBrowserEngine:152 - Initiate JxBrowser Engine with user profile folder
2024-03-12 12:53:01,198 [WARN] PackLoader:240 - Cannot read IP mode file for STMicroelectronics.X-CUBE-SMBUS.2.1.0
2024-03-12 12:53:01,216 [WARN] PackLoader:240 - Cannot read IP mode file for STMicroelectronics.X-CUBE-TOUCHGFX.4.23.0
2024-03-12 12:53:01,273 [WARN] PackLoader:240 - Cannot read IP mode file for STMicroelectronics.X-CUBE-AZRTOS-F7.1.1.0
2024-03-12 12:53:01,308 [WARN] PackLoader:240 - Cannot read IP mode file for STMicroelectronics.FP-SNS-MOTENV1.4.3.2
2024-03-12 12:53:01,328 [WARN] PackLoader:240 - Cannot read IP mode file for STMicroelectronics.FP-SNS-FLIGHT1.5.0.2
2024-03-12 12:53:01,366 [WARN] PackLoader:240 - Cannot read IP mode file for STMicroelectronics.X-CUBE-DISPLAY.3.0.0
2024-03-12 12:53:01,428 [WARN] PackLoader:240 - Cannot read IP mode file for STMicroelectronics.X-CUBE-BLE1.7.0.0
2024-03-12 12:53:01,445 [WARN] PackLoader:240 - Cannot read IP mode file for emotas.I-CUBE-CANOPEN.1.3.0
2024-03-12 12:53:01,469 [WARN] PackLoader:240 - Cannot read IP mode file for STMicroelectronics.X-CUBE-BLEMGR.3.1.0
2024-03-12 12:53:01,494 [WARN] PackLoader:240 - Cannot read IP mode file for STMicroelectronics.FP-SNS-SMARTAG2.1.2.0
2024-03-12 12:53:01,531 [INFO] LogOutputStream:77 - [STDOUT_REDIRECT] 1 : Invalid condition id : UX_CORESTACK_Condition cause : null
2024-03-12 12:53:01,533 [INFO] LogOutputStream:77 - [STDOUT_REDIRECT] 1 : Invalid condition id : UX_CORESTACK_Condition cause : null
2024-03-12 12:53:01,534 [INFO] LogOutputStream:77 - [STDOUT_REDIRECT] 1 : Invalid condition id : UX_CORESTACK_Condition cause : null
2024-03-12 12:53:01,535 [INFO] LogOutputStream:77 - [STDOUT_REDIRECT] 1 : Invalid condition id : UX_CORESTACK_Condition cause : null
2024-03-12 12:53:01,536 [INFO] LogOutputStream:77 - [STDOUT_REDIRECT] 1 : Invalid condition id : UX_CORESTACK_Condition cause : null
2024-03-12 12:53:01,540 [WARN] PackLoader:240 - Cannot read IP mode file for STMicroelectronics.X-CUBE-AZRTOS-WL.2.0.0
2024-03-12 12:53:01,563 [WARN] PackLoader:240 - Cannot read IP mode file for WES.I-CUBE-Cesium.1.3.0
2024-03-12 12:53:01,585 [WARN] PackLoader:240 - Cannot read IP mode file for STMicroelectronics.X-CUBE-BLE2.3.3.0
2024-03-12 12:53:01,606 [WARN] PackLoader:240 - Cannot read IP mode file for STMicroelectronics.X-CUBE-ALGOBUILD.1.3.0
2024-03-12 12:53:01,638 [WARN] PackLoader:240 - Cannot read IP mode file for STMicroelectronics.X-CUBE-AZRTOS-G0.1.1.0
2024-03-12 12:53:01,656 [WARN] PackLoader:240 - Cannot read IP mode file for STMicroelectronics.X-CUBE-NFC4.3.0.0
2024-03-12 12:53:01,679 [WARN] PackLoader:240 - Cannot read IP mode file for STMicroelectronics.X-CUBE-BLEMGR.3.0.0
2024-03-12 12:53:01,707 [WARN] PackLoader:240 - Cannot read IP mode file for STMicroelectronics.FP-ATR-SIGFOX1.3.2.0
2024-03-12 12:53:01,727 [WARN] PackLoader:240 - Cannot read IP mode file for STMicroelectronics.X-CUBE-EEPRMA1.5.1.0
2024-03-12 12:53:01,804 [WARN] PackLoader:240 - Cannot read IP mode file for SEGGER.I-CUBE-embOS.1.3.1
2024-03-12 12:53:01,860 [WARN] PackLoader:240 - Cannot read IP mode file for STMicroelectronics.X-CUBE-GNSS1.6.0.0
2024-03-12 12:53:01,894 [WARN] PackLoader:240 - Cannot read IP mode file for STMicroelectronics.X-CUBE-AZRTOS-F4.1.1.0
2024-03-12 12:53:01,910 [WARN] PackLoader:240 - Cannot read IP mode file for wolfSSL.I-CUBE-wolfSSL.5.6.6
2024-03-12 12:53:01,948 [WARN] PackLoader:240 - Cannot read IP mode file for STMicroelectronics.X-CUBE-AZRTOS-L5.2.0.0
2024-03-12 12:53:01,969 [WARN] PackLoader:240 - Cannot read IP mode file for ITTIA_DB.I-CUBE-ITTIADB.8.8.0
2024-03-12 12:53:01,987 [WARN] PackLoader:240 - Cannot read IP mode file for STMicroelectronics.X-CUBE-NFC7.1.0.1
2024-03-12 12:53:02,007 [WARN] PackLoader:240 - Cannot read IP mode file for STMicroelectronics.X-CUBE-NFC6.3.0.0
2024-03-12 12:53:02,026 [WARN] PackLoader:240 - Cannot read IP mode file for STMicroelectronics.X-CUBE-AI.8.1.0
2024-03-12 12:53:02,064 [WARN] ConditionMgr:438 - getConditionDescription Invalid condition id : LAN8742 Phy interface Condition cause : null
2024-03-12 12:53:02,065 [WARN] PackLoader:240 - Cannot read IP mode file for STMicroelectronics.X-CUBE-AZRTOS-L4.2.0.0
2024-03-12 12:53:02,067 [WARN] ConditionMgr:1039 - genDependencies : Invalid condition id : LAN8742 Phy interface Condition cause : null
2024-03-12 12:53:02,068 [WARN] ConditionMgr:1039 - genDependencies : Invalid condition id : LAN8742 Phy interface Condition cause : null
2024-03-12 12:53:02,068 [WARN] ConditionMgr:1039 - genDependencies : Invalid condition id : LAN8742 Phy interface Condition cause : null
2024-03-12 12:53:02,087 [WARN] PackLoader:240 - Cannot read IP mode file for STMicroelectronics.X-CUBE-SFXS2LP1.4.0.0
2024-03-12 12:53:02,122 [WARN] ConditionMgr:438 - getConditionDescription Invalid condition id : UX DEVICE CLASS RTOS Condition cause : null
2024-03-12 12:53:02,123 [WARN] ConditionMgr:438 - getConditionDescription Invalid condition id : UX DEVICE CLASS RTOS Condition cause : null
2024-03-12 12:53:02,126 [WARN] PackLoader:240 - Cannot read IP mode file for STMicroelectronics.X-CUBE-AZRTOS-WB.2.0.0
2024-03-12 12:53:02,127 [WARN] ConditionMgr:1039 - genDependencies : Invalid condition id : UX DEVICE CLASS RTOS Condition cause : null
2024-03-12 12:53:02,127 [WARN] ConditionMgr:1039 - genDependencies : Invalid condition id : UX DEVICE CLASS RTOS Condition cause : null
2024-03-12 12:53:02,128 [WARN] ConditionMgr:1039 - genDependencies : Invalid condition id : UX DEVICE CLASS RTOS Condition cause : null
2024-03-12 12:53:02,128 [WARN] ConditionMgr:1039 - genDependencies : Invalid condition id : UX DEVICE CLASS RTOS Condition cause : null
2024-03-12 12:53:02,129 [WARN] ConditionMgr:1039 - genDependencies : Invalid condition id : UX DEVICE CLASS RTOS Condition cause : null
2024-03-12 12:53:02,160 [WARN] PackLoader:240 - Cannot read IP mode file for STMicroelectronics.X-CUBE-SUBG2.5.0.0
2024-03-12 12:53:02,210 [WARN] PackLoader:240 - Cannot read IP mode file for STMicroelectronics.X-CUBE-AZRTOS-G4.2.0.0
2024-03-12 12:53:02,269 [WARN] PackLoader:240 - Cannot read IP mode file for Infineon.AIROC-Wi-Fi-Bluetooth-STM32.1.5.1
2024-03-12 12:53:02,295 [WARN] PackLoader:240 - Cannot read IP mode file for STMicroelectronics.FP-SNS-MOTENVWB1.1.3.1
2024-03-12 12:53:02,312 [WARN] PackLoader:240 - Cannot read IP mode file for STMicroelectronics.X-CUBE-ISPU.2.0.0
2024-03-12 12:53:02,361 [WARN] PackLoader:240 - Cannot read IP mode file for STMicroelectronics.X-CUBE-MEMS1.10.0.0
2024-03-12 12:53:02,495 [WARN] PackLoader:240 - Cannot read IP mode file for STMicroelectronics.X-CUBE-FREERTOS.1.1.0
2024-03-12 12:53:02,510 [WARN] PackLoader:240 - Cannot read IP mode file for portGmbH.I-Cube-SoM-uGOAL.1.1.0
2024-03-12 12:53:02,524 [WARN] PackLoader:240 - Cannot read IP mode file for STMicroelectronics.X-CUBE-ALS.1.0.1
2024-03-12 12:53:02,540 [WARN] PackLoader:240 - Cannot read IP mode file for STMicroelectronics.FP-ATR-ASTRA1.2.0.0
2024-03-12 12:53:02,562 [WARN] PackLoader:240 - Cannot read IP mode file for STMicroelectronics.X-CUBE-TOF1.3.4.0
2024-03-12 12:53:02,592 [WARN] PackLoader:240 - Cannot read IP mode file for STMicroelectronics.X-CUBE-TOF1.3.4.1
2024-03-12 12:53:02,635 [WARN] PackLoader:240 - Cannot read IP mode file for STMicroelectronics.X-CUBE-AZRTOS-H7.3.2.0
2024-03-12 12:53:02,639 [INFO] ThirdParty:978 - Integrity check success = true
2024-03-12 12:53:02,639 [INFO] IntegrityCheckThread:100 - exiting critical section [integrity check]
2024-03-12 12:53:02,639 [INFO] IntegrityCheckThread:103 - End integrity checks thread
2024-03-12 12:53:03,715 [INFO] WebApp:161 - Instantiating new browser for Auth
2024-03-12 12:53:04,536 [INFO] WebApp:780 - Register for checkConnection events
2024-03-12 12:53:04,536 [INFO] WebApp:414 - Apply proxy settings
2024-03-12 12:53:04,537 [INFO] WebApp:499 - Chromium requires no authentication
2024-03-12 12:53:04,549 [INFO] WebApp:442 - Direct internet connection detected
2024-03-12 12:53:04,685 [INFO] WebApp:192 - Starting web application
2024-03-12 12:53:04,685 [INFO] WebApp:544 - Web application path used C:\ST\STM32CubeIDE_1.14.0\STM32CubeIDE\plugins\com.st.stm32cube.common.mx_6.10.0.202311202037\db\plugins\mcufinder\reactClient1\index.html
2024-03-12 12:53:21,969 [ERROR] LogOutputStream:75 - [STDERR_REDIRECT] 
2024-03-12 12:53:21,973 [ERROR] LogOutputStream:75 - [STDERR_REDIRECT] 
2024-03-12 16:47:40,557 [INFO] Activator:176 - 


2024-03-12 16:47:40,559 [INFO] Activator:177 - !SESSION log4j initialized
2024-03-12 16:47:47,615 [INFO] LogOutputStream:77 - [STDOUT_REDIRECT] 
2024-03-12 16:47:48,935 [INFO] ApplicationProperties:184 - Using Application install path: C:\ST\STM32CubeIDE_1.14.0\STM32CubeIDE\plugins\com.st.stm32cube.common.mx_6.10.0.202311202037
2024-03-12 16:47:48,958 [INFO] DbMcusXml:78 - Set database path to: C:\ST\STM32CubeIDE_1.14.0\STM32CubeIDE\plugins\com.st.stm32cube.common.mx_6.10.0.202311202037\\db\/mcu/
2024-03-12 16:47:48,958 [INFO] ApiDb:274 - Set plugin database path to: C:\ST\STM32CubeIDE_1.14.0\STM32CubeIDE\plugins\com.st.stm32cube.common.mx_6.10.0.202311202037\\db\/plugins/boardmanager/
2024-03-12 16:47:48,958 [WARN] ApiDb:259 - Overriding images path with different value:  => C:\ST\STM32CubeIDE_1.14.0\STM32CubeIDE\plugins\com.st.stm32cube.common.mx_6.10.0.202311202037\\db\/plugins/mcufinder/images/
2024-03-12 16:47:48,963 [INFO] ApiDb:250 - Set database path to: C:\Users\Juan\.stmcufinder\plugins\mcufinder//mcu/
2024-03-12 16:47:48,965 [INFO] DbMcusAds:125 - Set database path to: C:\Users\Juan\.stmcufinder\plugins\mcufinder//mcu/
2024-03-12 16:47:48,966 [INFO] CrossReferenceDbSqlite:203 - Set database path to: C:\Users\Juan\.stmcufinder\plugins\mcufinder//mcu/cs/
2024-03-12 16:47:49,089 [INFO] RulesReader:64 - Compatibility file has been processed (297 Rules)
2024-03-12 16:47:49,170 [INFO] DbMcusXml:78 - Set database path to: C:\ST\STM32CubeIDE_1.14.0\STM32CubeIDE\plugins\com.st.stm32cube.common.mx_6.10.0.202311202037\\db\/mcu/
2024-03-12 16:47:49,170 [INFO] ApiDb:274 - Set plugin database path to: C:\ST\STM32CubeIDE_1.14.0\STM32CubeIDE\plugins\com.st.stm32cube.common.mx_6.10.0.202311202037\\db\/plugins/boardmanager/
2024-03-12 16:47:49,171 [INFO] ApiDb:261 - Set plugin images path to: C:\ST\STM32CubeIDE_1.14.0\STM32CubeIDE\plugins\com.st.stm32cube.common.mx_6.10.0.202311202037\\db\/plugins/mcufinder/images/
2024-03-12 16:47:49,171 [WARN] DbFile:41 - Overriding database path with different value: C:\Users\Juan\.stmcufinder\plugins\mcufinder/ => C:\Users\Juan\.stmcufinder\plugins\mcufinder
2024-03-12 16:47:49,171 [INFO] ApiDb:250 - Set database path to: C:\Users\Juan\.stmcufinder\plugins\mcufinder//mcu/
2024-03-12 16:47:49,171 [WARN] DbFile:41 - Overriding database path with different value: C:\Users\Juan\.stmcufinder\plugins\mcufinder/ => C:\Users\Juan\.stmcufinder\plugins\mcufinder
2024-03-12 16:47:49,171 [INFO] DbMcusAds:125 - Set database path to: C:\Users\Juan\.stmcufinder\plugins\mcufinder//mcu/
2024-03-12 16:47:49,171 [WARN] DbFile:41 - Overriding database path with different value: C:\Users\Juan\.stmcufinder\plugins\mcufinder/ => C:\Users\Juan\.stmcufinder\plugins\mcufinder
2024-03-12 16:47:49,171 [WARN] DbFile:41 - Overriding database path with different value: C:\Users\Juan\.stmcufinder\plugins\mcufinder/ => C:\Users\Juan\.stmcufinder\plugins\mcufinder
2024-03-12 16:47:49,171 [INFO] CrossReferenceDbSqlite:203 - Set database path to: C:\Users\Juan\.stmcufinder\plugins\mcufinder//mcu/cs/
2024-03-12 16:47:49,240 [INFO] MainPanel:264 - HeapMemory: 268435456
2024-03-12 16:47:49,296 [INFO] DbMcusXml:78 - Set database path to: C:\ST\STM32CubeIDE_1.14.0\STM32CubeIDE\plugins\com.st.stm32cube.common.mx_6.10.0.202311202037\\db\/mcu/
2024-03-12 16:47:49,296 [INFO] ApiDb:274 - Set plugin database path to: C:\ST\STM32CubeIDE_1.14.0\STM32CubeIDE\plugins\com.st.stm32cube.common.mx_6.10.0.202311202037\\db\/plugins/boardmanager/
2024-03-12 16:47:49,297 [INFO] ApiDb:261 - Set plugin images path to: C:\ST\STM32CubeIDE_1.14.0\STM32CubeIDE\plugins\com.st.stm32cube.common.mx_6.10.0.202311202037\\db\/plugins/mcufinder/images/
2024-03-12 16:47:49,297 [WARN] DbFile:41 - Overriding database path with different value: C:\Users\Juan\.stmcufinder\plugins\mcufinder/ => C:\Users\Juan\.stmcufinder\plugins\mcufinder
2024-03-12 16:47:49,297 [INFO] ApiDb:250 - Set database path to: C:\Users\Juan\.stmcufinder\plugins\mcufinder//mcu/
2024-03-12 16:47:49,297 [WARN] DbFile:41 - Overriding database path with different value: C:\Users\Juan\.stmcufinder\plugins\mcufinder/ => C:\Users\Juan\.stmcufinder\plugins\mcufinder
2024-03-12 16:47:49,297 [INFO] DbMcusAds:125 - Set database path to: C:\Users\Juan\.stmcufinder\plugins\mcufinder//mcu/
2024-03-12 16:47:49,297 [WARN] DbFile:41 - Overriding database path with different value: C:\Users\Juan\.stmcufinder\plugins\mcufinder/ => C:\Users\Juan\.stmcufinder\plugins\mcufinder
2024-03-12 16:47:49,297 [WARN] DbFile:41 - Overriding database path with different value: C:\Users\Juan\.stmcufinder\plugins\mcufinder/ => C:\Users\Juan\.stmcufinder\plugins\mcufinder
2024-03-12 16:47:49,297 [INFO] CrossReferenceDbSqlite:203 - Set database path to: C:\Users\Juan\.stmcufinder\plugins\mcufinder//mcu/cs/
2024-03-12 16:47:49,312 [INFO] ApplicationProperties:184 - Using Application install path: C:\ST\STM32CubeIDE_1.14.0\STM32CubeIDE\plugins\com.st.stm32cube.common.mx_6.10.0.202311202037
2024-03-12 16:47:49,314 [INFO] PluginManage:196 - Search for loadable plugins [exclusion list=, ]
2024-03-12 16:47:49,315 [INFO] PluginManage:310 - Check plugin analytics
2024-03-12 16:47:49,655 [INFO] AnalyticsPlugin:253 - Accepted Software Licenses: STM32CubeMX.6.10.0
2024-03-12 16:47:49,655 [INFO] AnalyticsPlugin:255 - Accepted CMSIS Pack Licenses: 
2024-03-12 16:47:49,656 [INFO] AnalyticsPlugin:257 - Accepted Firmware Licenses: FW.C0.1.1.0,FW.F7.1.17.0,FW.L4.1.18.0,FW.L5.1.5.0,FW.U5.1.4.0
2024-03-12 16:47:49,661 [INFO] PluginManage:359 - Loaded plugin analytics (category:tool,tabindex:-1)
2024-03-12 16:47:49,662 [INFO] PluginManage:310 - Check plugin cadmodel
2024-03-12 16:47:49,670 [INFO] CADModel:105 - Init CAD model plugin
2024-03-12 16:47:49,670 [INFO] PluginManage:359 - Loaded plugin cadmodel (category:power,tabindex:5)
2024-03-12 16:47:49,670 [INFO] PluginManage:310 - Check plugin clock
2024-03-12 16:47:49,687 [INFO] PluginManage:359 - Loaded plugin clock (category:base,tabindex:2)
2024-03-12 16:47:49,688 [INFO] PluginManage:310 - Check plugin ddr
2024-03-12 16:47:49,690 [INFO] PluginManage:359 - Loaded plugin ddr (category:tool,tabindex:6)
2024-03-12 16:47:49,691 [INFO] PluginManage:310 - Check plugin filemanager
2024-03-12 16:47:49,860 [INFO] PluginManage:359 - Loaded plugin filemanager (category:base,tabindex:10)
2024-03-12 16:47:49,860 [INFO] PluginManage:310 - Check plugin ipmanager
2024-03-12 16:47:49,867 [INFO] PluginManage:359 - Loaded plugin ipmanager (category:base,tabindex:5)
2024-03-12 16:47:49,868 [INFO] PluginManage:310 - Check plugin lpbam
2024-03-12 16:47:49,881 [INFO] PluginManage:359 - Loaded plugin lpbam (category:base,tabindex:0)
2024-03-12 16:47:49,881 [INFO] PluginManage:310 - Check plugin memorymap
2024-03-12 16:47:49,894 [INFO] PluginManage:359 - Loaded plugin memorymap (category:base,tabindex:4)
2024-03-12 16:47:49,894 [INFO] PluginManage:310 - Check plugin pinoutandconfiguration
2024-03-12 16:47:49,902 [INFO] PluginManage:359 - Loaded plugin pinoutandconfiguration (category:base,tabindex:1)
2024-03-12 16:47:49,902 [INFO] PluginManage:310 - Check plugin pinoutconfig
2024-03-12 16:47:50,000 [WARN] SupportedApi:132 - Cannot load RTOS API schema: s4s-elt-must-match.1: The content of 'definitions' must match (annotation?, (simpleType | complexType)?, (unique | key | keyref)*)). A problem was found starting at: attribute.
2024-03-12 16:47:50,109 [INFO] PluginManage:359 - Loaded plugin pinoutconfig (category:base,tabindex:0)
2024-03-12 16:47:50,109 [INFO] PluginManage:310 - Check plugin power
2024-03-12 16:47:50,116 [INFO] PluginManage:359 - Loaded plugin power (category:power,tabindex:4)
2024-03-12 16:47:50,117 [INFO] PluginManage:310 - Check plugin projectmanager
2024-03-12 16:47:50,137 [INFO] PluginManage:359 - Loaded plugin projectmanager (category:projectmanager,tabindex:3)
2024-03-12 16:47:50,137 [INFO] PluginManage:310 - Check plugin thirdparty
2024-03-12 16:47:50,300 [INFO] PluginManage:359 - Loaded plugin thirdparty (category:base,tabindex:-1)
2024-03-12 16:47:50,301 [INFO] PluginManage:310 - Check plugin tools
2024-03-12 16:47:50,300 [WARN] IntegrityCheckThread:84 - waiting for thirdparty lock release [integrity check]
2024-03-12 16:47:50,301 [INFO] IntegrityCheckThread:86 - entering critical section [integrity check]
2024-03-12 16:47:50,303 [INFO] ThirdPartyUpdaterWithRetryManager:70 - Updater plugin not ready yet. [1/15]
2024-03-12 16:47:50,305 [INFO] PluginManage:359 - Loaded plugin tools (category:base,tabindex:7)
2024-03-12 16:47:50,306 [INFO] PluginManage:310 - Check plugin tutovideos
2024-03-12 16:47:50,475 [INFO] PluginManage:359 - Loaded plugin tutovideos (category:base,tabindex:-1)
2024-03-12 16:47:50,475 [INFO] PluginManage:310 - Check plugin updater
2024-03-12 16:47:50,485 [INFO] PluginManage:359 - Loaded plugin updater (category:base,tabindex:12)
2024-03-12 16:47:50,485 [INFO] PluginManage:310 - Check plugin userauth
2024-03-12 16:47:50,489 [INFO] UserAuth:114 - Init User Auth plugin
2024-03-12 16:47:50,489 [INFO] PluginManage:359 - Loaded plugin userauth (category:base,tabindex:14)
2024-03-12 16:47:50,489 [INFO] PluginManage:283 - PluginManage : Loaded plugins [17]
2024-03-12 16:47:50,776 [INFO] PinOutPanel:1499 - setPackage(No Configuration,No Configuration)
2024-03-12 16:47:50,861 [INFO] CADModel:165 - CPN selected for project level
2024-03-12 16:47:50,862 [INFO] CADModel:114 - Register for checkConnection events
2024-03-12 16:47:50,879 [INFO] IPUIPlugin:80 - create IPUIPlugin
2024-03-12 16:47:50,879 [INFO] PluginManager:220 - loadIPPluginJar : add adc
2024-03-12 16:47:50,882 [INFO] IPUIPlugin:80 - create IPUIPlugin
2024-03-12 16:47:50,882 [INFO] PluginManager:220 - loadIPPluginJar : add aes
2024-03-12 16:47:50,884 [INFO] IPUIPlugin:80 - create IPUIPlugin
2024-03-12 16:47:50,884 [INFO] PluginManager:220 - loadIPPluginJar : add can
2024-03-12 16:47:50,886 [INFO] IPUIPlugin:80 - create IPUIPlugin
2024-03-12 16:47:50,887 [INFO] PluginManager:220 - loadIPPluginJar : add comp
2024-03-12 16:47:50,888 [INFO] IPUIPlugin:80 - create IPUIPlugin
2024-03-12 16:47:50,888 [INFO] PluginManager:220 - loadIPPluginJar : add cryp
2024-03-12 16:47:50,890 [INFO] IPUIPlugin:80 - create IPUIPlugin
2024-03-12 16:47:50,891 [INFO] PluginManager:220 - loadIPPluginJar : add dfsdm
2024-03-12 16:47:50,896 [INFO] IPUIPlugin:80 - create IPUIPlugin
2024-03-12 16:47:50,897 [INFO] PluginManager:220 - loadIPPluginJar : add dma
2024-03-12 16:47:50,898 [INFO] IPUIPlugin:80 - create IPUIPlugin
2024-03-12 16:47:50,898 [INFO] PluginManager:220 - loadIPPluginJar : add dma3
2024-03-12 16:47:50,899 [INFO] IPUIPlugin:80 - create IPUIPlugin
2024-03-12 16:47:50,899 [INFO] PluginManager:220 - loadIPPluginJar : add fatfs
2024-03-12 16:47:50,902 [INFO] IPUIPlugin:80 - create IPUIPlugin
2024-03-12 16:47:50,902 [INFO] PluginManager:220 - loadIPPluginJar : add fmc
2024-03-12 16:47:50,906 [INFO] IPUIPlugin:80 - create IPUIPlugin
2024-03-12 16:47:50,906 [INFO] PluginManager:220 - loadIPPluginJar : add freertos
2024-03-12 16:47:50,907 [INFO] IPUIPlugin:80 - create IPUIPlugin
2024-03-12 16:47:50,907 [INFO] PluginManager:220 - loadIPPluginJar : add genericplugin
2024-03-12 16:47:50,908 [INFO] IPUIPlugin:80 - create IPUIPlugin
2024-03-12 16:47:50,909 [INFO] PluginManager:220 - loadIPPluginJar : add gfxmmu
2024-03-12 16:47:50,913 [INFO] IPUIPlugin:80 - create IPUIPlugin
2024-03-12 16:47:50,913 [INFO] PluginManager:220 - loadIPPluginJar : add gic
2024-03-12 16:47:50,917 [INFO] IPUIPlugin:80 - create IPUIPlugin
2024-03-12 16:47:50,917 [INFO] PluginManager:220 - loadIPPluginJar : add gpio
2024-03-12 16:47:50,919 [INFO] IPUIPlugin:80 - create IPUIPlugin
2024-03-12 16:47:50,919 [INFO] PluginManager:220 - loadIPPluginJar : add gtzc
2024-03-12 16:47:50,920 [INFO] IPUIPlugin:80 - create IPUIPlugin
2024-03-12 16:47:50,920 [INFO] PluginManager:220 - loadIPPluginJar : add hash
2024-03-12 16:47:50,922 [INFO] IPUIPlugin:80 - create IPUIPlugin
2024-03-12 16:47:50,922 [INFO] PluginManager:220 - loadIPPluginJar : add i2c
2024-03-12 16:47:50,925 [INFO] IPUIPlugin:80 - create IPUIPlugin
2024-03-12 16:47:50,925 [INFO] PluginManager:220 - loadIPPluginJar : add i2s
2024-03-12 16:47:50,928 [INFO] IPUIPlugin:80 - create IPUIPlugin
2024-03-12 16:47:50,928 [INFO] PluginManager:220 - loadIPPluginJar : add i3c
2024-03-12 16:47:50,951 [INFO] IPUIPlugin:80 - create IPUIPlugin
2024-03-12 16:47:50,951 [INFO] PluginManager:220 - loadIPPluginJar : add ipddr
2024-03-12 16:47:50,965 [INFO] IPUIPlugin:80 - create IPUIPlugin
2024-03-12 16:47:50,966 [INFO] PluginManager:220 - loadIPPluginJar : add linkedlist
2024-03-12 16:47:50,974 [INFO] IPUIPlugin:80 - create IPUIPlugin
2024-03-12 16:47:50,974 [INFO] PluginManager:220 - loadIPPluginJar : add lorawan
2024-03-12 16:47:50,979 [INFO] IPUIPlugin:80 - create IPUIPlugin
2024-03-12 16:47:50,980 [INFO] PluginManager:220 - loadIPPluginJar : add ltdc
2024-03-12 16:47:50,995 [INFO] IPUIPlugin:80 - create IPUIPlugin
2024-03-12 16:47:50,996 [INFO] PluginManager:220 - loadIPPluginJar : add mdma
2024-03-12 16:47:51,000 [INFO] IPUIPlugin:80 - create IPUIPlugin
2024-03-12 16:47:51,000 [INFO] PluginManager:220 - loadIPPluginJar : add nvic
2024-03-12 16:47:51,002 [INFO] IPUIPlugin:80 - create IPUIPlugin
2024-03-12 16:47:51,002 [INFO] PluginManager:220 - loadIPPluginJar : add opamp
2024-03-12 16:47:51,004 [INFO] IPUIPlugin:80 - create IPUIPlugin
2024-03-12 16:47:51,004 [INFO] PluginManager:220 - loadIPPluginJar : add openamp
2024-03-12 16:47:51,008 [INFO] IPUIPlugin:80 - create IPUIPlugin
2024-03-12 16:47:51,008 [INFO] PluginManager:220 - loadIPPluginJar : add pdm2pcm
2024-03-12 16:47:51,016 [INFO] IPUIPlugin:80 - create IPUIPlugin
2024-03-12 16:47:51,021 [INFO] PluginManager:220 - loadIPPluginJar : add plateformsettings
2024-03-12 16:47:51,023 [INFO] IPUIPlugin:80 - create IPUIPlugin
2024-03-12 16:47:51,023 [INFO] PluginManager:220 - loadIPPluginJar : add quadspi
2024-03-12 16:47:51,026 [INFO] IPUIPlugin:80 - create IPUIPlugin
2024-03-12 16:47:51,026 [INFO] PluginManager:220 - loadIPPluginJar : add resmgrutility
2024-03-12 16:47:51,029 [INFO] IPUIPlugin:80 - create IPUIPlugin
2024-03-12 16:47:51,030 [INFO] PluginManager:220 - loadIPPluginJar : add sai
2024-03-12 16:47:51,032 [INFO] IPUIPlugin:80 - create IPUIPlugin
2024-03-12 16:47:51,032 [INFO] PluginManager:220 - loadIPPluginJar : add spi
2024-03-12 16:47:51,037 [INFO] IPUIPlugin:80 - create IPUIPlugin
2024-03-12 16:47:51,037 [INFO] PluginManager:220 - loadIPPluginJar : add stm32_wpan
2024-03-12 16:47:51,039 [INFO] IPUIPlugin:80 - create IPUIPlugin
2024-03-12 16:47:51,039 [INFO] PluginManager:220 - loadIPPluginJar : add tim
2024-03-12 16:47:51,042 [INFO] IPUIPlugin:80 - create IPUIPlugin
2024-03-12 16:47:51,042 [INFO] PluginManager:220 - loadIPPluginJar : add touchsensing
2024-03-12 16:47:51,044 [INFO] IPUIPlugin:80 - create IPUIPlugin
2024-03-12 16:47:51,044 [INFO] PluginManager:220 - loadIPPluginJar : add tracer_emb
2024-03-12 16:47:51,045 [INFO] IPUIPlugin:80 - create IPUIPlugin
2024-03-12 16:47:51,045 [INFO] PluginManager:220 - loadIPPluginJar : add ts
2024-03-12 16:47:51,046 [INFO] IPUIPlugin:80 - create IPUIPlugin
2024-03-12 16:47:51,046 [INFO] PluginManager:220 - loadIPPluginJar : add tsc
2024-03-12 16:47:51,048 [INFO] IPUIPlugin:80 - create IPUIPlugin
2024-03-12 16:47:51,048 [INFO] PluginManager:220 - loadIPPluginJar : add ucpd
2024-03-12 16:47:51,049 [INFO] IPUIPlugin:80 - create IPUIPlugin
2024-03-12 16:47:51,049 [INFO] PluginManager:220 - loadIPPluginJar : add usart
2024-03-12 16:47:51,052 [INFO] IPUIPlugin:80 - create IPUIPlugin
2024-03-12 16:47:51,052 [INFO] PluginManager:220 - loadIPPluginJar : add usbx
2024-03-12 16:47:51,216 [INFO] CADModel:165 - CPN selected for project level
2024-03-12 16:47:51,217 [INFO] CADModel:114 - Register for checkConnection events
2024-03-12 16:47:51,217 [FATAL] Updater:308 - Updater called before beeing initialized
2024-03-12 16:47:51,217 [ERROR] CADModel:125 - Updater not yet initialized, retry later 
2024-03-12 16:47:51,451 [INFO] CADModel:165 - CPN selected for project level
2024-03-12 16:47:51,451 [INFO] CADModel:114 - Register for checkConnection events
2024-03-12 16:47:51,451 [FATAL] Updater:308 - Updater called before beeing initialized
2024-03-12 16:47:51,451 [ERROR] CADModel:125 - Updater not yet initialized, retry later 
2024-03-12 16:47:51,457 [FATAL] Updater:308 - Updater called before beeing initialized
2024-03-12 16:47:51,647 [FATAL] Updater:308 - Updater called before beeing initialized
2024-03-12 16:47:51,653 [INFO] DbMcusAds:53 - JSON generation date=Wed Nov 29 11:52:27 CET 2023 (1701255147349)
2024-03-12 16:47:51,653 [FATAL] Updater:308 - Updater called before beeing initialized
2024-03-12 16:47:51,690 [WARN] DetailPanel:346 - Failed to get advertising image, set to default
2024-03-12 16:47:51,811 [FATAL] Updater:308 - Updater called before beeing initialized
2024-03-12 16:47:51,812 [FATAL] Updater:308 - Updater called before beeing initialized
2024-03-12 16:47:51,812 [FATAL] Updater:308 - Updater called before beeing initialized
2024-03-12 16:47:51,812 [WARN] DetailPanel:346 - Failed to get advertising image, set to default
2024-03-12 16:47:51,813 [FATAL] Updater:308 - Updater called before beeing initialized
2024-03-12 16:47:51,890 [ERROR] Updater:1120 - MainUpdater not yet initialized. External WinMGr cannot be set.
2024-03-12 16:47:51,892 [INFO] Updater:1056 - Updater Version found : 6.10.0
2024-03-12 16:47:51,914 [INFO] ApplicationProperties:184 - Using Application install path: C:\ST\STM32CubeIDE_1.14.0\STM32CubeIDE\plugins\com.st.stm32cube.common.mx_6.10.0.202311202037
2024-03-12 16:47:53,304 [INFO] ThirdPartyUpdaterWithRetryManager:70 - Updater plugin not ready yet. [2/15]
2024-03-12 16:47:53,496 [ERROR] LogOutputStream:75 - [STDERR_REDIRECT] Mar 12, 2024 4:47:53 PM java.util.prefs.WindowsPreferences <init>
2024-03-12 16:47:53,501 [ERROR] LogOutputStream:75 - [STDERR_REDIRECT] WARNING: Could not open/create prefs root node Software\JavaSoft\Prefs at root 0xffffffff80000002. Windows RegCreateKeyEx(...) returned error code 5.
2024-03-12 16:47:53,501 [ERROR] LogOutputStream:75 - [STDERR_REDIRECT] 
2024-03-12 16:47:53,995 [INFO] MainUpdater:2873 - connection check result : 10
2024-03-12 16:47:53,996 [INFO] MainUpdater:290 - Updater Check For Update Now.
2024-03-12 16:47:53,997 [INFO] MicroXplorer:498 - Change Database Version : DB.6.0.100
2024-03-12 16:47:54,040 [INFO] McuFinderGlobals:63 - Set McuFinder mode to 2 (CubeIDE integrated)
2024-03-12 16:47:54,282 [INFO] CheckServerUpdateThread:120 - End of CheckServer Thread
2024-03-12 16:47:54,625 [INFO] UserAuth:404 - Internet connection configuration mode: 1
2024-03-12 16:47:54,641 [INFO] JxBrowserEngine:152 - Initiate JxBrowser Engine with user profile folder
2024-03-12 16:47:56,016 [INFO] WebApp:161 - Instantiating new browser for Auth
2024-03-12 16:47:56,560 [WARN] PackLoader:240 - Cannot read IP mode file for STMicroelectronics.X-CUBE-SMBUS.2.1.0
2024-03-12 16:47:56,581 [WARN] PackLoader:240 - Cannot read IP mode file for STMicroelectronics.X-CUBE-TOUCHGFX.4.23.0
2024-03-12 16:47:56,638 [WARN] PackLoader:240 - Cannot read IP mode file for STMicroelectronics.X-CUBE-AZRTOS-F7.1.1.0
2024-03-12 16:47:56,670 [WARN] PackLoader:240 - Cannot read IP mode file for STMicroelectronics.FP-SNS-MOTENV1.4.3.2
2024-03-12 16:47:56,703 [WARN] PackLoader:240 - Cannot read IP mode file for STMicroelectronics.FP-SNS-FLIGHT1.5.0.2
2024-03-12 16:47:56,729 [WARN] PackLoader:240 - Cannot read IP mode file for STMicroelectronics.X-CUBE-DISPLAY.3.0.0
2024-03-12 16:47:56,784 [WARN] PackLoader:240 - Cannot read IP mode file for STMicroelectronics.X-CUBE-BLE1.7.0.0
2024-03-12 16:47:56,803 [WARN] PackLoader:240 - Cannot read IP mode file for emotas.I-CUBE-CANOPEN.1.3.0
2024-03-12 16:47:56,834 [WARN] PackLoader:240 - Cannot read IP mode file for STMicroelectronics.X-CUBE-BLEMGR.3.1.0
2024-03-12 16:47:56,860 [WARN] PackLoader:240 - Cannot read IP mode file for STMicroelectronics.FP-SNS-SMARTAG2.1.2.0
2024-03-12 16:47:56,892 [INFO] LogOutputStream:77 - [STDOUT_REDIRECT] 1 : Invalid condition id : UX_CORESTACK_Condition cause : null
2024-03-12 16:47:56,894 [INFO] LogOutputStream:77 - [STDOUT_REDIRECT] 1 : Invalid condition id : UX_CORESTACK_Condition cause : null
2024-03-12 16:47:56,895 [INFO] LogOutputStream:77 - [STDOUT_REDIRECT] 1 : Invalid condition id : UX_CORESTACK_Condition cause : null
2024-03-12 16:47:56,898 [INFO] LogOutputStream:77 - [STDOUT_REDIRECT] 1 : Invalid condition id : UX_CORESTACK_Condition cause : null
2024-03-12 16:47:56,899 [INFO] LogOutputStream:77 - [STDOUT_REDIRECT] 1 : Invalid condition id : UX_CORESTACK_Condition cause : null
2024-03-12 16:47:56,903 [WARN] PackLoader:240 - Cannot read IP mode file for STMicroelectronics.X-CUBE-AZRTOS-WL.2.0.0
2024-03-12 16:47:56,926 [WARN] PackLoader:240 - Cannot read IP mode file for WES.I-CUBE-Cesium.1.3.0
2024-03-12 16:47:56,943 [WARN] PackLoader:240 - Cannot read IP mode file for STMicroelectronics.X-CUBE-BLE2.3.3.0
2024-03-12 16:47:56,963 [WARN] PackLoader:240 - Cannot read IP mode file for STMicroelectronics.X-CUBE-ALGOBUILD.1.3.0
2024-03-12 16:47:56,998 [WARN] PackLoader:240 - Cannot read IP mode file for STMicroelectronics.X-CUBE-AZRTOS-G0.1.1.0
2024-03-12 16:47:57,021 [WARN] PackLoader:240 - Cannot read IP mode file for STMicroelectronics.X-CUBE-NFC4.3.0.0
2024-03-12 16:47:57,043 [WARN] PackLoader:240 - Cannot read IP mode file for STMicroelectronics.X-CUBE-BLEMGR.3.0.0
2024-03-12 16:47:57,060 [WARN] PackLoader:240 - Cannot read IP mode file for STMicroelectronics.FP-ATR-SIGFOX1.3.2.0
2024-03-12 16:47:57,079 [WARN] PackLoader:240 - Cannot read IP mode file for STMicroelectronics.X-CUBE-EEPRMA1.5.1.0
2024-03-12 16:47:57,131 [WARN] PackLoader:240 - Cannot read IP mode file for SEGGER.I-CUBE-embOS.1.3.1
2024-03-12 16:47:57,203 [WARN] PackLoader:240 - Cannot read IP mode file for STMicroelectronics.X-CUBE-GNSS1.6.0.0
2024-03-12 16:47:57,248 [WARN] PackLoader:240 - Cannot read IP mode file for STMicroelectronics.X-CUBE-AZRTOS-F4.1.1.0
2024-03-12 16:47:57,271 [WARN] PackLoader:240 - Cannot read IP mode file for wolfSSL.I-CUBE-wolfSSL.5.6.6
2024-03-12 16:47:57,350 [WARN] PackLoader:240 - Cannot read IP mode file for STMicroelectronics.X-CUBE-AZRTOS-L5.2.0.0
2024-03-12 16:47:57,374 [WARN] PackLoader:240 - Cannot read IP mode file for ITTIA_DB.I-CUBE-ITTIADB.8.8.0
2024-03-12 16:47:57,392 [WARN] PackLoader:240 - Cannot read IP mode file for STMicroelectronics.X-CUBE-NFC7.1.0.1
2024-03-12 16:47:57,427 [WARN] PackLoader:240 - Cannot read IP mode file for STMicroelectronics.X-CUBE-NFC6.3.0.0
2024-03-12 16:47:57,463 [WARN] PackLoader:240 - Cannot read IP mode file for STMicroelectronics.X-CUBE-AI.8.1.0
2024-03-12 16:47:57,521 [WARN] ConditionMgr:438 - getConditionDescription Invalid condition id : LAN8742 Phy interface Condition cause : null
2024-03-12 16:47:57,522 [WARN] PackLoader:240 - Cannot read IP mode file for STMicroelectronics.X-CUBE-AZRTOS-L4.2.0.0
2024-03-12 16:47:57,524 [WARN] ConditionMgr:1039 - genDependencies : Invalid condition id : LAN8742 Phy interface Condition cause : null
2024-03-12 16:47:57,525 [WARN] ConditionMgr:1039 - genDependencies : Invalid condition id : LAN8742 Phy interface Condition cause : null
2024-03-12 16:47:57,525 [WARN] ConditionMgr:1039 - genDependencies : Invalid condition id : LAN8742 Phy interface Condition cause : null
2024-03-12 16:47:57,548 [WARN] PackLoader:240 - Cannot read IP mode file for STMicroelectronics.X-CUBE-SFXS2LP1.4.0.0
2024-03-12 16:47:57,580 [WARN] ConditionMgr:438 - getConditionDescription Invalid condition id : UX DEVICE CLASS RTOS Condition cause : null
2024-03-12 16:47:57,581 [WARN] ConditionMgr:438 - getConditionDescription Invalid condition id : UX DEVICE CLASS RTOS Condition cause : null
2024-03-12 16:47:57,582 [WARN] PackLoader:240 - Cannot read IP mode file for STMicroelectronics.X-CUBE-AZRTOS-WB.2.0.0
2024-03-12 16:47:57,584 [WARN] ConditionMgr:1039 - genDependencies : Invalid condition id : UX DEVICE CLASS RTOS Condition cause : null
2024-03-12 16:47:57,584 [WARN] ConditionMgr:1039 - genDependencies : Invalid condition id : UX DEVICE CLASS RTOS Condition cause : null
2024-03-12 16:47:57,585 [WARN] ConditionMgr:1039 - genDependencies : Invalid condition id : UX DEVICE CLASS RTOS Condition cause : null
2024-03-12 16:47:57,586 [WARN] ConditionMgr:1039 - genDependencies : Invalid condition id : UX DEVICE CLASS RTOS Condition cause : null
2024-03-12 16:47:57,586 [WARN] ConditionMgr:1039 - genDependencies : Invalid condition id : UX DEVICE CLASS RTOS Condition cause : null
2024-03-12 16:47:57,618 [WARN] PackLoader:240 - Cannot read IP mode file for STMicroelectronics.X-CUBE-SUBG2.5.0.0
2024-03-12 16:47:57,664 [WARN] PackLoader:240 - Cannot read IP mode file for STMicroelectronics.X-CUBE-AZRTOS-G4.2.0.0
2024-03-12 16:47:57,704 [WARN] PackLoader:240 - Cannot read IP mode file for Infineon.AIROC-Wi-Fi-Bluetooth-STM32.1.5.1
2024-03-12 16:47:57,731 [WARN] PackLoader:240 - Cannot read IP mode file for STMicroelectronics.FP-SNS-MOTENVWB1.1.3.1
2024-03-12 16:47:57,762 [INFO] WebApp:780 - Register for checkConnection events
2024-03-12 16:47:57,762 [WARN] PackLoader:240 - Cannot read IP mode file for STMicroelectronics.X-CUBE-ISPU.2.0.0
2024-03-12 16:47:57,762 [INFO] WebApp:414 - Apply proxy settings
2024-03-12 16:47:57,763 [INFO] WebApp:499 - Chromium requires no authentication
2024-03-12 16:47:57,855 [WARN] PackLoader:240 - Cannot read IP mode file for STMicroelectronics.X-CUBE-MEMS1.10.0.0
2024-03-12 16:47:57,887 [INFO] WebApp:442 - Direct internet connection detected
2024-03-12 16:47:58,043 [WARN] PackLoader:240 - Cannot read IP mode file for STMicroelectronics.X-CUBE-FREERTOS.1.1.0
2024-03-12 16:47:58,065 [WARN] PackLoader:240 - Cannot read IP mode file for portGmbH.I-Cube-SoM-uGOAL.1.1.0
2024-03-12 16:47:58,087 [WARN] PackLoader:240 - Cannot read IP mode file for STMicroelectronics.X-CUBE-ALS.1.0.1
2024-03-12 16:47:58,108 [WARN] PackLoader:240 - Cannot read IP mode file for STMicroelectronics.FP-ATR-ASTRA1.2.0.0
2024-03-12 16:47:58,137 [WARN] PackLoader:240 - Cannot read IP mode file for STMicroelectronics.X-CUBE-TOF1.3.4.0
2024-03-12 16:47:58,180 [WARN] PackLoader:240 - Cannot read IP mode file for STMicroelectronics.X-CUBE-TOF1.3.4.1
2024-03-12 16:47:58,250 [WARN] PackLoader:240 - Cannot read IP mode file for STMicroelectronics.X-CUBE-AZRTOS-H7.3.2.0
2024-03-12 16:47:58,255 [INFO] ThirdParty:978 - Integrity check success = true
2024-03-12 16:47:58,256 [INFO] IntegrityCheckThread:100 - exiting critical section [integrity check]
2024-03-12 16:47:58,256 [INFO] IntegrityCheckThread:103 - End integrity checks thread
2024-03-12 16:47:59,012 [INFO] WebApp:192 - Starting web application
2024-03-12 16:47:59,013 [INFO] WebApp:544 - Web application path used C:\ST\STM32CubeIDE_1.14.0\STM32CubeIDE\plugins\com.st.stm32cube.common.mx_6.10.0.202311202037\db\plugins\mcufinder\reactClient1\index.html
2024-03-12 16:48:20,296 [ERROR] LogOutputStream:75 - [STDERR_REDIRECT] SLF4J: Failed to load class "org.slf4j.impl.StaticLoggerBinder".
2024-03-12 16:48:20,297 [ERROR] LogOutputStream:75 - [STDERR_REDIRECT] SLF4J: Defaulting to no-operation (NOP) logger implementation
2024-03-12 16:48:20,297 [ERROR] LogOutputStream:75 - [STDERR_REDIRECT] SLF4J: See http://www.slf4j.org/codes.html#StaticLoggerBinder for further details.
2024-03-12 17:13:38,792 [ERROR] LogOutputStream:75 - [STDERR_REDIRECT] 
2024-03-12 17:13:38,795 [ERROR] LogOutputStream:75 - [STDERR_REDIRECT] 
