2024-03-14 20:30:56,030 [INFO] Activator:176 - 


2024-03-14 20:30:56,033 [INFO] Activator:177 - !SESSION log4j initialized
2024-03-14 20:31:00,930 [INFO] LogOutputStream:77 - [STDOUT_REDIRECT] 
2024-03-14 20:31:01,812 [INFO] ApplicationProperties:184 - Using Application install path: C:\ST\STM32CubeIDE_1.14.0\STM32CubeIDE\plugins\com.st.stm32cube.common.mx_6.10.0.202311202037
2024-03-14 20:31:01,828 [INFO] DbMcusXml:78 - Set database path to: C:\ST\STM32CubeIDE_1.14.0\STM32CubeIDE\plugins\com.st.stm32cube.common.mx_6.10.0.202311202037\\db\/mcu/
2024-03-14 20:31:01,828 [INFO] ApiDb:274 - Set plugin database path to: C:\ST\STM32CubeIDE_1.14.0\STM32CubeIDE\plugins\com.st.stm32cube.common.mx_6.10.0.202311202037\\db\/plugins/boardmanager/
2024-03-14 20:31:01,828 [WARN] ApiDb:259 - Overriding images path with different value:  => C:\ST\STM32CubeIDE_1.14.0\STM32CubeIDE\plugins\com.st.stm32cube.common.mx_6.10.0.202311202037\\db\/plugins/mcufinder/images/
2024-03-14 20:31:01,840 [INFO] ApiDb:250 - Set database path to: C:\Users\Juan\.stmcufinder\plugins\mcufinder//mcu/
2024-03-14 20:31:01,842 [INFO] DbMcusAds:125 - Set database path to: C:\Users\Juan\.stmcufinder\plugins\mcufinder//mcu/
2024-03-14 20:31:01,843 [INFO] CrossReferenceDbSqlite:203 - Set database path to: C:\Users\Juan\.stmcufinder\plugins\mcufinder//mcu/cs/
2024-03-14 20:31:01,923 [INFO] RulesReader:64 - Compatibility file has been processed (297 Rules)
2024-03-14 20:31:01,990 [INFO] DbMcusXml:78 - Set database path to: C:\ST\STM32CubeIDE_1.14.0\STM32CubeIDE\plugins\com.st.stm32cube.common.mx_6.10.0.202311202037\\db\/mcu/
2024-03-14 20:31:01,990 [INFO] ApiDb:274 - Set plugin database path to: C:\ST\STM32CubeIDE_1.14.0\STM32CubeIDE\plugins\com.st.stm32cube.common.mx_6.10.0.202311202037\\db\/plugins/boardmanager/
2024-03-14 20:31:01,991 [INFO] ApiDb:261 - Set plugin images path to: C:\ST\STM32CubeIDE_1.14.0\STM32CubeIDE\plugins\com.st.stm32cube.common.mx_6.10.0.202311202037\\db\/plugins/mcufinder/images/
2024-03-14 20:31:01,991 [WARN] DbFile:41 - Overriding database path with different value: C:\Users\Juan\.stmcufinder\plugins\mcufinder/ => C:\Users\Juan\.stmcufinder\plugins\mcufinder
2024-03-14 20:31:01,991 [INFO] ApiDb:250 - Set database path to: C:\Users\Juan\.stmcufinder\plugins\mcufinder//mcu/
2024-03-14 20:31:01,991 [WARN] DbFile:41 - Overriding database path with different value: C:\Users\Juan\.stmcufinder\plugins\mcufinder/ => C:\Users\Juan\.stmcufinder\plugins\mcufinder
2024-03-14 20:31:01,991 [INFO] DbMcusAds:125 - Set database path to: C:\Users\Juan\.stmcufinder\plugins\mcufinder//mcu/
2024-03-14 20:31:01,991 [WARN] DbFile:41 - Overriding database path with different value: C:\Users\Juan\.stmcufinder\plugins\mcufinder/ => C:\Users\Juan\.stmcufinder\plugins\mcufinder
2024-03-14 20:31:01,991 [WARN] DbFile:41 - Overriding database path with different value: C:\Users\Juan\.stmcufinder\plugins\mcufinder/ => C:\Users\Juan\.stmcufinder\plugins\mcufinder
2024-03-14 20:31:01,991 [INFO] CrossReferenceDbSqlite:203 - Set database path to: C:\Users\Juan\.stmcufinder\plugins\mcufinder//mcu/cs/
2024-03-14 20:31:02,044 [INFO] MainPanel:264 - HeapMemory: 268435456
2024-03-14 20:31:02,110 [INFO] DbMcusXml:78 - Set database path to: C:\ST\STM32CubeIDE_1.14.0\STM32CubeIDE\plugins\com.st.stm32cube.common.mx_6.10.0.202311202037\\db\/mcu/
2024-03-14 20:31:02,110 [INFO] ApiDb:274 - Set plugin database path to: C:\ST\STM32CubeIDE_1.14.0\STM32CubeIDE\plugins\com.st.stm32cube.common.mx_6.10.0.202311202037\\db\/plugins/boardmanager/
2024-03-14 20:31:02,110 [INFO] ApiDb:261 - Set plugin images path to: C:\ST\STM32CubeIDE_1.14.0\STM32CubeIDE\plugins\com.st.stm32cube.common.mx_6.10.0.202311202037\\db\/plugins/mcufinder/images/
2024-03-14 20:31:02,111 [WARN] DbFile:41 - Overriding database path with different value: C:\Users\Juan\.stmcufinder\plugins\mcufinder/ => C:\Users\Juan\.stmcufinder\plugins\mcufinder
2024-03-14 20:31:02,111 [INFO] ApiDb:250 - Set database path to: C:\Users\Juan\.stmcufinder\plugins\mcufinder//mcu/
2024-03-14 20:31:02,111 [WARN] DbFile:41 - Overriding database path with different value: C:\Users\Juan\.stmcufinder\plugins\mcufinder/ => C:\Users\Juan\.stmcufinder\plugins\mcufinder
2024-03-14 20:31:02,111 [INFO] DbMcusAds:125 - Set database path to: C:\Users\Juan\.stmcufinder\plugins\mcufinder//mcu/
2024-03-14 20:31:02,111 [WARN] DbFile:41 - Overriding database path with different value: C:\Users\Juan\.stmcufinder\plugins\mcufinder/ => C:\Users\Juan\.stmcufinder\plugins\mcufinder
2024-03-14 20:31:02,111 [WARN] DbFile:41 - Overriding database path with different value: C:\Users\Juan\.stmcufinder\plugins\mcufinder/ => C:\Users\Juan\.stmcufinder\plugins\mcufinder
2024-03-14 20:31:02,111 [INFO] CrossReferenceDbSqlite:203 - Set database path to: C:\Users\Juan\.stmcufinder\plugins\mcufinder//mcu/cs/
2024-03-14 20:31:02,123 [INFO] ApplicationProperties:184 - Using Application install path: C:\ST\STM32CubeIDE_1.14.0\STM32CubeIDE\plugins\com.st.stm32cube.common.mx_6.10.0.202311202037
2024-03-14 20:31:02,124 [INFO] PluginManage:196 - Search for loadable plugins [exclusion list=, ]
2024-03-14 20:31:02,125 [INFO] PluginManage:310 - Check plugin analytics
2024-03-14 20:31:02,260 [INFO] AnalyticsPlugin:253 - Accepted Software Licenses: STM32CubeMX.6.10.0
2024-03-14 20:31:02,260 [INFO] AnalyticsPlugin:255 - Accepted CMSIS Pack Licenses: 
2024-03-14 20:31:02,260 [INFO] AnalyticsPlugin:257 - Accepted Firmware Licenses: FW.C0.1.1.0,FW.F7.1.17.0,FW.L4.1.18.0,FW.L5.1.5.0,FW.U5.1.4.0
2024-03-14 20:31:02,263 [INFO] PluginManage:359 - Loaded plugin analytics (category:tool,tabindex:-1)
2024-03-14 20:31:02,264 [INFO] PluginManage:310 - Check plugin cadmodel
2024-03-14 20:31:02,275 [INFO] CADModel:105 - Init CAD model plugin
2024-03-14 20:31:02,275 [INFO] PluginManage:359 - Loaded plugin cadmodel (category:power,tabindex:5)
2024-03-14 20:31:02,275 [INFO] PluginManage:310 - Check plugin clock
2024-03-14 20:31:02,293 [INFO] PluginManage:359 - Loaded plugin clock (category:base,tabindex:2)
2024-03-14 20:31:02,293 [INFO] PluginManage:310 - Check plugin ddr
2024-03-14 20:31:02,295 [INFO] PluginManage:359 - Loaded plugin ddr (category:tool,tabindex:6)
2024-03-14 20:31:02,296 [INFO] PluginManage:310 - Check plugin filemanager
2024-03-14 20:31:02,437 [INFO] PluginManage:359 - Loaded plugin filemanager (category:base,tabindex:10)
2024-03-14 20:31:02,437 [INFO] PluginManage:310 - Check plugin ipmanager
2024-03-14 20:31:02,442 [INFO] PluginManage:359 - Loaded plugin ipmanager (category:base,tabindex:5)
2024-03-14 20:31:02,442 [INFO] PluginManage:310 - Check plugin lpbam
2024-03-14 20:31:02,455 [INFO] PluginManage:359 - Loaded plugin lpbam (category:base,tabindex:0)
2024-03-14 20:31:02,455 [INFO] PluginManage:310 - Check plugin memorymap
2024-03-14 20:31:02,472 [INFO] PluginManage:359 - Loaded plugin memorymap (category:base,tabindex:4)
2024-03-14 20:31:02,472 [INFO] PluginManage:310 - Check plugin pinoutandconfiguration
2024-03-14 20:31:02,483 [INFO] PluginManage:359 - Loaded plugin pinoutandconfiguration (category:base,tabindex:1)
2024-03-14 20:31:02,483 [INFO] PluginManage:310 - Check plugin pinoutconfig
2024-03-14 20:31:02,556 [WARN] SupportedApi:132 - Cannot load RTOS API schema: s4s-elt-must-match.1: The content of 'definitions' must match (annotation?, (simpleType | complexType)?, (unique | key | keyref)*)). A problem was found starting at: attribute.
2024-03-14 20:31:02,652 [INFO] PluginManage:359 - Loaded plugin pinoutconfig (category:base,tabindex:0)
2024-03-14 20:31:02,652 [INFO] PluginManage:310 - Check plugin power
2024-03-14 20:31:02,666 [INFO] PluginManage:359 - Loaded plugin power (category:power,tabindex:4)
2024-03-14 20:31:02,666 [INFO] PluginManage:310 - Check plugin projectmanager
2024-03-14 20:31:02,677 [INFO] PluginManage:359 - Loaded plugin projectmanager (category:projectmanager,tabindex:3)
2024-03-14 20:31:02,677 [INFO] PluginManage:310 - Check plugin thirdparty
2024-03-14 20:31:02,863 [INFO] PluginManage:359 - Loaded plugin thirdparty (category:base,tabindex:-1)
2024-03-14 20:31:02,863 [WARN] IntegrityCheckThread:84 - waiting for thirdparty lock release [integrity check]
2024-03-14 20:31:02,863 [INFO] PluginManage:310 - Check plugin tools
2024-03-14 20:31:02,863 [INFO] IntegrityCheckThread:86 - entering critical section [integrity check]
2024-03-14 20:31:02,864 [INFO] ThirdPartyUpdaterWithRetryManager:70 - Updater plugin not ready yet. [1/15]
2024-03-14 20:31:02,885 [INFO] PluginManage:359 - Loaded plugin tools (category:base,tabindex:7)
2024-03-14 20:31:02,885 [INFO] PluginManage:310 - Check plugin tutovideos
2024-03-14 20:31:03,025 [INFO] PluginManage:359 - Loaded plugin tutovideos (category:base,tabindex:-1)
2024-03-14 20:31:03,025 [INFO] PluginManage:310 - Check plugin updater
2024-03-14 20:31:03,033 [INFO] PluginManage:359 - Loaded plugin updater (category:base,tabindex:12)
2024-03-14 20:31:03,033 [INFO] PluginManage:310 - Check plugin userauth
2024-03-14 20:31:03,038 [INFO] UserAuth:114 - Init User Auth plugin
2024-03-14 20:31:03,038 [INFO] PluginManage:359 - Loaded plugin userauth (category:base,tabindex:14)
2024-03-14 20:31:03,038 [INFO] PluginManage:283 - PluginManage : Loaded plugins [17]
2024-03-14 20:31:03,189 [INFO] PinOutPanel:1499 - setPackage(No Configuration,No Configuration)
2024-03-14 20:31:03,240 [INFO] CADModel:165 - CPN selected for project level
2024-03-14 20:31:03,240 [INFO] CADModel:114 - Register for checkConnection events
2024-03-14 20:31:03,259 [INFO] IPUIPlugin:80 - create IPUIPlugin
2024-03-14 20:31:03,259 [INFO] PluginManager:220 - loadIPPluginJar : add adc
2024-03-14 20:31:03,282 [INFO] IPUIPlugin:80 - create IPUIPlugin
2024-03-14 20:31:03,282 [INFO] PluginManager:220 - loadIPPluginJar : add aes
2024-03-14 20:31:03,308 [INFO] IPUIPlugin:80 - create IPUIPlugin
2024-03-14 20:31:03,308 [INFO] PluginManager:220 - loadIPPluginJar : add can
2024-03-14 20:31:03,323 [INFO] IPUIPlugin:80 - create IPUIPlugin
2024-03-14 20:31:03,323 [INFO] PluginManager:220 - loadIPPluginJar : add comp
2024-03-14 20:31:03,345 [INFO] IPUIPlugin:80 - create IPUIPlugin
2024-03-14 20:31:03,345 [INFO] PluginManager:220 - loadIPPluginJar : add cryp
2024-03-14 20:31:03,368 [INFO] IPUIPlugin:80 - create IPUIPlugin
2024-03-14 20:31:03,368 [INFO] PluginManager:220 - loadIPPluginJar : add dfsdm
2024-03-14 20:31:03,380 [INFO] IPUIPlugin:80 - create IPUIPlugin
2024-03-14 20:31:03,380 [INFO] PluginManager:220 - loadIPPluginJar : add dma
2024-03-14 20:31:03,409 [INFO] IPUIPlugin:80 - create IPUIPlugin
2024-03-14 20:31:03,410 [INFO] PluginManager:220 - loadIPPluginJar : add dma3
2024-03-14 20:31:03,422 [INFO] IPUIPlugin:80 - create IPUIPlugin
2024-03-14 20:31:03,422 [INFO] PluginManager:220 - loadIPPluginJar : add fatfs
2024-03-14 20:31:03,450 [INFO] IPUIPlugin:80 - create IPUIPlugin
2024-03-14 20:31:03,450 [INFO] PluginManager:220 - loadIPPluginJar : add fmc
2024-03-14 20:31:03,462 [INFO] IPUIPlugin:80 - create IPUIPlugin
2024-03-14 20:31:03,462 [INFO] PluginManager:220 - loadIPPluginJar : add freertos
2024-03-14 20:31:03,476 [INFO] IPUIPlugin:80 - create IPUIPlugin
2024-03-14 20:31:03,476 [INFO] PluginManager:220 - loadIPPluginJar : add genericplugin
2024-03-14 20:31:03,530 [INFO] IPUIPlugin:80 - create IPUIPlugin
2024-03-14 20:31:03,530 [INFO] PluginManager:220 - loadIPPluginJar : add gfxmmu
2024-03-14 20:31:03,609 [INFO] IPUIPlugin:80 - create IPUIPlugin
2024-03-14 20:31:03,610 [INFO] PluginManager:220 - loadIPPluginJar : add gic
2024-03-14 20:31:03,620 [INFO] IPUIPlugin:80 - create IPUIPlugin
2024-03-14 20:31:03,620 [INFO] PluginManager:220 - loadIPPluginJar : add gpio
2024-03-14 20:31:03,674 [INFO] IPUIPlugin:80 - create IPUIPlugin
2024-03-14 20:31:03,674 [INFO] PluginManager:220 - loadIPPluginJar : add gtzc
2024-03-14 20:31:03,694 [INFO] IPUIPlugin:80 - create IPUIPlugin
2024-03-14 20:31:03,694 [INFO] PluginManager:220 - loadIPPluginJar : add hash
2024-03-14 20:31:03,724 [INFO] IPUIPlugin:80 - create IPUIPlugin
2024-03-14 20:31:03,724 [INFO] PluginManager:220 - loadIPPluginJar : add i2c
2024-03-14 20:31:03,747 [INFO] IPUIPlugin:80 - create IPUIPlugin
2024-03-14 20:31:03,747 [INFO] PluginManager:220 - loadIPPluginJar : add i2s
2024-03-14 20:31:03,771 [INFO] IPUIPlugin:80 - create IPUIPlugin
2024-03-14 20:31:03,772 [INFO] PluginManager:220 - loadIPPluginJar : add i3c
2024-03-14 20:31:03,834 [INFO] IPUIPlugin:80 - create IPUIPlugin
2024-03-14 20:31:03,834 [INFO] PluginManager:220 - loadIPPluginJar : add ipddr
2024-03-14 20:31:03,889 [INFO] IPUIPlugin:80 - create IPUIPlugin
2024-03-14 20:31:03,889 [INFO] PluginManager:220 - loadIPPluginJar : add linkedlist
2024-03-14 20:31:03,910 [INFO] IPUIPlugin:80 - create IPUIPlugin
2024-03-14 20:31:03,910 [INFO] PluginManager:220 - loadIPPluginJar : add lorawan
2024-03-14 20:31:03,932 [INFO] IPUIPlugin:80 - create IPUIPlugin
2024-03-14 20:31:03,932 [INFO] PluginManager:220 - loadIPPluginJar : add ltdc
2024-03-14 20:31:03,942 [INFO] IPUIPlugin:80 - create IPUIPlugin
2024-03-14 20:31:03,942 [INFO] PluginManager:220 - loadIPPluginJar : add mdma
2024-03-14 20:31:03,950 [INFO] IPUIPlugin:80 - create IPUIPlugin
2024-03-14 20:31:03,950 [INFO] PluginManager:220 - loadIPPluginJar : add nvic
2024-03-14 20:31:03,971 [INFO] IPUIPlugin:80 - create IPUIPlugin
2024-03-14 20:31:03,971 [INFO] PluginManager:220 - loadIPPluginJar : add opamp
2024-03-14 20:31:04,007 [INFO] IPUIPlugin:80 - create IPUIPlugin
2024-03-14 20:31:04,008 [INFO] PluginManager:220 - loadIPPluginJar : add openamp
2024-03-14 20:31:04,033 [INFO] IPUIPlugin:80 - create IPUIPlugin
2024-03-14 20:31:04,033 [INFO] PluginManager:220 - loadIPPluginJar : add pdm2pcm
2024-03-14 20:31:04,043 [INFO] IPUIPlugin:80 - create IPUIPlugin
2024-03-14 20:31:04,045 [INFO] PluginManager:220 - loadIPPluginJar : add plateformsettings
2024-03-14 20:31:04,058 [INFO] IPUIPlugin:80 - create IPUIPlugin
2024-03-14 20:31:04,058 [INFO] PluginManager:220 - loadIPPluginJar : add quadspi
2024-03-14 20:31:04,067 [INFO] IPUIPlugin:80 - create IPUIPlugin
2024-03-14 20:31:04,067 [INFO] PluginManager:220 - loadIPPluginJar : add resmgrutility
2024-03-14 20:31:04,096 [INFO] IPUIPlugin:80 - create IPUIPlugin
2024-03-14 20:31:04,096 [INFO] PluginManager:220 - loadIPPluginJar : add sai
2024-03-14 20:31:04,119 [INFO] IPUIPlugin:80 - create IPUIPlugin
2024-03-14 20:31:04,119 [INFO] PluginManager:220 - loadIPPluginJar : add spi
2024-03-14 20:31:04,162 [INFO] IPUIPlugin:80 - create IPUIPlugin
2024-03-14 20:31:04,162 [INFO] PluginManager:220 - loadIPPluginJar : add stm32_wpan
2024-03-14 20:31:04,176 [INFO] IPUIPlugin:80 - create IPUIPlugin
2024-03-14 20:31:04,176 [INFO] PluginManager:220 - loadIPPluginJar : add tim
2024-03-14 20:31:04,209 [INFO] IPUIPlugin:80 - create IPUIPlugin
2024-03-14 20:31:04,209 [INFO] PluginManager:220 - loadIPPluginJar : add touchsensing
2024-03-14 20:31:04,223 [INFO] IPUIPlugin:80 - create IPUIPlugin
2024-03-14 20:31:04,223 [INFO] PluginManager:220 - loadIPPluginJar : add tracer_emb
2024-03-14 20:31:04,237 [INFO] IPUIPlugin:80 - create IPUIPlugin
2024-03-14 20:31:04,237 [INFO] PluginManager:220 - loadIPPluginJar : add ts
2024-03-14 20:31:04,249 [INFO] IPUIPlugin:80 - create IPUIPlugin
2024-03-14 20:31:04,249 [INFO] PluginManager:220 - loadIPPluginJar : add tsc
2024-03-14 20:31:04,262 [INFO] IPUIPlugin:80 - create IPUIPlugin
2024-03-14 20:31:04,263 [INFO] PluginManager:220 - loadIPPluginJar : add ucpd
2024-03-14 20:31:04,288 [INFO] IPUIPlugin:80 - create IPUIPlugin
2024-03-14 20:31:04,288 [INFO] PluginManager:220 - loadIPPluginJar : add usart
2024-03-14 20:31:04,313 [INFO] IPUIPlugin:80 - create IPUIPlugin
2024-03-14 20:31:04,313 [INFO] PluginManager:220 - loadIPPluginJar : add usbx
2024-03-14 20:31:04,427 [INFO] CADModel:165 - CPN selected for project level
2024-03-14 20:31:04,427 [INFO] CADModel:114 - Register for checkConnection events
2024-03-14 20:31:04,427 [FATAL] Updater:308 - Updater called before beeing initialized
2024-03-14 20:31:04,427 [ERROR] CADModel:125 - Updater not yet initialized, retry later 
2024-03-14 20:31:04,521 [INFO] CADModel:165 - CPN selected for project level
2024-03-14 20:31:04,521 [INFO] CADModel:114 - Register for checkConnection events
2024-03-14 20:31:04,522 [FATAL] Updater:308 - Updater called before beeing initialized
2024-03-14 20:31:04,522 [ERROR] CADModel:125 - Updater not yet initialized, retry later 
2024-03-14 20:31:04,524 [FATAL] Updater:308 - Updater called before beeing initialized
2024-03-14 20:31:04,590 [FATAL] Updater:308 - Updater called before beeing initialized
2024-03-14 20:31:04,597 [INFO] DbMcusAds:53 - JSON generation date=Wed Nov 29 11:52:27 CET 2023 (1701255147349)
2024-03-14 20:31:04,598 [FATAL] Updater:308 - Updater called before beeing initialized
2024-03-14 20:31:04,625 [WARN] DetailPanel:346 - Failed to get advertising image, set to default
2024-03-14 20:31:04,710 [FATAL] Updater:308 - Updater called before beeing initialized
2024-03-14 20:31:04,711 [FATAL] Updater:308 - Updater called before beeing initialized
2024-03-14 20:31:04,712 [FATAL] Updater:308 - Updater called before beeing initialized
2024-03-14 20:31:04,712 [WARN] DetailPanel:346 - Failed to get advertising image, set to default
2024-03-14 20:31:04,712 [FATAL] Updater:308 - Updater called before beeing initialized
2024-03-14 20:31:04,757 [ERROR] Updater:1120 - MainUpdater not yet initialized. External WinMGr cannot be set.
2024-03-14 20:31:04,764 [INFO] Updater:1056 - Updater Version found : 6.10.0
2024-03-14 20:31:04,778 [INFO] ApplicationProperties:184 - Using Application install path: C:\ST\STM32CubeIDE_1.14.0\STM32CubeIDE\plugins\com.st.stm32cube.common.mx_6.10.0.202311202037
2024-03-14 20:31:05,865 [INFO] ThirdPartyUpdaterWithRetryManager:70 - Updater plugin not ready yet. [2/15]
2024-03-14 20:31:06,365 [ERROR] LogOutputStream:75 - [STDERR_REDIRECT] Mar 14, 2024 8:31:06 PM java.util.prefs.WindowsPreferences <init>
2024-03-14 20:31:06,366 [ERROR] LogOutputStream:75 - [STDERR_REDIRECT] WARNING: Could not open/create prefs root node Software\JavaSoft\Prefs at root 0xffffffff80000002. Windows RegCreateKeyEx(...) returned error code 5.
2024-03-14 20:31:06,366 [ERROR] LogOutputStream:75 - [STDERR_REDIRECT] 
2024-03-14 20:31:06,729 [INFO] MainUpdater:2873 - connection check result : 10
2024-03-14 20:31:06,729 [INFO] MainUpdater:290 - Updater Check For Update Now.
2024-03-14 20:31:06,730 [INFO] MicroXplorer:498 - Change Database Version : DB.6.0.100
2024-03-14 20:31:06,740 [INFO] McuFinderGlobals:63 - Set McuFinder mode to 2 (CubeIDE integrated)
2024-03-14 20:31:06,899 [INFO] CheckServerUpdateThread:120 - End of CheckServer Thread
2024-03-14 20:31:06,987 [INFO] UserAuth:404 - Internet connection configuration mode: 1
2024-03-14 20:31:07,007 [INFO] JxBrowserEngine:152 - Initiate JxBrowser Engine with user profile folder
2024-03-14 20:31:08,531 [INFO] WebApp:161 - Instantiating new browser for Auth
2024-03-14 20:31:08,915 [INFO] WebApp:780 - Register for checkConnection events
2024-03-14 20:31:08,915 [INFO] WebApp:414 - Apply proxy settings
2024-03-14 20:31:08,915 [INFO] WebApp:499 - Chromium requires no authentication
2024-03-14 20:31:08,925 [INFO] WebApp:442 - Direct internet connection detected
2024-03-14 20:31:08,978 [WARN] PackLoader:240 - Cannot read IP mode file for STMicroelectronics.X-CUBE-SMBUS.2.1.0
2024-03-14 20:31:08,989 [WARN] PackLoader:240 - Cannot read IP mode file for STMicroelectronics.X-CUBE-TOUCHGFX.4.23.0
2024-03-14 20:31:09,011 [WARN] PackLoader:240 - Cannot read IP mode file for STMicroelectronics.X-CUBE-AZRTOS-F7.1.1.0
2024-03-14 20:31:09,023 [WARN] PackLoader:240 - Cannot read IP mode file for STMicroelectronics.FP-SNS-MOTENV1.4.3.2
2024-03-14 20:31:09,032 [WARN] PackLoader:240 - Cannot read IP mode file for STMicroelectronics.FP-SNS-FLIGHT1.5.0.2
2024-03-14 20:31:09,043 [WARN] PackLoader:240 - Cannot read IP mode file for STMicroelectronics.X-CUBE-DISPLAY.3.0.0
2024-03-14 20:31:09,058 [WARN] PackLoader:240 - Cannot read IP mode file for STMicroelectronics.X-CUBE-BLE1.7.0.0
2024-03-14 20:31:09,066 [WARN] PackLoader:240 - Cannot read IP mode file for emotas.I-CUBE-CANOPEN.1.3.0
2024-03-14 20:31:09,077 [WARN] PackLoader:240 - Cannot read IP mode file for STMicroelectronics.X-CUBE-BLEMGR.3.1.0
2024-03-14 20:31:09,088 [WARN] PackLoader:240 - Cannot read IP mode file for STMicroelectronics.FP-SNS-SMARTAG2.1.2.0
2024-03-14 20:31:09,104 [INFO] LogOutputStream:77 - [STDOUT_REDIRECT] 1 : Invalid condition id : UX_CORESTACK_Condition cause : null
2024-03-14 20:31:09,104 [INFO] LogOutputStream:77 - [STDOUT_REDIRECT] 1 : Invalid condition id : UX_CORESTACK_Condition cause : null
2024-03-14 20:31:09,105 [INFO] LogOutputStream:77 - [STDOUT_REDIRECT] 1 : Invalid condition id : UX_CORESTACK_Condition cause : null
2024-03-14 20:31:09,106 [INFO] LogOutputStream:77 - [STDOUT_REDIRECT] 1 : Invalid condition id : UX_CORESTACK_Condition cause : null
2024-03-14 20:31:09,107 [INFO] LogOutputStream:77 - [STDOUT_REDIRECT] 1 : Invalid condition id : UX_CORESTACK_Condition cause : null
2024-03-14 20:31:09,108 [WARN] PackLoader:240 - Cannot read IP mode file for STMicroelectronics.X-CUBE-AZRTOS-WL.2.0.0
2024-03-14 20:31:09,120 [WARN] PackLoader:240 - Cannot read IP mode file for WES.I-CUBE-Cesium.1.3.0
2024-03-14 20:31:09,129 [WARN] PackLoader:240 - Cannot read IP mode file for STMicroelectronics.X-CUBE-BLE2.3.3.0
2024-03-14 20:31:09,138 [WARN] PackLoader:240 - Cannot read IP mode file for STMicroelectronics.X-CUBE-ALGOBUILD.1.3.0
2024-03-14 20:31:09,155 [WARN] PackLoader:240 - Cannot read IP mode file for STMicroelectronics.X-CUBE-AZRTOS-G0.1.1.0
2024-03-14 20:31:09,164 [WARN] PackLoader:240 - Cannot read IP mode file for STMicroelectronics.X-CUBE-NFC4.3.0.0
2024-03-14 20:31:09,174 [WARN] PackLoader:240 - Cannot read IP mode file for STMicroelectronics.X-CUBE-BLEMGR.3.0.0
2024-03-14 20:31:09,183 [WARN] PackLoader:240 - Cannot read IP mode file for STMicroelectronics.FP-ATR-SIGFOX1.3.2.0
2024-03-14 20:31:09,192 [WARN] PackLoader:240 - Cannot read IP mode file for STMicroelectronics.X-CUBE-EEPRMA1.5.1.0
2024-03-14 20:31:09,206 [INFO] WebApp:192 - Starting web application
2024-03-14 20:31:09,206 [INFO] WebApp:544 - Web application path used C:\ST\STM32CubeIDE_1.14.0\STM32CubeIDE\plugins\com.st.stm32cube.common.mx_6.10.0.202311202037\db\plugins\mcufinder\reactClient1\index.html
2024-03-14 20:31:09,221 [WARN] PackLoader:240 - Cannot read IP mode file for SEGGER.I-CUBE-embOS.1.3.1
2024-03-14 20:31:09,281 [WARN] PackLoader:240 - Cannot read IP mode file for STMicroelectronics.X-CUBE-GNSS1.6.0.0
2024-03-14 20:31:09,298 [WARN] PackLoader:240 - Cannot read IP mode file for STMicroelectronics.X-CUBE-AZRTOS-F4.1.1.0
2024-03-14 20:31:09,307 [WARN] PackLoader:240 - Cannot read IP mode file for wolfSSL.I-CUBE-wolfSSL.5.6.6
2024-03-14 20:31:09,323 [WARN] PackLoader:240 - Cannot read IP mode file for STMicroelectronics.X-CUBE-AZRTOS-L5.2.0.0
2024-03-14 20:31:09,332 [WARN] PackLoader:240 - Cannot read IP mode file for ITTIA_DB.I-CUBE-ITTIADB.8.8.0
2024-03-14 20:31:09,340 [WARN] PackLoader:240 - Cannot read IP mode file for STMicroelectronics.X-CUBE-NFC7.1.0.1
2024-03-14 20:31:09,351 [WARN] PackLoader:240 - Cannot read IP mode file for STMicroelectronics.X-CUBE-NFC6.3.0.0
2024-03-14 20:31:09,359 [WARN] PackLoader:240 - Cannot read IP mode file for STMicroelectronics.X-CUBE-AI.8.1.0
2024-03-14 20:31:09,375 [WARN] ConditionMgr:438 - getConditionDescription Invalid condition id : LAN8742 Phy interface Condition cause : null
2024-03-14 20:31:09,376 [WARN] PackLoader:240 - Cannot read IP mode file for STMicroelectronics.X-CUBE-AZRTOS-L4.2.0.0
2024-03-14 20:31:09,376 [WARN] ConditionMgr:1039 - genDependencies : Invalid condition id : LAN8742 Phy interface Condition cause : null
2024-03-14 20:31:09,376 [WARN] ConditionMgr:1039 - genDependencies : Invalid condition id : LAN8742 Phy interface Condition cause : null
2024-03-14 20:31:09,376 [WARN] ConditionMgr:1039 - genDependencies : Invalid condition id : LAN8742 Phy interface Condition cause : null
2024-03-14 20:31:09,385 [WARN] PackLoader:240 - Cannot read IP mode file for STMicroelectronics.X-CUBE-SFXS2LP1.4.0.0
2024-03-14 20:31:09,404 [WARN] ConditionMgr:438 - getConditionDescription Invalid condition id : UX DEVICE CLASS RTOS Condition cause : null
2024-03-14 20:31:09,404 [WARN] ConditionMgr:438 - getConditionDescription Invalid condition id : UX DEVICE CLASS RTOS Condition cause : null
2024-03-14 20:31:09,405 [WARN] PackLoader:240 - Cannot read IP mode file for STMicroelectronics.X-CUBE-AZRTOS-WB.2.0.0
2024-03-14 20:31:09,405 [WARN] ConditionMgr:1039 - genDependencies : Invalid condition id : UX DEVICE CLASS RTOS Condition cause : null
2024-03-14 20:31:09,405 [WARN] ConditionMgr:1039 - genDependencies : Invalid condition id : UX DEVICE CLASS RTOS Condition cause : null
2024-03-14 20:31:09,406 [WARN] ConditionMgr:1039 - genDependencies : Invalid condition id : UX DEVICE CLASS RTOS Condition cause : null
2024-03-14 20:31:09,406 [WARN] ConditionMgr:1039 - genDependencies : Invalid condition id : UX DEVICE CLASS RTOS Condition cause : null
2024-03-14 20:31:09,406 [WARN] ConditionMgr:1039 - genDependencies : Invalid condition id : UX DEVICE CLASS RTOS Condition cause : null
2024-03-14 20:31:09,417 [WARN] PackLoader:240 - Cannot read IP mode file for STMicroelectronics.X-CUBE-SUBG2.5.0.0
2024-03-14 20:31:09,442 [WARN] PackLoader:240 - Cannot read IP mode file for STMicroelectronics.X-CUBE-AZRTOS-G4.2.0.0
2024-03-14 20:31:09,456 [WARN] PackLoader:240 - Cannot read IP mode file for Infineon.AIROC-Wi-Fi-Bluetooth-STM32.1.5.1
2024-03-14 20:31:09,466 [WARN] PackLoader:240 - Cannot read IP mode file for STMicroelectronics.FP-SNS-MOTENVWB1.1.3.1
2024-03-14 20:31:09,474 [WARN] PackLoader:240 - Cannot read IP mode file for STMicroelectronics.X-CUBE-ISPU.2.0.0
2024-03-14 20:31:09,500 [WARN] PackLoader:240 - Cannot read IP mode file for STMicroelectronics.X-CUBE-MEMS1.10.0.0
2024-03-14 20:31:09,574 [WARN] PackLoader:240 - Cannot read IP mode file for STMicroelectronics.X-CUBE-FREERTOS.1.1.0
2024-03-14 20:31:09,597 [WARN] PackLoader:240 - Cannot read IP mode file for portGmbH.I-Cube-SoM-uGOAL.1.1.0
2024-03-14 20:31:09,611 [WARN] PackLoader:240 - Cannot read IP mode file for STMicroelectronics.X-CUBE-ALS.1.0.1
2024-03-14 20:31:09,622 [WARN] PackLoader:240 - Cannot read IP mode file for STMicroelectronics.FP-ATR-ASTRA1.2.0.0
2024-03-14 20:31:09,636 [WARN] PackLoader:240 - Cannot read IP mode file for STMicroelectronics.X-CUBE-TOF1.3.4.0
2024-03-14 20:31:09,655 [WARN] PackLoader:240 - Cannot read IP mode file for STMicroelectronics.X-CUBE-TOF1.3.4.1
2024-03-14 20:31:09,679 [WARN] PackLoader:240 - Cannot read IP mode file for STMicroelectronics.X-CUBE-AZRTOS-H7.3.2.0
2024-03-14 20:31:09,681 [INFO] ThirdParty:978 - Integrity check success = true
2024-03-14 20:31:09,681 [INFO] IntegrityCheckThread:100 - exiting critical section [integrity check]
2024-03-14 20:31:09,682 [INFO] IntegrityCheckThread:103 - End integrity checks thread
2024-03-14 20:31:29,977 [ERROR] LogOutputStream:75 - [STDERR_REDIRECT] SLF4J: Failed to load class "org.slf4j.impl.StaticLoggerBinder".
2024-03-14 20:31:29,977 [ERROR] LogOutputStream:75 - [STDERR_REDIRECT] SLF4J: Defaulting to no-operation (NOP) logger implementation
2024-03-14 20:31:29,978 [ERROR] LogOutputStream:75 - [STDERR_REDIRECT] SLF4J: See http://www.slf4j.org/codes.html#StaticLoggerBinder for further details.
2024-03-14 20:32:50,921 [ERROR] LogOutputStream:75 - [STDERR_REDIRECT] 
