2024-03-05 12:44:03,014 [INFO] Activator:176 - 


2024-03-05 12:44:03,020 [INFO] Activator:177 - !SESSION log4j initialized
2024-03-05 12:44:11,079 [INFO] LogOutputStream:77 - [STDOUT_REDIRECT] 
2024-03-05 12:44:14,053 [INFO] ApplicationProperties:184 - Using Application install path: C:\ST\STM32CubeIDE_1.14.0\STM32CubeIDE\plugins\com.st.stm32cube.common.mx_6.10.0.202311202037
2024-03-05 12:44:14,068 [INFO] DbMcusXml:78 - Set database path to: C:\ST\STM32CubeIDE_1.14.0\STM32CubeIDE\plugins\com.st.stm32cube.common.mx_6.10.0.202311202037\\db\/mcu/
2024-03-05 12:44:14,068 [INFO] ApiDb:274 - Set plugin database path to: C:\ST\STM32CubeIDE_1.14.0\STM32CubeIDE\plugins\com.st.stm32cube.common.mx_6.10.0.202311202037\\db\/plugins/boardmanager/
2024-03-05 12:44:14,069 [WARN] ApiDb:259 - Overriding images path with different value:  => C:\ST\STM32CubeIDE_1.14.0\STM32CubeIDE\plugins\com.st.stm32cube.common.mx_6.10.0.202311202037\\db\/plugins/mcufinder/images/
2024-03-05 12:44:14,082 [INFO] ApiDb:250 - Set database path to: C:\Users\Juan\.stmcufinder\plugins\mcufinder//mcu/
2024-03-05 12:44:14,083 [INFO] DbMcusAds:125 - Set database path to: C:\Users\Juan\.stmcufinder\plugins\mcufinder//mcu/
2024-03-05 12:44:14,084 [INFO] CrossReferenceDbSqlite:203 - Set database path to: C:\Users\Juan\.stmcufinder\plugins\mcufinder//mcu/cs/
2024-03-05 12:44:14,207 [INFO] RulesReader:64 - Compatibility file has been processed (297 Rules)
2024-03-05 12:44:14,289 [INFO] DbMcusXml:78 - Set database path to: C:\ST\STM32CubeIDE_1.14.0\STM32CubeIDE\plugins\com.st.stm32cube.common.mx_6.10.0.202311202037\\db\/mcu/
2024-03-05 12:44:14,289 [INFO] ApiDb:274 - Set plugin database path to: C:\ST\STM32CubeIDE_1.14.0\STM32CubeIDE\plugins\com.st.stm32cube.common.mx_6.10.0.202311202037\\db\/plugins/boardmanager/
2024-03-05 12:44:14,290 [INFO] ApiDb:261 - Set plugin images path to: C:\ST\STM32CubeIDE_1.14.0\STM32CubeIDE\plugins\com.st.stm32cube.common.mx_6.10.0.202311202037\\db\/plugins/mcufinder/images/
2024-03-05 12:44:14,290 [WARN] DbFile:41 - Overriding database path with different value: C:\Users\Juan\.stmcufinder\plugins\mcufinder/ => C:\Users\Juan\.stmcufinder\plugins\mcufinder
2024-03-05 12:44:14,290 [INFO] ApiDb:250 - Set database path to: C:\Users\Juan\.stmcufinder\plugins\mcufinder//mcu/
2024-03-05 12:44:14,290 [WARN] DbFile:41 - Overriding database path with different value: C:\Users\Juan\.stmcufinder\plugins\mcufinder/ => C:\Users\Juan\.stmcufinder\plugins\mcufinder
2024-03-05 12:44:14,290 [INFO] DbMcusAds:125 - Set database path to: C:\Users\Juan\.stmcufinder\plugins\mcufinder//mcu/
2024-03-05 12:44:14,290 [WARN] DbFile:41 - Overriding database path with different value: C:\Users\Juan\.stmcufinder\plugins\mcufinder/ => C:\Users\Juan\.stmcufinder\plugins\mcufinder
2024-03-05 12:44:14,290 [WARN] DbFile:41 - Overriding database path with different value: C:\Users\Juan\.stmcufinder\plugins\mcufinder/ => C:\Users\Juan\.stmcufinder\plugins\mcufinder
2024-03-05 12:44:14,290 [INFO] CrossReferenceDbSqlite:203 - Set database path to: C:\Users\Juan\.stmcufinder\plugins\mcufinder//mcu/cs/
2024-03-05 12:44:14,372 [INFO] MainPanel:264 - HeapMemory: 268435456
2024-03-05 12:44:14,451 [INFO] DbMcusXml:78 - Set database path to: C:\ST\STM32CubeIDE_1.14.0\STM32CubeIDE\plugins\com.st.stm32cube.common.mx_6.10.0.202311202037\\db\/mcu/
2024-03-05 12:44:14,451 [INFO] ApiDb:274 - Set plugin database path to: C:\ST\STM32CubeIDE_1.14.0\STM32CubeIDE\plugins\com.st.stm32cube.common.mx_6.10.0.202311202037\\db\/plugins/boardmanager/
2024-03-05 12:44:14,451 [INFO] ApiDb:261 - Set plugin images path to: C:\ST\STM32CubeIDE_1.14.0\STM32CubeIDE\plugins\com.st.stm32cube.common.mx_6.10.0.202311202037\\db\/plugins/mcufinder/images/
2024-03-05 12:44:14,451 [WARN] DbFile:41 - Overriding database path with different value: C:\Users\Juan\.stmcufinder\plugins\mcufinder/ => C:\Users\Juan\.stmcufinder\plugins\mcufinder
2024-03-05 12:44:14,452 [INFO] ApiDb:250 - Set database path to: C:\Users\Juan\.stmcufinder\plugins\mcufinder//mcu/
2024-03-05 12:44:14,452 [WARN] DbFile:41 - Overriding database path with different value: C:\Users\Juan\.stmcufinder\plugins\mcufinder/ => C:\Users\Juan\.stmcufinder\plugins\mcufinder
2024-03-05 12:44:14,452 [INFO] DbMcusAds:125 - Set database path to: C:\Users\Juan\.stmcufinder\plugins\mcufinder//mcu/
2024-03-05 12:44:14,452 [WARN] DbFile:41 - Overriding database path with different value: C:\Users\Juan\.stmcufinder\plugins\mcufinder/ => C:\Users\Juan\.stmcufinder\plugins\mcufinder
2024-03-05 12:44:14,452 [WARN] DbFile:41 - Overriding database path with different value: C:\Users\Juan\.stmcufinder\plugins\mcufinder/ => C:\Users\Juan\.stmcufinder\plugins\mcufinder
2024-03-05 12:44:14,452 [INFO] CrossReferenceDbSqlite:203 - Set database path to: C:\Users\Juan\.stmcufinder\plugins\mcufinder//mcu/cs/
2024-03-05 12:44:14,469 [INFO] ApplicationProperties:184 - Using Application install path: C:\ST\STM32CubeIDE_1.14.0\STM32CubeIDE\plugins\com.st.stm32cube.common.mx_6.10.0.202311202037
2024-03-05 12:44:14,471 [INFO] PluginManage:196 - Search for loadable plugins [exclusion list=, ]
2024-03-05 12:44:14,472 [INFO] PluginManage:310 - Check plugin analytics
2024-03-05 12:44:14,764 [INFO] AnalyticsPlugin:253 - Accepted Software Licenses: STM32CubeMX.6.10.0
2024-03-05 12:44:14,764 [INFO] AnalyticsPlugin:255 - Accepted CMSIS Pack Licenses: 
2024-03-05 12:44:14,765 [INFO] AnalyticsPlugin:257 - Accepted Firmware Licenses: FW.C0.1.1.0,FW.F7.1.17.0,FW.L4.1.18.0,FW.L5.1.5.0,FW.U5.1.4.0
2024-03-05 12:44:14,771 [INFO] PluginManage:359 - Loaded plugin analytics (category:tool,tabindex:-1)
2024-03-05 12:44:14,771 [INFO] PluginManage:310 - Check plugin cadmodel
2024-03-05 12:44:14,788 [INFO] CADModel:105 - Init CAD model plugin
2024-03-05 12:44:14,788 [INFO] PluginManage:359 - Loaded plugin cadmodel (category:power,tabindex:5)
2024-03-05 12:44:14,789 [INFO] PluginManage:310 - Check plugin clock
2024-03-05 12:44:14,823 [INFO] PluginManage:359 - Loaded plugin clock (category:base,tabindex:2)
2024-03-05 12:44:14,824 [INFO] PluginManage:310 - Check plugin ddr
2024-03-05 12:44:14,827 [INFO] PluginManage:359 - Loaded plugin ddr (category:tool,tabindex:6)
2024-03-05 12:44:14,827 [INFO] PluginManage:310 - Check plugin filemanager
2024-03-05 12:44:14,984 [INFO] PluginManage:359 - Loaded plugin filemanager (category:base,tabindex:10)
2024-03-05 12:44:14,984 [INFO] PluginManage:310 - Check plugin ipmanager
2024-03-05 12:44:14,992 [INFO] PluginManage:359 - Loaded plugin ipmanager (category:base,tabindex:5)
2024-03-05 12:44:14,992 [INFO] PluginManage:310 - Check plugin lpbam
2024-03-05 12:44:15,011 [INFO] PluginManage:359 - Loaded plugin lpbam (category:base,tabindex:0)
2024-03-05 12:44:15,011 [INFO] PluginManage:310 - Check plugin memorymap
2024-03-05 12:44:15,033 [INFO] PluginManage:359 - Loaded plugin memorymap (category:base,tabindex:4)
2024-03-05 12:44:15,034 [INFO] PluginManage:310 - Check plugin pinoutandconfiguration
2024-03-05 12:44:15,067 [INFO] PluginManage:359 - Loaded plugin pinoutandconfiguration (category:base,tabindex:1)
2024-03-05 12:44:15,067 [INFO] PluginManage:310 - Check plugin pinoutconfig
2024-03-05 12:44:15,183 [WARN] SupportedApi:132 - Cannot load RTOS API schema: s4s-elt-must-match.1: The content of 'definitions' must match (annotation?, (simpleType | complexType)?, (unique | key | keyref)*)). A problem was found starting at: attribute.
2024-03-05 12:44:15,350 [INFO] PluginManage:359 - Loaded plugin pinoutconfig (category:base,tabindex:0)
2024-03-05 12:44:15,350 [INFO] PluginManage:310 - Check plugin power
2024-03-05 12:44:15,367 [INFO] PluginManage:359 - Loaded plugin power (category:power,tabindex:4)
2024-03-05 12:44:15,367 [INFO] PluginManage:310 - Check plugin projectmanager
2024-03-05 12:44:15,388 [INFO] PluginManage:359 - Loaded plugin projectmanager (category:projectmanager,tabindex:3)
2024-03-05 12:44:15,388 [INFO] PluginManage:310 - Check plugin thirdparty
2024-03-05 12:44:15,622 [INFO] PluginManage:359 - Loaded plugin thirdparty (category:base,tabindex:-1)
2024-03-05 12:44:15,622 [INFO] PluginManage:310 - Check plugin tools
2024-03-05 12:44:15,622 [WARN] IntegrityCheckThread:84 - waiting for thirdparty lock release [integrity check]
2024-03-05 12:44:15,623 [INFO] IntegrityCheckThread:86 - entering critical section [integrity check]
2024-03-05 12:44:15,624 [INFO] ThirdPartyUpdaterWithRetryManager:70 - Updater plugin not ready yet. [1/15]
2024-03-05 12:44:15,648 [INFO] PluginManage:359 - Loaded plugin tools (category:base,tabindex:7)
2024-03-05 12:44:15,649 [INFO] PluginManage:310 - Check plugin tutovideos
2024-03-05 12:44:15,895 [INFO] PluginManage:359 - Loaded plugin tutovideos (category:base,tabindex:-1)
2024-03-05 12:44:15,895 [INFO] PluginManage:310 - Check plugin updater
2024-03-05 12:44:15,931 [INFO] PluginManage:359 - Loaded plugin updater (category:base,tabindex:12)
2024-03-05 12:44:15,931 [INFO] PluginManage:310 - Check plugin userauth
2024-03-05 12:44:15,938 [INFO] UserAuth:114 - Init User Auth plugin
2024-03-05 12:44:15,938 [INFO] PluginManage:359 - Loaded plugin userauth (category:base,tabindex:14)
2024-03-05 12:44:15,939 [INFO] PluginManage:283 - PluginManage : Loaded plugins [17]
2024-03-05 12:44:16,154 [INFO] PinOutPanel:1499 - setPackage(No Configuration,No Configuration)
2024-03-05 12:44:16,229 [INFO] CADModel:165 - CPN selected for project level
2024-03-05 12:44:16,229 [INFO] CADModel:114 - Register for checkConnection events
2024-03-05 12:44:16,253 [INFO] IPUIPlugin:80 - create IPUIPlugin
2024-03-05 12:44:16,253 [INFO] PluginManager:220 - loadIPPluginJar : add adc
2024-03-05 12:44:16,278 [INFO] IPUIPlugin:80 - create IPUIPlugin
2024-03-05 12:44:16,278 [INFO] PluginManager:220 - loadIPPluginJar : add aes
2024-03-05 12:44:16,307 [INFO] IPUIPlugin:80 - create IPUIPlugin
2024-03-05 12:44:16,307 [INFO] PluginManager:220 - loadIPPluginJar : add can
2024-03-05 12:44:16,324 [INFO] IPUIPlugin:80 - create IPUIPlugin
2024-03-05 12:44:16,324 [INFO] PluginManager:220 - loadIPPluginJar : add comp
2024-03-05 12:44:16,346 [INFO] IPUIPlugin:80 - create IPUIPlugin
2024-03-05 12:44:16,346 [INFO] PluginManager:220 - loadIPPluginJar : add cryp
2024-03-05 12:44:16,365 [INFO] IPUIPlugin:80 - create IPUIPlugin
2024-03-05 12:44:16,365 [INFO] PluginManager:220 - loadIPPluginJar : add dfsdm
2024-03-05 12:44:16,376 [INFO] IPUIPlugin:80 - create IPUIPlugin
2024-03-05 12:44:16,377 [INFO] PluginManager:220 - loadIPPluginJar : add dma
2024-03-05 12:44:16,405 [INFO] IPUIPlugin:80 - create IPUIPlugin
2024-03-05 12:44:16,405 [INFO] PluginManager:220 - loadIPPluginJar : add dma3
2024-03-05 12:44:16,421 [INFO] IPUIPlugin:80 - create IPUIPlugin
2024-03-05 12:44:16,421 [INFO] PluginManager:220 - loadIPPluginJar : add fatfs
2024-03-05 12:44:16,452 [INFO] IPUIPlugin:80 - create IPUIPlugin
2024-03-05 12:44:16,452 [INFO] PluginManager:220 - loadIPPluginJar : add fmc
2024-03-05 12:44:16,464 [INFO] IPUIPlugin:80 - create IPUIPlugin
2024-03-05 12:44:16,464 [INFO] PluginManager:220 - loadIPPluginJar : add freertos
2024-03-05 12:44:16,478 [INFO] IPUIPlugin:80 - create IPUIPlugin
2024-03-05 12:44:16,479 [INFO] PluginManager:220 - loadIPPluginJar : add genericplugin
2024-03-05 12:44:16,535 [INFO] IPUIPlugin:80 - create IPUIPlugin
2024-03-05 12:44:16,536 [INFO] PluginManager:220 - loadIPPluginJar : add gfxmmu
2024-03-05 12:44:16,618 [INFO] IPUIPlugin:80 - create IPUIPlugin
2024-03-05 12:44:16,618 [INFO] PluginManager:220 - loadIPPluginJar : add gic
2024-03-05 12:44:16,629 [INFO] IPUIPlugin:80 - create IPUIPlugin
2024-03-05 12:44:16,629 [INFO] PluginManager:220 - loadIPPluginJar : add gpio
2024-03-05 12:44:16,685 [INFO] IPUIPlugin:80 - create IPUIPlugin
2024-03-05 12:44:16,686 [INFO] PluginManager:220 - loadIPPluginJar : add gtzc
2024-03-05 12:44:16,706 [INFO] IPUIPlugin:80 - create IPUIPlugin
2024-03-05 12:44:16,706 [INFO] PluginManager:220 - loadIPPluginJar : add hash
2024-03-05 12:44:16,738 [INFO] IPUIPlugin:80 - create IPUIPlugin
2024-03-05 12:44:16,738 [INFO] PluginManager:220 - loadIPPluginJar : add i2c
2024-03-05 12:44:16,766 [INFO] IPUIPlugin:80 - create IPUIPlugin
2024-03-05 12:44:16,767 [INFO] PluginManager:220 - loadIPPluginJar : add i2s
2024-03-05 12:44:16,797 [INFO] IPUIPlugin:80 - create IPUIPlugin
2024-03-05 12:44:16,797 [INFO] PluginManager:220 - loadIPPluginJar : add i3c
2024-03-05 12:44:16,874 [INFO] IPUIPlugin:80 - create IPUIPlugin
2024-03-05 12:44:16,874 [INFO] PluginManager:220 - loadIPPluginJar : add ipddr
2024-03-05 12:44:16,940 [INFO] IPUIPlugin:80 - create IPUIPlugin
2024-03-05 12:44:16,941 [INFO] PluginManager:220 - loadIPPluginJar : add linkedlist
2024-03-05 12:44:16,963 [INFO] IPUIPlugin:80 - create IPUIPlugin
2024-03-05 12:44:16,963 [INFO] PluginManager:220 - loadIPPluginJar : add lorawan
2024-03-05 12:44:16,987 [INFO] IPUIPlugin:80 - create IPUIPlugin
2024-03-05 12:44:16,988 [INFO] PluginManager:220 - loadIPPluginJar : add ltdc
2024-03-05 12:44:17,003 [INFO] IPUIPlugin:80 - create IPUIPlugin
2024-03-05 12:44:17,004 [INFO] PluginManager:220 - loadIPPluginJar : add mdma
2024-03-05 12:44:17,015 [INFO] IPUIPlugin:80 - create IPUIPlugin
2024-03-05 12:44:17,015 [INFO] PluginManager:220 - loadIPPluginJar : add nvic
2024-03-05 12:44:17,043 [INFO] IPUIPlugin:80 - create IPUIPlugin
2024-03-05 12:44:17,043 [INFO] PluginManager:220 - loadIPPluginJar : add opamp
2024-03-05 12:44:17,083 [INFO] IPUIPlugin:80 - create IPUIPlugin
2024-03-05 12:44:17,083 [INFO] PluginManager:220 - loadIPPluginJar : add openamp
2024-03-05 12:44:17,111 [INFO] IPUIPlugin:80 - create IPUIPlugin
2024-03-05 12:44:17,111 [INFO] PluginManager:220 - loadIPPluginJar : add pdm2pcm
2024-03-05 12:44:17,122 [INFO] IPUIPlugin:80 - create IPUIPlugin
2024-03-05 12:44:17,124 [INFO] PluginManager:220 - loadIPPluginJar : add plateformsettings
2024-03-05 12:44:17,138 [INFO] IPUIPlugin:80 - create IPUIPlugin
2024-03-05 12:44:17,138 [INFO] PluginManager:220 - loadIPPluginJar : add quadspi
2024-03-05 12:44:17,147 [INFO] IPUIPlugin:80 - create IPUIPlugin
2024-03-05 12:44:17,147 [INFO] PluginManager:220 - loadIPPluginJar : add resmgrutility
2024-03-05 12:44:17,178 [INFO] IPUIPlugin:80 - create IPUIPlugin
2024-03-05 12:44:17,178 [INFO] PluginManager:220 - loadIPPluginJar : add sai
2024-03-05 12:44:17,200 [INFO] IPUIPlugin:80 - create IPUIPlugin
2024-03-05 12:44:17,200 [INFO] PluginManager:220 - loadIPPluginJar : add spi
2024-03-05 12:44:17,244 [INFO] IPUIPlugin:80 - create IPUIPlugin
2024-03-05 12:44:17,244 [INFO] PluginManager:220 - loadIPPluginJar : add stm32_wpan
2024-03-05 12:44:17,260 [INFO] IPUIPlugin:80 - create IPUIPlugin
2024-03-05 12:44:17,260 [INFO] PluginManager:220 - loadIPPluginJar : add tim
2024-03-05 12:44:17,295 [INFO] IPUIPlugin:80 - create IPUIPlugin
2024-03-05 12:44:17,296 [INFO] PluginManager:220 - loadIPPluginJar : add touchsensing
2024-03-05 12:44:17,310 [INFO] IPUIPlugin:80 - create IPUIPlugin
2024-03-05 12:44:17,310 [INFO] PluginManager:220 - loadIPPluginJar : add tracer_emb
2024-03-05 12:44:17,327 [INFO] IPUIPlugin:80 - create IPUIPlugin
2024-03-05 12:44:17,327 [INFO] PluginManager:220 - loadIPPluginJar : add ts
2024-03-05 12:44:17,344 [INFO] IPUIPlugin:80 - create IPUIPlugin
2024-03-05 12:44:17,344 [INFO] PluginManager:220 - loadIPPluginJar : add tsc
2024-03-05 12:44:17,360 [INFO] IPUIPlugin:80 - create IPUIPlugin
2024-03-05 12:44:17,360 [INFO] PluginManager:220 - loadIPPluginJar : add ucpd
2024-03-05 12:44:17,389 [INFO] IPUIPlugin:80 - create IPUIPlugin
2024-03-05 12:44:17,389 [INFO] PluginManager:220 - loadIPPluginJar : add usart
2024-03-05 12:44:17,418 [INFO] IPUIPlugin:80 - create IPUIPlugin
2024-03-05 12:44:17,418 [INFO] PluginManager:220 - loadIPPluginJar : add usbx
2024-03-05 12:44:17,577 [INFO] CADModel:165 - CPN selected for project level
2024-03-05 12:44:17,577 [INFO] CADModel:114 - Register for checkConnection events
2024-03-05 12:44:17,578 [FATAL] Updater:308 - Updater called before beeing initialized
2024-03-05 12:44:17,578 [ERROR] CADModel:125 - Updater not yet initialized, retry later 
2024-03-05 12:44:17,741 [INFO] CADModel:165 - CPN selected for project level
2024-03-05 12:44:17,742 [INFO] CADModel:114 - Register for checkConnection events
2024-03-05 12:44:17,742 [FATAL] Updater:308 - Updater called before beeing initialized
2024-03-05 12:44:17,742 [ERROR] CADModel:125 - Updater not yet initialized, retry later 
2024-03-05 12:44:17,745 [FATAL] Updater:308 - Updater called before beeing initialized
2024-03-05 12:44:17,913 [FATAL] Updater:308 - Updater called before beeing initialized
2024-03-05 12:44:17,923 [INFO] DbMcusAds:53 - JSON generation date=Wed Nov 29 11:52:27 CET 2023 (1701255147349)
2024-03-05 12:44:17,924 [FATAL] Updater:308 - Updater called before beeing initialized
2024-03-05 12:44:17,960 [WARN] DetailPanel:346 - Failed to get advertising image, set to default
2024-03-05 12:44:18,118 [FATAL] Updater:308 - Updater called before beeing initialized
2024-03-05 12:44:18,120 [FATAL] Updater:308 - Updater called before beeing initialized
2024-03-05 12:44:18,120 [FATAL] Updater:308 - Updater called before beeing initialized
2024-03-05 12:44:18,121 [WARN] DetailPanel:346 - Failed to get advertising image, set to default
2024-03-05 12:44:18,121 [FATAL] Updater:308 - Updater called before beeing initialized
2024-03-05 12:44:18,189 [ERROR] Updater:1120 - MainUpdater not yet initialized. External WinMGr cannot be set.
2024-03-05 12:44:18,201 [INFO] Updater:1056 - Updater Version found : 6.10.0
2024-03-05 12:44:18,221 [INFO] ApplicationProperties:184 - Using Application install path: C:\ST\STM32CubeIDE_1.14.0\STM32CubeIDE\plugins\com.st.stm32cube.common.mx_6.10.0.202311202037
2024-03-05 12:44:18,625 [INFO] ThirdPartyUpdaterWithRetryManager:70 - Updater plugin not ready yet. [2/15]
2024-03-05 12:44:19,853 [ERROR] LogOutputStream:75 - [STDERR_REDIRECT] Mar 05, 2024 12:44:19 PM java.util.prefs.WindowsPreferences <init>
2024-03-05 12:44:19,855 [ERROR] LogOutputStream:75 - [STDERR_REDIRECT] WARNING: Could not open/create prefs root node Software\JavaSoft\Prefs at root 0xffffffff80000002. Windows RegCreateKeyEx(...) returned error code 5.
2024-03-05 12:44:19,855 [ERROR] LogOutputStream:75 - [STDERR_REDIRECT] 
2024-03-05 12:44:20,484 [INFO] MainUpdater:2873 - connection check result : 10
2024-03-05 12:44:20,484 [INFO] MainUpdater:3567 - Updater definition file requires update
2024-03-05 12:44:20,485 [INFO] MainUpdater:290 - Updater Check For Update Now.
2024-03-05 12:44:20,486 [INFO] MicroXplorer:498 - Change Database Version : DB.6.0.100
2024-03-05 12:44:20,530 [INFO] McuFinderGlobals:63 - Set McuFinder mode to 2 (CubeIDE integrated)
2024-03-05 12:44:20,664 [INFO] ServerAccessManage:473 - Download File updaters.zip
2024-03-05 12:44:20,836 [INFO] FileExtend:240 - Unzip File : updaters.zip
2024-03-05 12:44:20,836 [INFO] FileExtend:255 - Standard Zip Deflate
2024-03-05 12:44:20,926 [INFO] UserAuth:404 - Internet connection configuration mode: 1
2024-03-05 12:44:20,966 [INFO] JxBrowserEngine:152 - Initiate JxBrowser Engine with user profile folder
2024-03-05 12:44:21,385 [INFO] ServerAccessManage:473 - Download File PacksControlFlags.xml
2024-03-05 12:44:21,521 [INFO] ServerAccessManage:473 - Download File cubemx.pidx
2024-03-05 12:44:21,625 [WARN] MainUpdater:1194 - Updater busy. Cannot search thirdparties
2024-03-05 12:44:21,626 [INFO] ThirdPartyUpdaterWithRetryManager:96 - Updater plugin is busy. [1/15]
2024-03-05 12:44:22,460 [INFO] ServerAccessManage:473 - Download File STMicroelectronics.X-CUBE-BLEMGR.pdsc
2024-03-05 12:44:23,885 [INFO] ServerAccessManage:473 - Download File STMicroelectronics.X-CUBE-TOF1.pdsc
2024-03-05 12:44:24,083 [INFO] WebApp:161 - Instantiating new browser for Auth
2024-03-05 12:44:24,627 [WARN] MainUpdater:1194 - Updater busy. Cannot search thirdparties
2024-03-05 12:44:24,627 [INFO] ThirdPartyUpdaterWithRetryManager:96 - Updater plugin is busy. [2/15]
2024-03-05 12:44:24,683 [INFO] WebApp:780 - Register for checkConnection events
2024-03-05 12:44:24,683 [INFO] WebApp:414 - Apply proxy settings
2024-03-05 12:44:24,683 [INFO] WebApp:499 - Chromium requires no authentication
2024-03-05 12:44:24,691 [INFO] WebApp:442 - Direct internet connection detected
2024-03-05 12:44:24,821 [INFO] WebApp:192 - Starting web application
2024-03-05 12:44:24,821 [INFO] WebApp:544 - Web application path used C:\ST\STM32CubeIDE_1.14.0\STM32CubeIDE\plugins\com.st.stm32cube.common.mx_6.10.0.202311202037\db\plugins\mcufinder\reactClient1\index.html
2024-03-05 12:44:25,122 [ERROR] ServerAccessManage:1089 - Problem, file not found on Server
2024-03-05 12:44:26,324 [ERROR] ServerAccessManage:1096 - Problem, Http access forbiden
2024-03-05 12:44:26,325 [ERROR] ServerAccessManage:651 - Problem, Http access forbiden : RoweBots.I-CUBE-UNISONRTOS.pdsc.
2024-03-05 12:44:26,727 [WARN] PackLoader:240 - Cannot read IP mode file for STMicroelectronics.X-CUBE-BLEMGR.3.1.0
2024-03-05 12:44:26,763 [WARN] PackLoader:240 - Cannot read IP mode file for STMicroelectronics.X-CUBE-TOF1.3.4.1
2024-03-05 12:44:26,787 [INFO] PopulateThirdPartyThread:66 - Ending populate Thread
2024-03-05 12:44:26,787 [INFO] CheckServerUpdateThread:120 - End of CheckServer Thread
2024-03-05 12:44:26,789 [INFO] ThirdParty:1030 - CMSIS Pack Vendor :STMicroelectronics X-CUBE-BLEMGR 3.1.0
2024-03-05 12:44:26,790 [INFO] ThirdParty:1030 - CMSIS Pack Vendor :STMicroelectronics X-CUBE-TOF1 3.4.1
2024-03-05 12:44:26,790 [INFO] LoadServerUpdatesThread:375 - End of LoadServerUpdate Thread
2024-03-05 12:44:27,782 [WARN] PackLoader:240 - Cannot read IP mode file for STMicroelectronics.X-CUBE-SMBUS.2.1.0
2024-03-05 12:44:27,795 [WARN] PackLoader:240 - Cannot read IP mode file for STMicroelectronics.X-CUBE-TOUCHGFX.4.23.0
2024-03-05 12:44:27,833 [WARN] PackLoader:240 - Cannot read IP mode file for STMicroelectronics.X-CUBE-AZRTOS-F7.1.1.0
2024-03-05 12:44:27,858 [WARN] PackLoader:240 - Cannot read IP mode file for STMicroelectronics.FP-SNS-MOTENV1.4.3.2
2024-03-05 12:44:27,866 [WARN] PackLoader:240 - Cannot read IP mode file for STMicroelectronics.FP-SNS-FLIGHT1.5.0.2
2024-03-05 12:44:27,884 [WARN] PackLoader:240 - Cannot read IP mode file for STMicroelectronics.X-CUBE-DISPLAY.3.0.0
2024-03-05 12:44:27,907 [WARN] PackLoader:240 - Cannot read IP mode file for STMicroelectronics.X-CUBE-BLE1.7.0.0
2024-03-05 12:44:27,924 [WARN] PackLoader:240 - Cannot read IP mode file for emotas.I-CUBE-CANOPEN.1.3.0
2024-03-05 12:44:27,940 [WARN] PackLoader:240 - Cannot read IP mode file for STMicroelectronics.X-CUBE-BLEMGR.3.1.0
2024-03-05 12:44:27,965 [WARN] PackLoader:240 - Cannot read IP mode file for STMicroelectronics.FP-SNS-SMARTAG2.1.2.0
2024-03-05 12:44:27,991 [INFO] LogOutputStream:77 - [STDOUT_REDIRECT] 1 : Invalid condition id : UX_CORESTACK_Condition cause : null
2024-03-05 12:44:27,992 [INFO] LogOutputStream:77 - [STDOUT_REDIRECT] 1 : Invalid condition id : UX_CORESTACK_Condition cause : null
2024-03-05 12:44:27,994 [INFO] LogOutputStream:77 - [STDOUT_REDIRECT] 1 : Invalid condition id : UX_CORESTACK_Condition cause : null
2024-03-05 12:44:27,996 [INFO] LogOutputStream:77 - [STDOUT_REDIRECT] 1 : Invalid condition id : UX_CORESTACK_Condition cause : null
2024-03-05 12:44:27,996 [INFO] LogOutputStream:77 - [STDOUT_REDIRECT] 1 : Invalid condition id : UX_CORESTACK_Condition cause : null
2024-03-05 12:44:27,999 [WARN] PackLoader:240 - Cannot read IP mode file for STMicroelectronics.X-CUBE-AZRTOS-WL.2.0.0
2024-03-05 12:44:28,025 [WARN] PackLoader:240 - Cannot read IP mode file for WES.I-CUBE-Cesium.1.3.0
2024-03-05 12:44:28,040 [WARN] PackLoader:240 - Cannot read IP mode file for STMicroelectronics.X-CUBE-BLE2.3.3.0
2024-03-05 12:44:28,060 [WARN] PackLoader:240 - Cannot read IP mode file for STMicroelectronics.X-CUBE-ALGOBUILD.1.3.0
2024-03-05 12:44:28,096 [WARN] PackLoader:240 - Cannot read IP mode file for STMicroelectronics.X-CUBE-AZRTOS-G0.1.1.0
2024-03-05 12:44:28,115 [WARN] PackLoader:240 - Cannot read IP mode file for STMicroelectronics.X-CUBE-NFC4.3.0.0
2024-03-05 12:44:28,138 [WARN] PackLoader:240 - Cannot read IP mode file for STMicroelectronics.X-CUBE-BLEMGR.3.0.0
2024-03-05 12:44:28,145 [WARN] PackLoader:240 - Cannot read IP mode file for STMicroelectronics.FP-ATR-SIGFOX1.3.2.0
2024-03-05 12:44:28,162 [WARN] PackLoader:240 - Cannot read IP mode file for STMicroelectronics.X-CUBE-EEPRMA1.5.1.0
2024-03-05 12:44:28,216 [WARN] PackLoader:240 - Cannot read IP mode file for SEGGER.I-CUBE-embOS.1.3.1
2024-03-05 12:44:28,287 [WARN] PackLoader:240 - Cannot read IP mode file for STMicroelectronics.X-CUBE-GNSS1.6.0.0
2024-03-05 12:44:28,330 [WARN] PackLoader:240 - Cannot read IP mode file for STMicroelectronics.X-CUBE-AZRTOS-F4.1.1.0
2024-03-05 12:44:28,351 [WARN] PackLoader:240 - Cannot read IP mode file for wolfSSL.I-CUBE-wolfSSL.5.6.6
2024-03-05 12:44:28,394 [WARN] PackLoader:240 - Cannot read IP mode file for STMicroelectronics.X-CUBE-AZRTOS-L5.2.0.0
2024-03-05 12:44:28,416 [WARN] PackLoader:240 - Cannot read IP mode file for ITTIA_DB.I-CUBE-ITTIADB.8.8.0
2024-03-05 12:44:28,436 [WARN] PackLoader:240 - Cannot read IP mode file for STMicroelectronics.X-CUBE-NFC7.1.0.1
2024-03-05 12:44:28,456 [WARN] PackLoader:240 - Cannot read IP mode file for STMicroelectronics.X-CUBE-NFC6.3.0.0
2024-03-05 12:44:28,479 [WARN] PackLoader:240 - Cannot read IP mode file for STMicroelectronics.X-CUBE-AI.8.1.0
2024-03-05 12:44:28,523 [WARN] ConditionMgr:438 - getConditionDescription Invalid condition id : LAN8742 Phy interface Condition cause : null
2024-03-05 12:44:28,524 [WARN] PackLoader:240 - Cannot read IP mode file for STMicroelectronics.X-CUBE-AZRTOS-L4.2.0.0
2024-03-05 12:44:28,526 [WARN] ConditionMgr:1039 - genDependencies : Invalid condition id : LAN8742 Phy interface Condition cause : null
2024-03-05 12:44:28,526 [WARN] ConditionMgr:1039 - genDependencies : Invalid condition id : LAN8742 Phy interface Condition cause : null
2024-03-05 12:44:28,526 [WARN] ConditionMgr:1039 - genDependencies : Invalid condition id : LAN8742 Phy interface Condition cause : null
2024-03-05 12:44:28,548 [WARN] PackLoader:240 - Cannot read IP mode file for STMicroelectronics.X-CUBE-SFXS2LP1.4.0.0
2024-03-05 12:44:28,580 [WARN] ConditionMgr:438 - getConditionDescription Invalid condition id : UX DEVICE CLASS RTOS Condition cause : null
2024-03-05 12:44:28,580 [WARN] ConditionMgr:438 - getConditionDescription Invalid condition id : UX DEVICE CLASS RTOS Condition cause : null
2024-03-05 12:44:28,582 [WARN] PackLoader:240 - Cannot read IP mode file for STMicroelectronics.X-CUBE-AZRTOS-WB.2.0.0
2024-03-05 12:44:28,583 [WARN] ConditionMgr:1039 - genDependencies : Invalid condition id : UX DEVICE CLASS RTOS Condition cause : null
2024-03-05 12:44:28,583 [WARN] ConditionMgr:1039 - genDependencies : Invalid condition id : UX DEVICE CLASS RTOS Condition cause : null
2024-03-05 12:44:28,583 [WARN] ConditionMgr:1039 - genDependencies : Invalid condition id : UX DEVICE CLASS RTOS Condition cause : null
2024-03-05 12:44:28,585 [WARN] ConditionMgr:1039 - genDependencies : Invalid condition id : UX DEVICE CLASS RTOS Condition cause : null
2024-03-05 12:44:28,585 [WARN] ConditionMgr:1039 - genDependencies : Invalid condition id : UX DEVICE CLASS RTOS Condition cause : null
2024-03-05 12:44:28,617 [WARN] PackLoader:240 - Cannot read IP mode file for STMicroelectronics.X-CUBE-SUBG2.5.0.0
2024-03-05 12:44:28,656 [WARN] PackLoader:240 - Cannot read IP mode file for STMicroelectronics.X-CUBE-AZRTOS-G4.2.0.0
2024-03-05 12:44:28,693 [WARN] PackLoader:240 - Cannot read IP mode file for Infineon.AIROC-Wi-Fi-Bluetooth-STM32.1.5.1
2024-03-05 12:44:28,708 [WARN] PackLoader:240 - Cannot read IP mode file for STMicroelectronics.FP-SNS-MOTENVWB1.1.3.1
2024-03-05 12:44:28,731 [WARN] PackLoader:240 - Cannot read IP mode file for STMicroelectronics.X-CUBE-ISPU.2.0.0
2024-03-05 12:44:28,803 [WARN] PackLoader:240 - Cannot read IP mode file for STMicroelectronics.X-CUBE-MEMS1.10.0.0
2024-03-05 12:44:28,957 [WARN] PackLoader:240 - Cannot read IP mode file for STMicroelectronics.X-CUBE-FREERTOS.1.1.0
2024-03-05 12:44:28,975 [WARN] PackLoader:240 - Cannot read IP mode file for portGmbH.I-Cube-SoM-uGOAL.1.1.0
2024-03-05 12:44:28,990 [WARN] PackLoader:240 - Cannot read IP mode file for STMicroelectronics.X-CUBE-ALS.1.0.1
2024-03-05 12:44:28,997 [WARN] PackLoader:240 - Cannot read IP mode file for STMicroelectronics.FP-ATR-ASTRA1.2.0.0
2024-03-05 12:44:29,026 [WARN] PackLoader:240 - Cannot read IP mode file for STMicroelectronics.X-CUBE-TOF1.3.4.0
2024-03-05 12:44:29,045 [WARN] PackLoader:240 - Cannot read IP mode file for STMicroelectronics.X-CUBE-TOF1.3.4.1
2024-03-05 12:44:29,096 [WARN] PackLoader:240 - Cannot read IP mode file for STMicroelectronics.X-CUBE-AZRTOS-H7.3.2.0
2024-03-05 12:44:29,112 [INFO] ThirdParty:978 - Integrity check success = true
2024-03-05 12:44:29,112 [INFO] IntegrityCheckThread:100 - exiting critical section [integrity check]
2024-03-05 12:44:29,112 [INFO] IntegrityCheckThread:103 - End integrity checks thread
2024-03-05 12:44:46,169 [ERROR] LogOutputStream:75 - [STDERR_REDIRECT] SLF4J: Failed to load class "org.slf4j.impl.StaticLoggerBinder".
2024-03-05 12:44:46,174 [ERROR] LogOutputStream:75 - [STDERR_REDIRECT] SLF4J: Defaulting to no-operation (NOP) logger implementation
2024-03-05 12:44:46,181 [ERROR] LogOutputStream:75 - [STDERR_REDIRECT] SLF4J: See http://www.slf4j.org/codes.html#StaticLoggerBinder for further details.
2024-03-05 12:45:28,357 [ERROR] LogOutputStream:75 - [STDERR_REDIRECT] 
2024-03-05 16:21:38,326 [INFO] Activator:176 - 


2024-03-05 16:21:38,329 [INFO] Activator:177 - !SESSION log4j initialized
2024-03-05 16:21:46,641 [INFO] LogOutputStream:77 - [STDOUT_REDIRECT] 
2024-03-05 16:21:49,270 [INFO] ApplicationProperties:184 - Using Application install path: C:\ST\STM32CubeIDE_1.14.0\STM32CubeIDE\plugins\com.st.stm32cube.common.mx_6.10.0.202311202037
2024-03-05 16:21:49,381 [INFO] DbMcusXml:78 - Set database path to: C:\ST\STM32CubeIDE_1.14.0\STM32CubeIDE\plugins\com.st.stm32cube.common.mx_6.10.0.202311202037\\db\/mcu/
2024-03-05 16:21:49,383 [INFO] ApiDb:274 - Set plugin database path to: C:\ST\STM32CubeIDE_1.14.0\STM32CubeIDE\plugins\com.st.stm32cube.common.mx_6.10.0.202311202037\\db\/plugins/boardmanager/
2024-03-05 16:21:49,383 [WARN] ApiDb:259 - Overriding images path with different value:  => C:\ST\STM32CubeIDE_1.14.0\STM32CubeIDE\plugins\com.st.stm32cube.common.mx_6.10.0.202311202037\\db\/plugins/mcufinder/images/
2024-03-05 16:21:49,402 [INFO] ApiDb:250 - Set database path to: C:\Users\Juan\.stmcufinder\plugins\mcufinder//mcu/
2024-03-05 16:21:49,405 [INFO] DbMcusAds:125 - Set database path to: C:\Users\Juan\.stmcufinder\plugins\mcufinder//mcu/
2024-03-05 16:21:49,416 [INFO] CrossReferenceDbSqlite:203 - Set database path to: C:\Users\Juan\.stmcufinder\plugins\mcufinder//mcu/cs/
2024-03-05 16:21:50,021 [INFO] RulesReader:64 - Compatibility file has been processed (297 Rules)
2024-03-05 16:21:50,220 [INFO] DbMcusXml:78 - Set database path to: C:\ST\STM32CubeIDE_1.14.0\STM32CubeIDE\plugins\com.st.stm32cube.common.mx_6.10.0.202311202037\\db\/mcu/
2024-03-05 16:21:50,221 [INFO] ApiDb:274 - Set plugin database path to: C:\ST\STM32CubeIDE_1.14.0\STM32CubeIDE\plugins\com.st.stm32cube.common.mx_6.10.0.202311202037\\db\/plugins/boardmanager/
2024-03-05 16:21:50,221 [INFO] ApiDb:261 - Set plugin images path to: C:\ST\STM32CubeIDE_1.14.0\STM32CubeIDE\plugins\com.st.stm32cube.common.mx_6.10.0.202311202037\\db\/plugins/mcufinder/images/
2024-03-05 16:21:50,222 [WARN] DbFile:41 - Overriding database path with different value: C:\Users\Juan\.stmcufinder\plugins\mcufinder/ => C:\Users\Juan\.stmcufinder\plugins\mcufinder
2024-03-05 16:21:50,222 [INFO] ApiDb:250 - Set database path to: C:\Users\Juan\.stmcufinder\plugins\mcufinder//mcu/
2024-03-05 16:21:50,222 [WARN] DbFile:41 - Overriding database path with different value: C:\Users\Juan\.stmcufinder\plugins\mcufinder/ => C:\Users\Juan\.stmcufinder\plugins\mcufinder
2024-03-05 16:21:50,223 [INFO] DbMcusAds:125 - Set database path to: C:\Users\Juan\.stmcufinder\plugins\mcufinder//mcu/
2024-03-05 16:21:50,223 [WARN] DbFile:41 - Overriding database path with different value: C:\Users\Juan\.stmcufinder\plugins\mcufinder/ => C:\Users\Juan\.stmcufinder\plugins\mcufinder
2024-03-05 16:21:50,223 [WARN] DbFile:41 - Overriding database path with different value: C:\Users\Juan\.stmcufinder\plugins\mcufinder/ => C:\Users\Juan\.stmcufinder\plugins\mcufinder
2024-03-05 16:21:50,223 [INFO] CrossReferenceDbSqlite:203 - Set database path to: C:\Users\Juan\.stmcufinder\plugins\mcufinder//mcu/cs/
2024-03-05 16:21:50,489 [INFO] MainPanel:264 - HeapMemory: 324009984
2024-03-05 16:21:50,727 [INFO] DbMcusXml:78 - Set database path to: C:\ST\STM32CubeIDE_1.14.0\STM32CubeIDE\plugins\com.st.stm32cube.common.mx_6.10.0.202311202037\\db\/mcu/
2024-03-05 16:21:50,728 [INFO] ApiDb:274 - Set plugin database path to: C:\ST\STM32CubeIDE_1.14.0\STM32CubeIDE\plugins\com.st.stm32cube.common.mx_6.10.0.202311202037\\db\/plugins/boardmanager/
2024-03-05 16:21:50,728 [INFO] ApiDb:261 - Set plugin images path to: C:\ST\STM32CubeIDE_1.14.0\STM32CubeIDE\plugins\com.st.stm32cube.common.mx_6.10.0.202311202037\\db\/plugins/mcufinder/images/
2024-03-05 16:21:50,729 [WARN] DbFile:41 - Overriding database path with different value: C:\Users\Juan\.stmcufinder\plugins\mcufinder/ => C:\Users\Juan\.stmcufinder\plugins\mcufinder
2024-03-05 16:21:50,729 [INFO] ApiDb:250 - Set database path to: C:\Users\Juan\.stmcufinder\plugins\mcufinder//mcu/
2024-03-05 16:21:50,729 [WARN] DbFile:41 - Overriding database path with different value: C:\Users\Juan\.stmcufinder\plugins\mcufinder/ => C:\Users\Juan\.stmcufinder\plugins\mcufinder
2024-03-05 16:21:50,730 [INFO] DbMcusAds:125 - Set database path to: C:\Users\Juan\.stmcufinder\plugins\mcufinder//mcu/
2024-03-05 16:21:50,730 [WARN] DbFile:41 - Overriding database path with different value: C:\Users\Juan\.stmcufinder\plugins\mcufinder/ => C:\Users\Juan\.stmcufinder\plugins\mcufinder
2024-03-05 16:21:50,730 [WARN] DbFile:41 - Overriding database path with different value: C:\Users\Juan\.stmcufinder\plugins\mcufinder/ => C:\Users\Juan\.stmcufinder\plugins\mcufinder
2024-03-05 16:21:50,730 [INFO] CrossReferenceDbSqlite:203 - Set database path to: C:\Users\Juan\.stmcufinder\plugins\mcufinder//mcu/cs/
2024-03-05 16:21:50,779 [INFO] ApplicationProperties:184 - Using Application install path: C:\ST\STM32CubeIDE_1.14.0\STM32CubeIDE\plugins\com.st.stm32cube.common.mx_6.10.0.202311202037
2024-03-05 16:21:50,783 [INFO] PluginManage:196 - Search for loadable plugins [exclusion list=, ]
2024-03-05 16:21:50,788 [INFO] PluginManage:310 - Check plugin analytics
2024-03-05 16:21:51,215 [INFO] AnalyticsPlugin:253 - Accepted Software Licenses: STM32CubeMX.6.10.0
2024-03-05 16:21:51,215 [INFO] AnalyticsPlugin:255 - Accepted CMSIS Pack Licenses: 
2024-03-05 16:21:51,215 [INFO] AnalyticsPlugin:257 - Accepted Firmware Licenses: FW.C0.1.1.0,FW.F7.1.17.0,FW.L4.1.18.0,FW.L5.1.5.0,FW.U5.1.4.0
2024-03-05 16:21:51,221 [INFO] PluginManage:359 - Loaded plugin analytics (category:tool,tabindex:-1)
2024-03-05 16:21:51,222 [INFO] PluginManage:310 - Check plugin cadmodel
2024-03-05 16:21:51,226 [INFO] CADModel:105 - Init CAD model plugin
2024-03-05 16:21:51,226 [INFO] PluginManage:359 - Loaded plugin cadmodel (category:power,tabindex:5)
2024-03-05 16:21:51,227 [INFO] PluginManage:310 - Check plugin clock
2024-03-05 16:21:51,236 [INFO] PluginManage:359 - Loaded plugin clock (category:base,tabindex:2)
2024-03-05 16:21:51,237 [INFO] PluginManage:310 - Check plugin ddr
2024-03-05 16:21:51,239 [INFO] PluginManage:359 - Loaded plugin ddr (category:tool,tabindex:6)
2024-03-05 16:21:51,240 [INFO] PluginManage:310 - Check plugin filemanager
2024-03-05 16:21:51,439 [INFO] PluginManage:359 - Loaded plugin filemanager (category:base,tabindex:10)
2024-03-05 16:21:51,440 [INFO] PluginManage:310 - Check plugin ipmanager
2024-03-05 16:21:51,448 [INFO] PluginManage:359 - Loaded plugin ipmanager (category:base,tabindex:5)
2024-03-05 16:21:51,448 [INFO] PluginManage:310 - Check plugin lpbam
2024-03-05 16:21:51,456 [INFO] PluginManage:359 - Loaded plugin lpbam (category:base,tabindex:0)
2024-03-05 16:21:51,456 [INFO] PluginManage:310 - Check plugin memorymap
2024-03-05 16:21:51,464 [INFO] PluginManage:359 - Loaded plugin memorymap (category:base,tabindex:4)
2024-03-05 16:21:51,465 [INFO] PluginManage:310 - Check plugin pinoutandconfiguration
2024-03-05 16:21:51,473 [INFO] PluginManage:359 - Loaded plugin pinoutandconfiguration (category:base,tabindex:1)
2024-03-05 16:21:51,473 [INFO] PluginManage:310 - Check plugin pinoutconfig
2024-03-05 16:21:51,589 [WARN] SupportedApi:132 - Cannot load RTOS API schema: s4s-elt-must-match.1: The content of 'definitions' must match (annotation?, (simpleType | complexType)?, (unique | key | keyref)*)). A problem was found starting at: attribute.
2024-03-05 16:21:51,753 [INFO] PluginManage:359 - Loaded plugin pinoutconfig (category:base,tabindex:0)
2024-03-05 16:21:51,753 [INFO] PluginManage:310 - Check plugin power
2024-03-05 16:21:51,761 [INFO] PluginManage:359 - Loaded plugin power (category:power,tabindex:4)
2024-03-05 16:21:51,762 [INFO] PluginManage:310 - Check plugin projectmanager
2024-03-05 16:21:51,787 [INFO] PluginManage:359 - Loaded plugin projectmanager (category:projectmanager,tabindex:3)
2024-03-05 16:21:51,787 [INFO] PluginManage:310 - Check plugin thirdparty
2024-03-05 16:21:51,943 [WARN] IntegrityCheckThread:84 - waiting for thirdparty lock release [integrity check]
2024-03-05 16:21:51,943 [INFO] IntegrityCheckThread:86 - entering critical section [integrity check]
2024-03-05 16:21:51,944 [INFO] PluginManage:359 - Loaded plugin thirdparty (category:base,tabindex:-1)
2024-03-05 16:21:51,945 [INFO] ThirdPartyUpdaterWithRetryManager:70 - Updater plugin not ready yet. [1/15]
2024-03-05 16:21:51,945 [INFO] PluginManage:310 - Check plugin tools
2024-03-05 16:21:51,951 [INFO] PluginManage:359 - Loaded plugin tools (category:base,tabindex:7)
2024-03-05 16:21:51,951 [INFO] PluginManage:310 - Check plugin tutovideos
2024-03-05 16:21:52,251 [INFO] PluginManage:359 - Loaded plugin tutovideos (category:base,tabindex:-1)
2024-03-05 16:21:52,252 [INFO] PluginManage:310 - Check plugin updater
2024-03-05 16:21:52,296 [INFO] PluginManage:359 - Loaded plugin updater (category:base,tabindex:12)
2024-03-05 16:21:52,296 [INFO] PluginManage:310 - Check plugin userauth
2024-03-05 16:21:52,301 [INFO] UserAuth:114 - Init User Auth plugin
2024-03-05 16:21:52,301 [INFO] PluginManage:359 - Loaded plugin userauth (category:base,tabindex:14)
2024-03-05 16:21:52,302 [INFO] PluginManage:283 - PluginManage : Loaded plugins [17]
2024-03-05 16:21:52,557 [INFO] PinOutPanel:1499 - setPackage(No Configuration,No Configuration)
2024-03-05 16:21:52,634 [INFO] CADModel:165 - CPN selected for project level
2024-03-05 16:21:52,635 [INFO] CADModel:114 - Register for checkConnection events
2024-03-05 16:21:52,650 [INFO] IPUIPlugin:80 - create IPUIPlugin
2024-03-05 16:21:52,650 [INFO] PluginManager:220 - loadIPPluginJar : add adc
2024-03-05 16:21:52,652 [INFO] IPUIPlugin:80 - create IPUIPlugin
2024-03-05 16:21:52,653 [INFO] PluginManager:220 - loadIPPluginJar : add aes
2024-03-05 16:21:52,655 [INFO] IPUIPlugin:80 - create IPUIPlugin
2024-03-05 16:21:52,655 [INFO] PluginManager:220 - loadIPPluginJar : add can
2024-03-05 16:21:52,656 [INFO] IPUIPlugin:80 - create IPUIPlugin
2024-03-05 16:21:52,657 [INFO] PluginManager:220 - loadIPPluginJar : add comp
2024-03-05 16:21:52,658 [INFO] IPUIPlugin:80 - create IPUIPlugin
2024-03-05 16:21:52,658 [INFO] PluginManager:220 - loadIPPluginJar : add cryp
2024-03-05 16:21:52,661 [INFO] IPUIPlugin:80 - create IPUIPlugin
2024-03-05 16:21:52,661 [INFO] PluginManager:220 - loadIPPluginJar : add dfsdm
2024-03-05 16:21:52,666 [INFO] IPUIPlugin:80 - create IPUIPlugin
2024-03-05 16:21:52,666 [INFO] PluginManager:220 - loadIPPluginJar : add dma
2024-03-05 16:21:52,669 [INFO] IPUIPlugin:80 - create IPUIPlugin
2024-03-05 16:21:52,669 [INFO] PluginManager:220 - loadIPPluginJar : add dma3
2024-03-05 16:21:52,670 [INFO] IPUIPlugin:80 - create IPUIPlugin
2024-03-05 16:21:52,670 [INFO] PluginManager:220 - loadIPPluginJar : add fatfs
2024-03-05 16:21:52,673 [INFO] IPUIPlugin:80 - create IPUIPlugin
2024-03-05 16:21:52,673 [INFO] PluginManager:220 - loadIPPluginJar : add fmc
2024-03-05 16:21:52,678 [INFO] IPUIPlugin:80 - create IPUIPlugin
2024-03-05 16:21:52,678 [INFO] PluginManager:220 - loadIPPluginJar : add freertos
2024-03-05 16:21:52,679 [INFO] IPUIPlugin:80 - create IPUIPlugin
2024-03-05 16:21:52,680 [INFO] PluginManager:220 - loadIPPluginJar : add genericplugin
2024-03-05 16:21:52,682 [INFO] IPUIPlugin:80 - create IPUIPlugin
2024-03-05 16:21:52,682 [INFO] PluginManager:220 - loadIPPluginJar : add gfxmmu
2024-03-05 16:21:52,687 [INFO] IPUIPlugin:80 - create IPUIPlugin
2024-03-05 16:21:52,687 [INFO] PluginManager:220 - loadIPPluginJar : add gic
2024-03-05 16:21:52,691 [INFO] IPUIPlugin:80 - create IPUIPlugin
2024-03-05 16:21:52,691 [INFO] PluginManager:220 - loadIPPluginJar : add gpio
2024-03-05 16:21:52,693 [INFO] IPUIPlugin:80 - create IPUIPlugin
2024-03-05 16:21:52,693 [INFO] PluginManager:220 - loadIPPluginJar : add gtzc
2024-03-05 16:21:52,694 [INFO] IPUIPlugin:80 - create IPUIPlugin
2024-03-05 16:21:52,694 [INFO] PluginManager:220 - loadIPPluginJar : add hash
2024-03-05 16:21:52,696 [INFO] IPUIPlugin:80 - create IPUIPlugin
2024-03-05 16:21:52,696 [INFO] PluginManager:220 - loadIPPluginJar : add i2c
2024-03-05 16:21:52,698 [INFO] IPUIPlugin:80 - create IPUIPlugin
2024-03-05 16:21:52,698 [INFO] PluginManager:220 - loadIPPluginJar : add i2s
2024-03-05 16:21:52,700 [INFO] IPUIPlugin:80 - create IPUIPlugin
2024-03-05 16:21:52,700 [INFO] PluginManager:220 - loadIPPluginJar : add i3c
2024-03-05 16:21:52,703 [INFO] IPUIPlugin:80 - create IPUIPlugin
2024-03-05 16:21:52,703 [INFO] PluginManager:220 - loadIPPluginJar : add ipddr
2024-03-05 16:21:52,710 [INFO] IPUIPlugin:80 - create IPUIPlugin
2024-03-05 16:21:52,711 [INFO] PluginManager:220 - loadIPPluginJar : add linkedlist
2024-03-05 16:21:52,713 [INFO] IPUIPlugin:80 - create IPUIPlugin
2024-03-05 16:21:52,713 [INFO] PluginManager:220 - loadIPPluginJar : add lorawan
2024-03-05 16:21:52,714 [INFO] IPUIPlugin:80 - create IPUIPlugin
2024-03-05 16:21:52,715 [INFO] PluginManager:220 - loadIPPluginJar : add ltdc
2024-03-05 16:21:52,719 [INFO] IPUIPlugin:80 - create IPUIPlugin
2024-03-05 16:21:52,720 [INFO] PluginManager:220 - loadIPPluginJar : add mdma
2024-03-05 16:21:52,724 [INFO] IPUIPlugin:80 - create IPUIPlugin
2024-03-05 16:21:52,724 [INFO] PluginManager:220 - loadIPPluginJar : add nvic
2024-03-05 16:21:52,726 [INFO] IPUIPlugin:80 - create IPUIPlugin
2024-03-05 16:21:52,726 [INFO] PluginManager:220 - loadIPPluginJar : add opamp
2024-03-05 16:21:52,728 [INFO] IPUIPlugin:80 - create IPUIPlugin
2024-03-05 16:21:52,728 [INFO] PluginManager:220 - loadIPPluginJar : add openamp
2024-03-05 16:21:52,731 [INFO] IPUIPlugin:80 - create IPUIPlugin
2024-03-05 16:21:52,731 [INFO] PluginManager:220 - loadIPPluginJar : add pdm2pcm
2024-03-05 16:21:52,735 [INFO] IPUIPlugin:80 - create IPUIPlugin
2024-03-05 16:21:52,738 [INFO] PluginManager:220 - loadIPPluginJar : add plateformsettings
2024-03-05 16:21:52,739 [INFO] IPUIPlugin:80 - create IPUIPlugin
2024-03-05 16:21:52,739 [INFO] PluginManager:220 - loadIPPluginJar : add quadspi
2024-03-05 16:21:52,742 [INFO] IPUIPlugin:80 - create IPUIPlugin
2024-03-05 16:21:52,742 [INFO] PluginManager:220 - loadIPPluginJar : add resmgrutility
2024-03-05 16:21:52,745 [INFO] IPUIPlugin:80 - create IPUIPlugin
2024-03-05 16:21:52,745 [INFO] PluginManager:220 - loadIPPluginJar : add sai
2024-03-05 16:21:52,746 [INFO] IPUIPlugin:80 - create IPUIPlugin
2024-03-05 16:21:52,746 [INFO] PluginManager:220 - loadIPPluginJar : add spi
2024-03-05 16:21:52,750 [INFO] IPUIPlugin:80 - create IPUIPlugin
2024-03-05 16:21:52,750 [INFO] PluginManager:220 - loadIPPluginJar : add stm32_wpan
2024-03-05 16:21:52,751 [INFO] IPUIPlugin:80 - create IPUIPlugin
2024-03-05 16:21:52,752 [INFO] PluginManager:220 - loadIPPluginJar : add tim
2024-03-05 16:21:52,754 [INFO] IPUIPlugin:80 - create IPUIPlugin
2024-03-05 16:21:52,754 [INFO] PluginManager:220 - loadIPPluginJar : add touchsensing
2024-03-05 16:21:52,756 [INFO] IPUIPlugin:80 - create IPUIPlugin
2024-03-05 16:21:52,757 [INFO] PluginManager:220 - loadIPPluginJar : add tracer_emb
2024-03-05 16:21:52,758 [INFO] IPUIPlugin:80 - create IPUIPlugin
2024-03-05 16:21:52,758 [INFO] PluginManager:220 - loadIPPluginJar : add ts
2024-03-05 16:21:52,759 [INFO] IPUIPlugin:80 - create IPUIPlugin
2024-03-05 16:21:52,759 [INFO] PluginManager:220 - loadIPPluginJar : add tsc
2024-03-05 16:21:52,761 [INFO] IPUIPlugin:80 - create IPUIPlugin
2024-03-05 16:21:52,761 [INFO] PluginManager:220 - loadIPPluginJar : add ucpd
2024-03-05 16:21:52,764 [INFO] IPUIPlugin:80 - create IPUIPlugin
2024-03-05 16:21:52,765 [INFO] PluginManager:220 - loadIPPluginJar : add usart
2024-03-05 16:21:52,768 [INFO] IPUIPlugin:80 - create IPUIPlugin
2024-03-05 16:21:52,768 [INFO] PluginManager:220 - loadIPPluginJar : add usbx
2024-03-05 16:21:52,914 [INFO] CADModel:165 - CPN selected for project level
2024-03-05 16:21:52,914 [INFO] CADModel:114 - Register for checkConnection events
2024-03-05 16:21:52,915 [FATAL] Updater:308 - Updater called before beeing initialized
2024-03-05 16:21:52,915 [ERROR] CADModel:125 - Updater not yet initialized, retry later 
2024-03-05 16:21:53,049 [INFO] CADModel:165 - CPN selected for project level
2024-03-05 16:21:53,049 [INFO] CADModel:114 - Register for checkConnection events
2024-03-05 16:21:53,050 [FATAL] Updater:308 - Updater called before beeing initialized
2024-03-05 16:21:53,050 [ERROR] CADModel:125 - Updater not yet initialized, retry later 
2024-03-05 16:21:53,052 [FATAL] Updater:308 - Updater called before beeing initialized
2024-03-05 16:21:53,162 [FATAL] Updater:308 - Updater called before beeing initialized
2024-03-05 16:21:53,165 [INFO] DbMcusAds:53 - JSON generation date=Wed Nov 29 11:52:27 CET 2023 (1701255147349)
2024-03-05 16:21:53,165 [FATAL] Updater:308 - Updater called before beeing initialized
2024-03-05 16:21:53,189 [WARN] DetailPanel:346 - Failed to get advertising image, set to default
2024-03-05 16:21:53,257 [FATAL] Updater:308 - Updater called before beeing initialized
2024-03-05 16:21:53,259 [FATAL] Updater:308 - Updater called before beeing initialized
2024-03-05 16:21:53,260 [FATAL] Updater:308 - Updater called before beeing initialized
2024-03-05 16:21:53,260 [WARN] DetailPanel:346 - Failed to get advertising image, set to default
2024-03-05 16:21:53,260 [FATAL] Updater:308 - Updater called before beeing initialized
2024-03-05 16:21:53,307 [ERROR] Updater:1120 - MainUpdater not yet initialized. External WinMGr cannot be set.
2024-03-05 16:21:53,309 [INFO] Updater:1056 - Updater Version found : 6.10.0
2024-03-05 16:21:53,324 [INFO] ApplicationProperties:184 - Using Application install path: C:\ST\STM32CubeIDE_1.14.0\STM32CubeIDE\plugins\com.st.stm32cube.common.mx_6.10.0.202311202037
2024-03-05 16:21:54,922 [ERROR] LogOutputStream:75 - [STDERR_REDIRECT] Mar 05, 2024 4:21:54 PM java.util.prefs.WindowsPreferences <init>
2024-03-05 16:21:54,924 [ERROR] LogOutputStream:75 - [STDERR_REDIRECT] WARNING: Could not open/create prefs root node Software\JavaSoft\Prefs at root 0xffffffff80000002. Windows RegCreateKeyEx(...) returned error code 5.
2024-03-05 16:21:54,925 [ERROR] LogOutputStream:75 - [STDERR_REDIRECT] 
2024-03-05 16:21:54,945 [INFO] ThirdPartyUpdaterWithRetryManager:70 - Updater plugin not ready yet. [2/15]
2024-03-05 16:21:55,323 [INFO] MainUpdater:2873 - connection check result : 10
2024-03-05 16:21:55,324 [INFO] MainUpdater:290 - Updater Check For Update Now.
2024-03-05 16:21:55,324 [INFO] MicroXplorer:498 - Change Database Version : DB.6.0.100
2024-03-05 16:21:55,329 [INFO] McuFinderGlobals:63 - Set McuFinder mode to 2 (CubeIDE integrated)
2024-03-05 16:21:55,626 [INFO] CheckServerUpdateThread:120 - End of CheckServer Thread
2024-03-05 16:21:55,760 [INFO] UserAuth:404 - Internet connection configuration mode: 1
2024-03-05 16:21:55,769 [INFO] JxBrowserEngine:152 - Initiate JxBrowser Engine with user profile folder
2024-03-05 16:21:56,256 [INFO] WebApp:161 - Instantiating new browser for Auth
2024-03-05 16:21:56,790 [INFO] WebApp:780 - Register for checkConnection events
2024-03-05 16:21:56,790 [INFO] WebApp:414 - Apply proxy settings
2024-03-05 16:21:56,790 [INFO] WebApp:499 - Chromium requires no authentication
2024-03-05 16:21:56,795 [INFO] WebApp:442 - Direct internet connection detected
2024-03-05 16:21:56,935 [INFO] WebApp:192 - Starting web application
2024-03-05 16:21:56,935 [INFO] WebApp:544 - Web application path used C:\ST\STM32CubeIDE_1.14.0\STM32CubeIDE\plugins\com.st.stm32cube.common.mx_6.10.0.202311202037\db\plugins\mcufinder\reactClient1\index.html
2024-03-05 16:21:58,102 [WARN] PackLoader:240 - Cannot read IP mode file for STMicroelectronics.X-CUBE-SMBUS.2.1.0
2024-03-05 16:21:58,110 [WARN] PackLoader:240 - Cannot read IP mode file for STMicroelectronics.X-CUBE-TOUCHGFX.4.23.0
2024-03-05 16:21:58,178 [WARN] PackLoader:240 - Cannot read IP mode file for STMicroelectronics.X-CUBE-AZRTOS-F7.1.1.0
2024-03-05 16:21:58,196 [WARN] PackLoader:240 - Cannot read IP mode file for STMicroelectronics.FP-SNS-MOTENV1.4.3.2
2024-03-05 16:21:58,207 [WARN] PackLoader:240 - Cannot read IP mode file for STMicroelectronics.FP-SNS-FLIGHT1.5.0.2
2024-03-05 16:21:58,222 [WARN] PackLoader:240 - Cannot read IP mode file for STMicroelectronics.X-CUBE-DISPLAY.3.0.0
2024-03-05 16:21:58,245 [WARN] PackLoader:240 - Cannot read IP mode file for STMicroelectronics.X-CUBE-BLE1.7.0.0
2024-03-05 16:21:58,252 [WARN] PackLoader:240 - Cannot read IP mode file for emotas.I-CUBE-CANOPEN.1.3.0
2024-03-05 16:21:58,269 [WARN] PackLoader:240 - Cannot read IP mode file for STMicroelectronics.X-CUBE-BLEMGR.3.1.0
2024-03-05 16:21:58,278 [WARN] PackLoader:240 - Cannot read IP mode file for STMicroelectronics.FP-SNS-SMARTAG2.1.2.0
2024-03-05 16:21:58,299 [INFO] LogOutputStream:77 - [STDOUT_REDIRECT] 1 : Invalid condition id : UX_CORESTACK_Condition cause : null
2024-03-05 16:21:58,300 [INFO] LogOutputStream:77 - [STDOUT_REDIRECT] 1 : Invalid condition id : UX_CORESTACK_Condition cause : null
2024-03-05 16:21:58,302 [INFO] LogOutputStream:77 - [STDOUT_REDIRECT] 1 : Invalid condition id : UX_CORESTACK_Condition cause : null
2024-03-05 16:21:58,304 [INFO] LogOutputStream:77 - [STDOUT_REDIRECT] 1 : Invalid condition id : UX_CORESTACK_Condition cause : null
2024-03-05 16:21:58,306 [INFO] LogOutputStream:77 - [STDOUT_REDIRECT] 1 : Invalid condition id : UX_CORESTACK_Condition cause : null
2024-03-05 16:21:58,310 [WARN] PackLoader:240 - Cannot read IP mode file for STMicroelectronics.X-CUBE-AZRTOS-WL.2.0.0
2024-03-05 16:21:58,327 [WARN] PackLoader:240 - Cannot read IP mode file for WES.I-CUBE-Cesium.1.3.0
2024-03-05 16:21:58,335 [WARN] PackLoader:240 - Cannot read IP mode file for STMicroelectronics.X-CUBE-BLE2.3.3.0
2024-03-05 16:21:58,346 [WARN] PackLoader:240 - Cannot read IP mode file for STMicroelectronics.X-CUBE-ALGOBUILD.1.3.0
2024-03-05 16:21:58,380 [WARN] PackLoader:240 - Cannot read IP mode file for STMicroelectronics.X-CUBE-AZRTOS-G0.1.1.0
2024-03-05 16:21:58,400 [WARN] PackLoader:240 - Cannot read IP mode file for STMicroelectronics.X-CUBE-NFC4.3.0.0
2024-03-05 16:21:58,413 [WARN] PackLoader:240 - Cannot read IP mode file for STMicroelectronics.X-CUBE-BLEMGR.3.0.0
2024-03-05 16:21:58,420 [WARN] PackLoader:240 - Cannot read IP mode file for STMicroelectronics.FP-ATR-SIGFOX1.3.2.0
2024-03-05 16:21:58,429 [WARN] PackLoader:240 - Cannot read IP mode file for STMicroelectronics.X-CUBE-EEPRMA1.5.1.0
2024-03-05 16:21:58,491 [WARN] PackLoader:240 - Cannot read IP mode file for SEGGER.I-CUBE-embOS.1.3.1
2024-03-05 16:21:58,553 [WARN] PackLoader:240 - Cannot read IP mode file for STMicroelectronics.X-CUBE-GNSS1.6.0.0
2024-03-05 16:21:58,576 [WARN] PackLoader:240 - Cannot read IP mode file for STMicroelectronics.X-CUBE-AZRTOS-F4.1.1.0
2024-03-05 16:21:58,587 [WARN] PackLoader:240 - Cannot read IP mode file for wolfSSL.I-CUBE-wolfSSL.5.6.6
2024-03-05 16:21:58,624 [WARN] PackLoader:240 - Cannot read IP mode file for STMicroelectronics.X-CUBE-AZRTOS-L5.2.0.0
2024-03-05 16:21:58,634 [WARN] PackLoader:240 - Cannot read IP mode file for ITTIA_DB.I-CUBE-ITTIADB.8.8.0
2024-03-05 16:21:58,640 [WARN] PackLoader:240 - Cannot read IP mode file for STMicroelectronics.X-CUBE-NFC7.1.0.1
2024-03-05 16:21:58,650 [WARN] PackLoader:240 - Cannot read IP mode file for STMicroelectronics.X-CUBE-NFC6.3.0.0
2024-03-05 16:21:58,658 [WARN] PackLoader:240 - Cannot read IP mode file for STMicroelectronics.X-CUBE-AI.8.1.0
2024-03-05 16:21:58,680 [WARN] ConditionMgr:438 - getConditionDescription Invalid condition id : LAN8742 Phy interface Condition cause : null
2024-03-05 16:21:58,681 [WARN] PackLoader:240 - Cannot read IP mode file for STMicroelectronics.X-CUBE-AZRTOS-L4.2.0.0
2024-03-05 16:21:58,683 [WARN] ConditionMgr:1039 - genDependencies : Invalid condition id : LAN8742 Phy interface Condition cause : null
2024-03-05 16:21:58,683 [WARN] ConditionMgr:1039 - genDependencies : Invalid condition id : LAN8742 Phy interface Condition cause : null
2024-03-05 16:21:58,684 [WARN] ConditionMgr:1039 - genDependencies : Invalid condition id : LAN8742 Phy interface Condition cause : null
2024-03-05 16:21:58,692 [WARN] PackLoader:240 - Cannot read IP mode file for STMicroelectronics.X-CUBE-SFXS2LP1.4.0.0
2024-03-05 16:21:58,707 [WARN] ConditionMgr:438 - getConditionDescription Invalid condition id : UX DEVICE CLASS RTOS Condition cause : null
2024-03-05 16:21:58,707 [WARN] ConditionMgr:438 - getConditionDescription Invalid condition id : UX DEVICE CLASS RTOS Condition cause : null
2024-03-05 16:21:58,709 [WARN] PackLoader:240 - Cannot read IP mode file for STMicroelectronics.X-CUBE-AZRTOS-WB.2.0.0
2024-03-05 16:21:58,710 [WARN] ConditionMgr:1039 - genDependencies : Invalid condition id : UX DEVICE CLASS RTOS Condition cause : null
2024-03-05 16:21:58,710 [WARN] ConditionMgr:1039 - genDependencies : Invalid condition id : UX DEVICE CLASS RTOS Condition cause : null
2024-03-05 16:21:58,711 [WARN] ConditionMgr:1039 - genDependencies : Invalid condition id : UX DEVICE CLASS RTOS Condition cause : null
2024-03-05 16:21:58,711 [WARN] ConditionMgr:1039 - genDependencies : Invalid condition id : UX DEVICE CLASS RTOS Condition cause : null
2024-03-05 16:21:58,711 [WARN] ConditionMgr:1039 - genDependencies : Invalid condition id : UX DEVICE CLASS RTOS Condition cause : null
2024-03-05 16:21:58,724 [WARN] PackLoader:240 - Cannot read IP mode file for STMicroelectronics.X-CUBE-SUBG2.5.0.0
2024-03-05 16:21:58,745 [WARN] PackLoader:240 - Cannot read IP mode file for STMicroelectronics.X-CUBE-AZRTOS-G4.2.0.0
2024-03-05 16:21:58,761 [WARN] PackLoader:240 - Cannot read IP mode file for Infineon.AIROC-Wi-Fi-Bluetooth-STM32.1.5.1
2024-03-05 16:21:58,772 [WARN] PackLoader:240 - Cannot read IP mode file for STMicroelectronics.FP-SNS-MOTENVWB1.1.3.1
2024-03-05 16:21:58,779 [WARN] PackLoader:240 - Cannot read IP mode file for STMicroelectronics.X-CUBE-ISPU.2.0.0
2024-03-05 16:21:58,845 [WARN] PackLoader:240 - Cannot read IP mode file for STMicroelectronics.X-CUBE-MEMS1.10.0.0
2024-03-05 16:21:58,975 [WARN] PackLoader:240 - Cannot read IP mode file for STMicroelectronics.X-CUBE-FREERTOS.1.1.0
2024-03-05 16:21:58,981 [WARN] PackLoader:240 - Cannot read IP mode file for portGmbH.I-Cube-SoM-uGOAL.1.1.0
2024-03-05 16:21:58,986 [WARN] PackLoader:240 - Cannot read IP mode file for STMicroelectronics.X-CUBE-ALS.1.0.1
2024-03-05 16:21:58,990 [WARN] PackLoader:240 - Cannot read IP mode file for STMicroelectronics.FP-ATR-ASTRA1.2.0.0
2024-03-05 16:21:58,998 [WARN] PackLoader:240 - Cannot read IP mode file for STMicroelectronics.X-CUBE-TOF1.3.4.0
2024-03-05 16:21:59,020 [WARN] PackLoader:240 - Cannot read IP mode file for STMicroelectronics.X-CUBE-TOF1.3.4.1
2024-03-05 16:21:59,055 [WARN] PackLoader:240 - Cannot read IP mode file for STMicroelectronics.X-CUBE-AZRTOS-H7.3.2.0
2024-03-05 16:21:59,060 [INFO] ThirdParty:978 - Integrity check success = true
2024-03-05 16:21:59,060 [INFO] IntegrityCheckThread:100 - exiting critical section [integrity check]
2024-03-05 16:21:59,060 [INFO] IntegrityCheckThread:103 - End integrity checks thread
2024-03-05 16:22:18,084 [ERROR] LogOutputStream:75 - [STDERR_REDIRECT] SLF4J: Failed to load class "org.slf4j.impl.StaticLoggerBinder".
2024-03-05 16:22:18,086 [ERROR] LogOutputStream:75 - [STDERR_REDIRECT] SLF4J: Defaulting to no-operation (NOP) logger implementation
2024-03-05 16:22:18,087 [ERROR] LogOutputStream:75 - [STDERR_REDIRECT] SLF4J: See http://www.slf4j.org/codes.html#StaticLoggerBinder for further details.
2024-03-05 16:34:28,714 [INFO] McuFinderGlobals:63 - Set McuFinder mode to 2 (CubeIDE integrated)
2024-03-05 16:34:28,722 [INFO] MainUpdater:2873 - connection check result : 10
2024-03-05 16:34:28,723 [INFO] MainUpdater:2873 - connection check result : 10
2024-03-05 16:34:28,783 [INFO] MicroXplorer:468 - Change Database Path : 
2024-03-05 16:34:28,783 [INFO] MicroXplorer:498 - Change Database Version : DB.6.0.100
2024-03-05 16:34:28,790 [WARN] ThirdParty:871 - waiting for thirdparty lock release [close project]
2024-03-05 16:34:28,790 [INFO] ThirdParty:873 - entering critical section [close project]
2024-03-05 16:34:28,792 [INFO] ThirdParty:883 - exiting critical section [close project]
2024-03-05 16:34:28,795 [INFO] PinOutPanel:1499 - setPackage(No Configuration,No Configuration)
2024-03-05 16:34:28,800 [INFO] UtilMem:75 - Begin LoadConfig() Used Memory: 669473104 Bytes (961544192)
2024-03-05 16:34:28,802 [INFO] MicroXplorer:468 - Change Database Path : 
2024-03-05 16:34:28,802 [INFO] MicroXplorer:498 - Change Database Version : DB.6.0.100
2024-03-05 16:34:28,802 [INFO] OpenFileManager:312 - Change cursor
2024-03-05 16:34:28,871 [INFO] Mcu:2016 - Initializing MCU STM32L552Z(C-E)TxQ STM32L552ZCTxQ STM32L552ZCT6Q
2024-03-05 16:34:30,871 [WARN] Context:676 - Trying to add IP FREERTOS in context CortexM33 not assigned to a contextSplit
2024-03-05 16:34:31,449 [WARN] Context:676 - Trying to add IP PWR in context CortexM33 not assigned to a contextSplit
2024-03-05 16:34:31,534 [WARN] Context:676 - Trying to add IP RCC in context CortexM33 not assigned to a contextSplit
2024-03-05 16:34:31,609 [WARN] Context:676 - Trying to add IP RTC in context CortexM33 not assigned to a contextSplit
2024-03-05 16:34:31,901 [WARN] Context:676 - Trying to add IP SYS in context CortexM33 not assigned to a contextSplit
2024-03-05 16:34:31,986 [WARN] Context:676 - Trying to add IP TAMP in context CortexM33 not assigned to a contextSplit
2024-03-05 16:34:33,767 [INFO] Context:659 - Trying to add GPIOservice into a context  which must be forbidden
2024-03-05 16:34:33,767 [INFO] Context:659 - Trying to add GPIOservice into a context  which must be forbidden
2024-03-05 16:34:33,767 [INFO] Context:659 - Trying to add GPIOservice into a context  which must be forbidden
2024-03-05 16:34:33,767 [WARN] Context:676 - Trying to add IP GPIO in context CortexM33 not assigned to a contextSplit
2024-03-05 16:34:33,832 [WARN] Context:676 - Trying to add IP DMA in context CortexM33 not assigned to a contextSplit
2024-03-05 16:34:33,908 [WARN] Context:676 - Trying to add IP NVIC2 in context CortexM33 not assigned to a contextSplit
2024-03-05 16:34:35,280 [INFO] RtosManager:555 - Registered RTOS mode: class=CMSIS, group=RTOS, mode=CMSIS_V1, owner=FREERTOS
2024-03-05 16:34:35,281 [INFO] RtosManager:555 - Registered RTOS mode: class=CMSIS, group=RTOS2, mode=CMSIS_V2, owner=FREERTOS
2024-03-05 16:34:35,281 [INFO] RtosManager:555 - Registered RTOS mode: class=RTOS, group=Core, mode=CMSIS_V1, owner=FREERTOS
2024-03-05 16:34:35,281 [INFO] RtosManager:555 - Registered RTOS mode: class=RTOS, group=Core, mode=CMSIS_V2, owner=FREERTOS
2024-03-05 16:34:35,282 [WARN] ModelIntegratedComponent:184 - Missing modes for component STMicroelectronics:FreeRTOS:0.0.1:STMicroelectronics:RTOS:FreeRTOS:Core:::10.2.0:
2024-03-05 16:34:35,310 [WARN] ModelIntegratedComponent:63 - No mode defined for component null
2024-03-05 16:34:35,310 [WARN] ModelIntegratedComponent:63 - No mode defined for component null
2024-03-05 16:34:35,310 [WARN] ModelIntegratedComponent:63 - No mode defined for component null
2024-03-05 16:34:35,310 [WARN] ModelIntegratedComponent:63 - No mode defined for component null
2024-03-05 16:34:35,310 [WARN] ModelIntegratedComponent:63 - No mode defined for component null
2024-03-05 16:34:35,310 [WARN] ModelIntegratedComponent:63 - No mode defined for component null
2024-03-05 16:34:35,310 [WARN] ModelIntegratedComponent:63 - No mode defined for component null
2024-03-05 16:34:35,310 [WARN] ModelIntegratedComponent:63 - No mode defined for component null
2024-03-05 16:34:35,310 [WARN] ModelIntegratedComponent:63 - No mode defined for component null
2024-03-05 16:34:35,310 [WARN] ModelIntegratedComponent:63 - No mode defined for component null
2024-03-05 16:34:35,310 [WARN] ModelIntegratedComponent:63 - No mode defined for component null
2024-03-05 16:34:35,310 [WARN] ModelIntegratedComponent:63 - No mode defined for component null
2024-03-05 16:34:35,310 [WARN] ModelIntegratedComponent:63 - No mode defined for component null
2024-03-05 16:34:35,310 [WARN] ModelIntegratedComponent:63 - No mode defined for component null
2024-03-05 16:34:35,310 [WARN] ModelIntegratedComponent:63 - No mode defined for component null
2024-03-05 16:34:35,311 [WARN] ModelIntegratedComponent:63 - No mode defined for component null
2024-03-05 16:34:35,311 [WARN] ModelIntegratedComponent:63 - No mode defined for component null
2024-03-05 16:34:35,311 [WARN] ModelIntegratedComponent:63 - No mode defined for component null
2024-03-05 16:34:35,311 [WARN] ModelIntegratedComponent:63 - No mode defined for component null
2024-03-05 16:34:35,311 [WARN] ModelIntegratedComponent:63 - No mode defined for component null
2024-03-05 16:34:35,311 [WARN] ModelIntegratedComponent:63 - No mode defined for component null
2024-03-05 16:34:35,312 [WARN] ModelIntegratedComponent:63 - No mode defined for component null
2024-03-05 16:34:35,312 [WARN] ModelIntegratedComponent:63 - No mode defined for component null
2024-03-05 16:34:35,312 [WARN] ModelIntegratedComponent:63 - No mode defined for component null
2024-03-05 16:34:35,312 [WARN] ModelIntegratedComponent:63 - No mode defined for component null
2024-03-05 16:34:35,312 [WARN] ModelIntegratedComponent:63 - No mode defined for component null
2024-03-05 16:34:35,312 [WARN] ModelIntegratedComponent:63 - No mode defined for component null
2024-03-05 16:34:35,312 [WARN] ModelIntegratedComponent:63 - No mode defined for component null
2024-03-05 16:34:35,312 [WARN] ModelIntegratedComponent:63 - No mode defined for component null
2024-03-05 16:34:35,312 [WARN] ModelIntegratedComponent:63 - No mode defined for component null
2024-03-05 16:34:35,312 [WARN] ModelIntegratedComponent:63 - No mode defined for component null
2024-03-05 16:34:35,312 [WARN] ModelIntegratedComponent:63 - No mode defined for component null
2024-03-05 16:34:35,312 [WARN] ModelIntegratedComponent:63 - No mode defined for component null
2024-03-05 16:34:35,461 [INFO] ThirdPartyModel:298 - Start build external matchings
2024-03-05 16:34:35,739 [INFO] ThirdPartyModel:316 - End build external matchings
2024-03-05 16:34:35,781 [INFO] ImportTextPane:194 - (OptionalMessage_ERROR) IP (ADC1) : Parameter (CommonPathInternal) has invalid value (null|null|null|null)
2024-03-05 16:34:35,782 [INFO] ImportTextPane:194 - (OptionalMessage_ERROR) IP (DMA) : Parameter (Instance) has Id (ADC1) currently not set
2024-03-05 16:34:35,783 [INFO] ImportTextPane:194 - (OptionalMessage_ERROR) IP (DMA) : Parameter (Request) has Id (ADC1) currently not set
2024-03-05 16:34:35,783 [INFO] ImportTextPane:194 - (OptionalMessage_ERROR) IP (DMA) : Parameter (Direction) has Id (ADC1) currently not set
2024-03-05 16:34:35,783 [INFO] ImportTextPane:194 - (OptionalMessage_ERROR) IP (DMA) : Parameter (PeriphInc) has Id (ADC1) currently not set
2024-03-05 16:34:35,783 [INFO] ImportTextPane:194 - (OptionalMessage_ERROR) IP (DMA) : Parameter (MemInc) has Id (ADC1) currently not set
2024-03-05 16:34:35,784 [INFO] ImportTextPane:194 - (OptionalMessage_ERROR) IP (DMA) : Parameter (PeriphDataAlignment) has Id (ADC1) currently not set
2024-03-05 16:34:35,784 [INFO] ImportTextPane:194 - (OptionalMessage_ERROR) IP (DMA) : Parameter (MemDataAlignment) has Id (ADC1) currently not set
2024-03-05 16:34:35,784 [INFO] ImportTextPane:194 - (OptionalMessage_ERROR) IP (DMA) : Parameter (Mode) has Id (ADC1) currently not set
2024-03-05 16:34:35,785 [INFO] ImportTextPane:194 - (OptionalMessage_ERROR) IP (DMA) : Parameter (Priority) has Id (ADC1) currently not set
2024-03-05 16:34:35,785 [INFO] ImportTextPane:194 - (OptionalMessage_ERROR) IP (DMA) : Parameter (SignalID) has Id (ADC1) currently not set
2024-03-05 16:34:35,785 [INFO] ImportTextPane:194 - (OptionalMessage_ERROR) IP (DMA) : Parameter (Polarity) has Id (ADC1) currently not set
2024-03-05 16:34:35,785 [INFO] ImportTextPane:194 - (OptionalMessage_ERROR) IP (DMA) : Parameter (RequestNumber) has Id (ADC1) currently not set
2024-03-05 16:34:35,785 [INFO] ImportTextPane:194 - (OptionalMessage_ERROR) IP (DMA) : Parameter (SyncSignalID) has Id (ADC1) currently not set
2024-03-05 16:34:35,785 [INFO] ImportTextPane:194 - (OptionalMessage_ERROR) IP (DMA) : Parameter (SyncPolarity) has Id (ADC1) currently not set
2024-03-05 16:34:35,785 [INFO] ImportTextPane:194 - (OptionalMessage_ERROR) IP (DMA) : Parameter (SyncEnable) has Id (ADC1) currently not set
2024-03-05 16:34:35,785 [INFO] ImportTextPane:194 - (OptionalMessage_ERROR) IP (DMA) : Parameter (EventEnable) has Id (ADC1) currently not set
2024-03-05 16:34:35,785 [INFO] ImportTextPane:194 - (OptionalMessage_ERROR) IP (DMA) : Parameter (SyncRequestNumber) has Id (ADC1) currently not set
2024-03-05 16:34:35,785 [INFO] ImportTextPane:194 - (OptionalMessage_ERROR) IP (DMA) : Parameter (Channel_PRIV_NPRIV) has Id (ADC1) currently not set
2024-03-05 16:34:35,786 [INFO] ImportTextPane:194 - (OptionalMessage_ERROR) IP (DMA) : Parameter (Instance) has Id (DAC1_CH1) currently not set
2024-03-05 16:34:35,786 [INFO] ImportTextPane:194 - (OptionalMessage_ERROR) IP (DMA) : Parameter (Request) has Id (DAC1_CH1) currently not set
2024-03-05 16:34:35,786 [INFO] ImportTextPane:194 - (OptionalMessage_ERROR) IP (DMA) : Parameter (Direction) has Id (DAC1_CH1) currently not set
2024-03-05 16:34:35,786 [INFO] ImportTextPane:194 - (OptionalMessage_ERROR) IP (DMA) : Parameter (PeriphInc) has Id (DAC1_CH1) currently not set
2024-03-05 16:34:35,786 [INFO] ImportTextPane:194 - (OptionalMessage_ERROR) IP (DMA) : Parameter (MemInc) has Id (DAC1_CH1) currently not set
2024-03-05 16:34:35,786 [INFO] ImportTextPane:194 - (OptionalMessage_ERROR) IP (DMA) : Parameter (PeriphDataAlignment) has Id (DAC1_CH1) currently not set
2024-03-05 16:34:35,786 [INFO] ImportTextPane:194 - (OptionalMessage_ERROR) IP (DMA) : Parameter (MemDataAlignment) has Id (DAC1_CH1) currently not set
2024-03-05 16:34:35,786 [INFO] ImportTextPane:194 - (OptionalMessage_ERROR) IP (DMA) : Parameter (Mode) has Id (DAC1_CH1) currently not set
2024-03-05 16:34:35,786 [INFO] ImportTextPane:194 - (OptionalMessage_ERROR) IP (DMA) : Parameter (Priority) has Id (DAC1_CH1) currently not set
2024-03-05 16:34:35,786 [INFO] ImportTextPane:194 - (OptionalMessage_ERROR) IP (DMA) : Parameter (SignalID) has Id (DAC1_CH1) currently not set
2024-03-05 16:34:35,787 [INFO] ImportTextPane:194 - (OptionalMessage_ERROR) IP (DMA) : Parameter (Polarity) has Id (DAC1_CH1) currently not set
2024-03-05 16:34:35,787 [INFO] ImportTextPane:194 - (OptionalMessage_ERROR) IP (DMA) : Parameter (RequestNumber) has Id (DAC1_CH1) currently not set
2024-03-05 16:34:35,787 [INFO] ImportTextPane:194 - (OptionalMessage_ERROR) IP (DMA) : Parameter (SyncSignalID) has Id (DAC1_CH1) currently not set
2024-03-05 16:34:35,787 [INFO] ImportTextPane:194 - (OptionalMessage_ERROR) IP (DMA) : Parameter (SyncPolarity) has Id (DAC1_CH1) currently not set
2024-03-05 16:34:35,787 [INFO] ImportTextPane:194 - (OptionalMessage_ERROR) IP (DMA) : Parameter (SyncEnable) has Id (DAC1_CH1) currently not set
2024-03-05 16:34:35,787 [INFO] ImportTextPane:194 - (OptionalMessage_ERROR) IP (DMA) : Parameter (EventEnable) has Id (DAC1_CH1) currently not set
2024-03-05 16:34:35,787 [INFO] ImportTextPane:194 - (OptionalMessage_ERROR) IP (DMA) : Parameter (SyncRequestNumber) has Id (DAC1_CH1) currently not set
2024-03-05 16:34:35,787 [INFO] ImportTextPane:194 - (OptionalMessage_ERROR) IP (DMA) : Parameter (Channel_PRIV_NPRIV) has Id (DAC1_CH1) currently not set
2024-03-05 16:34:36,969 [INFO] UtilMem:75 - End LoadConfig() Used Memory: 895388440 Bytes (1073741824)
2024-03-05 16:34:37,177 [INFO] ApiDb:581 - Connected to CubeFinder SQLite database (C:\Users\Juan\.stmcufinder\plugins\mcufinder\mcu\cube-finder-db.db)
2024-03-05 16:34:37,269 [INFO] ApiDb:668 - CubeFinder database Data Model version=2.1
2024-03-05 16:34:37,269 [INFO] ApiDb:669 - CubeFinder database Configuration version=3.0.39
2024-03-05 16:34:37,271 [INFO] ApiDb:670 - CubeFinder database generation date=2024-01-11 (1704964531)
2024-03-05 16:34:37,271 [INFO] ApiDb:671 - CubeFinder database FW Pack versions=[FP-ATR-ASTRA1_V2.0.0, FP-SNS-FLIGHT1_V5.0.1, FP-SNS-FLIGHT1_V5.0.2, FP-SNS-MOTENV1_V4.3.1, FP-SNS-MOTENV1_V4.3.2, FP-SNS-MOTENVWB1_V1.3.1, FP-SNS-SMARTAG2_V1.2.0, STM32Cube_FW_C0_V1.1.0, STM32Cube_FW_F4_V1.28.0, STM32Cube_FW_F7_V1.17.0, STM32Cube_FW_G0_V1.6.2, STM32Cube_FW_G4_V1.5.2, STM32Cube_FW_H5_V0.5.1, STM32Cube_FW_H5_V1.1.1, STM32Cube_FW_H5_V1.2.0RC2, STM32Cube_FW_H7_V1.11.0, STM32Cube_FW_L0_V1.12.2, STM32Cube_FW_L5_V1.5.0, STM32Cube_FW_U5_V1.3.0RC4, STM32Cube_FW_U5_V1.4.0, STM32Cube_FW_WBA_V1.0.0RC1, STM32Cube_FW_WBA_V1.1.0RC1, STM32Cube_FW_WBA_V1.2.0, STM32Cube_FW_WBA_V1.2.0RC2, STM32Cube_FW_WB_V1.15.0RC1, STM32Cube_FW_WB_V1.16.0, STM32Cube_FW_WB_V1.16.0RC2, STM32Cube_FW_WB_V1.18.0, STM32Cube_FW_WL_V1.3.0, X-CUBE-ALGOBUILD_V1.3.0, X-CUBE-ALS_V1.0.1, X-CUBE-AZRTOS-F4_V1.1.0, X-CUBE-AZRTOS-F7_V1.1.0, X-CUBE-AZRTOS-G0_V1.1.0, X-CUBE-AZRTOS-G4_V2.0.0, X-CUBE-AZRTOS-H7_V3.2.0, X-CUBE-AZRTOS-L4_V1.0.0, X-CUBE-AZRTOS-L4_V2.0.0, X-CUBE-AZRTOS-L5_V1.1.0, X-CUBE-AZRTOS-WB_V2.0.0, X-CUBE-AZRTOS-WL_V2.0.0, X-CUBE-BLE1_V7.0.0, X-CUBE-BLE2_V3.3.0, X-CUBE-BLEMGR_V3.0.0, X-CUBE-EEPRMA1_V4.1.0, X-CUBE-EEPRMA1_V4.2.0, X-CUBE-FREERTOS_V1.1.0, X-CUBE-GNSS1_V6.0.0, X-CUBE-MEMS1_V10.0.0, X-CUBE-MEMS1_V9.1.0, X-CUBE-MEMS1_V9.4.0, X-CUBE-MEMS1_V9.6.0, X-CUBE-NFC4_V3.0.0, X-CUBE-NFC7_V1.0.1, X-CUBE-SFXS2LP1_V4.0.0, X-CUBE-SUBG2_V5.0.0, X-CUBE-TOF1_V3.4.0]
2024-03-05 16:34:39,370 [INFO] ApiDb:240 - Found 371 in-development CPN: [B-G473E-ZEST1S, B-WB1M-WPAN1, B-WL5M-SUBG1, NUCLEO-C031C6, NUCLEO-H503RB, NUCLEO-H563ZI, NUCLEO-U545RE-Q, NUCLEO-U5A5ZJ-Q, NUCLEO-WBA52CG, NUCLEO-WBA55CG, STEVAL-MKBOXPRO, STEVAL-PROTEUS1, STEVAL-STWINBX1, STM320518-EVAL, STM32C0116-DK, STM32C011D6Y3TR, STM32C011D6Y6TR, STM32C011F4P3, STM32C011F4P6, STM32C011F4U3, STM32C011F4U6TR, STM32C011F6P3, STM32C011F6P6, STM32C011F6U3, STM32C011F6U6TR, STM32C011J4M3, STM32C011J4M6, STM32C011J6M3, STM32C011J6M6, STM32C0316-DK, STM32C031C4T3, STM32C031C4T6, STM32C031C4U3, STM32C031C4U6, STM32C031C6T3, STM32C031C6T6, STM32C031C6U3, STM32C031C6U6, STM32C031F4P3, STM32C031F4P6, STM32C031F6P3, STM32C031F6P6, STM32C031G4U3, STM32C031G4U6, STM32C031G6U3, STM32C031G6U6, STM32C031K4T3, STM32C031K4T6, STM32C031K4U3, STM32C031K4U6, STM32C031K6T3, STM32C031K6T6, STM32C031K6U3, STM32C031K6U6, STM32G071K8TXN, STM32G071K8UXN, STM32G081GBU6N, STM32G081KBT6N, STM32G081KBUXN, STM32G0B1CCT6N, STM32G0B1KCT6, STM32G0B1NEY6TR, STM32G0B1RCT6N, STM32G0C1CCT6, STM32G0C1CCT6N, STM32G0C1CCU6N, STM32G0C1CET6N, STM32G0C1CEU6N, STM32G0C1KCT6, STM32G0C1NEY6TR, STM32G0C1RCI6N, STM32G0C1RCT6N, STM32G0C1REI6N, STM32G0C1RET6N, STM32G0C1VCI6, STM32G0C1VEI6, STM32G471CCT6, STM32G471CCU6, STM32G471CET3, STM32G471CET6, STM32G471CEU3, STM32G471CEU6, STM32G471MCT6, STM32G471MET3, STM32G471MET6, STM32G471MEY6TR, STM32G471QCT6, STM32G471QET3, STM32G471RCT6, STM32G471RET3, STM32G471RET6, STM32G471VCH6, STM32G471VCI6, STM32G471VCT6, STM32G471VEH3, STM32G471VEH6, STM32G471VEI3, STM32G471VEI6, STM32G471VET3, STM32G471VET6, STM32G474CCT6, STM32H503CBT6, STM32H503CBU6, STM32H503EBY6TR, STM32H503KBU6, STM32H503RBT6, STM32H562AGI6, STM32H562AII6, STM32H562IGK6, STM32H562IGT6, STM32H562IIK6, STM32H562IIT6, STM32H562RGT6, STM32H562RGV6, STM32H562RIT6, STM32H562RIV6, STM32H562VGT6, STM32H562VIT6, STM32H562ZGT6, STM32H562ZIT6, STM32H563AGI6, STM32H563AII3Q, STM32H563AII6, STM32H563IGK6, STM32H563IGT6, STM32H563IIK3Q, STM32H563IIK6, STM32H563IIT3Q, STM32H563IIT6, STM32H563MIY3QTR, STM32H563RGT6, STM32H563RGV6, STM32H563RIT6, STM32H563RIV6, STM32H563VGT6, STM32H563VIT3Q, STM32H563VIT6, STM32H563ZGT6, STM32H563ZIT3Q, STM32H563ZIT6, STM32H573AII3Q, STM32H573AII6, STM32H573I-DK, STM32H573IIK3Q, STM32H573IIK6, STM32H573IIT3Q, STM32H573IIT6, STM32H573MIY3QTR, STM32H573RIT6, STM32H573RIV6, STM32H573VIT3Q, STM32H573VIT6, STM32H573ZIT3Q, STM32H573ZIT6, STM32L4R5QGI6STR, STM32MP131AAE3, STM32MP131AAF3, STM32MP131AAG3, STM32MP131CAE3, STM32MP131CAF3, STM32MP131CAG3, STM32MP131DAE7, STM32MP131DAF7, STM32MP131DAG7, STM32MP131FAE7, STM32MP131FAF7, STM32MP131FAG7, STM32MP133AAE3, STM32MP133AAF3, STM32MP133AAG3, STM32MP133CAE3, STM32MP133CAF3, STM32MP133CAG3, STM32MP133DAE7, STM32MP133DAF7, STM32MP133DAG7, STM32MP133FAE7, STM32MP133FAF7, STM32MP133FAG7, STM32MP135AAE3, STM32MP135AAF3, STM32MP135AAG3, STM32MP135CAE3, STM32MP135CAF3, STM32MP135CAG3, STM32MP135DAE7, STM32MP135DAF7, STM32MP135DAG7, STM32MP135F-DK, STM32MP135FAE7, STM32MP135FAF7, STM32MP135FAF7T, STM32MP135FAF7U, STM32MP135FAG7, STM32U535CBT6, STM32U535CBT6Q, STM32U535CBU6, STM32U535CBU6Q, STM32U535CCT6, STM32U535CCT6Q, STM32U535CCU6, STM32U535CCU6Q, STM32U535CET6, STM32U535CET6Q, STM32U535CEU6, STM32U535CEU6Q, STM32U535JEY6QTR, STM32U535NCY6QTR, STM32U535NEY6QTR, STM32U535RBI6, STM32U535RBI6Q, STM32U535RBT6, STM32U535RBT6Q, STM32U535RCI6, STM32U535RCI6Q, STM32U535RCT6, STM32U535RCT6Q, STM32U535REI6, STM32U535REI6Q, STM32U535RET6, STM32U535RET6Q, STM32U535VCI6, STM32U535VCI6Q, STM32U535VCT6, STM32U535VCT6Q, STM32U535VEI6, STM32U535VEI6Q, STM32U535VET6, STM32U535VET6Q, STM32U545CET6, STM32U545CET6Q, STM32U545CEU6, STM32U545CEU6Q, STM32U545JEY6QTR, STM32U545NEY6QTR, STM32U545REI6, STM32U545REI6Q, STM32U545RET6, STM32U545RET6Q, STM32U545VEI6, STM32U545VEI6Q, STM32U545VET6, STM32U545VET6Q, STM32U595AIH6, STM32U595AIH6Q, STM32U595AJH6, STM32U595AJH6Q, STM32U595QII6, STM32U595QII6Q, STM32U595QJI6, STM32U595QJI6Q, STM32U595RIT6, STM32U595RIT6Q, STM32U595RJT6, STM32U595RJT6Q, STM32U595VIT6, STM32U595VIT6Q, STM32U595VJT6, STM32U595VJT6Q, STM32U595ZIT6, STM32U595ZIT6Q, STM32U595ZIY6QTR, STM32U595ZJT6, STM32U595ZJT6Q, STM32U595ZJY6QTR, STM32U599BJY6QTR, STM32U599NIH6Q, STM32U599NJH6Q, STM32U599VIT6Q, STM32U599VJT6, STM32U599VJT6Q, STM32U599ZIT6Q, STM32U599ZIY6QTR, STM32U599ZJT6Q, STM32U599ZJY6QTR, STM32U5A5AJH6, STM32U5A5AJH6Q, STM32U5A5QJI6, STM32U5A5QJI6Q, STM32U5A5RJT6, STM32U5A5RJT6Q, STM32U5A5VJT6, STM32U5A5VJT6Q, STM32U5A5ZJT6, STM32U5A5ZJT6Q, STM32U5A5ZJY6QTR, STM32U5A9BJY6QTR, STM32U5A9J-DK, STM32U5A9NJH6Q, STM32U5A9VJT6Q, STM32U5A9ZJT6Q, STM32U5A9ZJY6QTR, STM32U5F7VIT6, STM32U5F7VIT6Q, STM32U5F7VJT6, STM32U5F7VJT6Q, STM32U5F9BJY6QTR, STM32U5F9NJH6Q, STM32U5F9VIT6Q, STM32U5F9VJT6Q, STM32U5F9ZIJ6QTR, STM32U5F9ZIT6Q, STM32U5F9ZJJ6QTR, STM32U5F9ZJT6Q, STM32U5G7VJT6, STM32U5G7VJT6Q, STM32U5G9BJY6QTR, STM32U5G9J-DK1, STM32U5G9J-DK2, STM32U5G9NJH6Q, STM32U5G9VJT6Q, STM32U5G9ZJJ6QTR, STM32U5G9ZJT6Q, STM32WB1MMCH6, STM32WBA50KEU6, STM32WBA50KEU6TR, STM32WBA50KGU6, STM32WBA50KGU6TR, STM32WBA52CEU6, STM32WBA52CEU6TR, STM32WBA52CEU7, STM32WBA52CEU7TR, STM32WBA52CGU6, STM32WBA52CGU6TR, STM32WBA52CGU6U, STM32WBA52CGU7, STM32WBA52CGU7TR, STM32WBA52KEU6, STM32WBA52KEU6TR, STM32WBA52KGU6, STM32WBA52KGU6TR, STM32WBA54CEU6, STM32WBA54CEU6TR, STM32WBA54CEU7, STM32WBA54CEU7TR, STM32WBA54CGU6, STM32WBA54CGU6TR, STM32WBA54CGU7, STM32WBA54CGU7TR, STM32WBA54KEU6, STM32WBA54KEU6TR, STM32WBA54KEU7, STM32WBA54KEU7TR, STM32WBA54KGU6, STM32WBA54KGU6TR, STM32WBA54KGU7, STM32WBA54KGU7TR, STM32WBA55CEU6, STM32WBA55CEU6TR, STM32WBA55CEU7, STM32WBA55CEU7TR, STM32WBA55CGU6, STM32WBA55CGU6TR, STM32WBA55CGU6U, STM32WBA55CGU7, STM32WBA55CGU7TR, STM32WBA55G-DK1, STM32WBA55HEF6, STM32WBA55HEF7, STM32WBA55HGF6, STM32WBA55HGF7, STM32WBA55UEI6, STM32WBA55UEI6TR, STM32WBA55UEI7, STM32WBA55UEI7TR, STM32WBA55UGI6, STM32WBA55UGI6TR, STM32WBA55UGI7, STM32WBA55UGI7TR, STM32WL5MOCH6, STM32WL5MOCH6TR]
2024-03-05 16:34:39,375 [INFO] DbMcus:218 - Found 3930 MCUs, 3930 are supported
2024-03-05 16:34:39,376 [INFO] ApiDb:423 - Load user favorites file C:\Users\Juan/.stm32cubeide/favorites.mcus.txt: 0 item(s)
2024-03-05 16:34:39,376 [INFO] ApiDb:427 - User favorites MCUs=[]
2024-03-05 16:34:39,376 [INFO] DbMcus:224 - Set 0 / 0 favorites MCUs
2024-03-05 16:34:39,738 [INFO] MicroXplorer:468 - Change Database Path : 
2024-03-05 16:34:39,738 [INFO] MicroXplorer:498 - Change Database Version : DB.6.0.100
2024-03-05 16:34:39,738 [WARN] ThirdParty:833 - waiting for thirdparty lock release [change project]
2024-03-05 16:34:39,738 [INFO] ThirdParty:835 - entering critical section [change project]
2024-03-05 16:34:39,739 [INFO] ThirdParty:1030 - CMSIS Pack Vendor :STMicroelectronics USBPD 4.1
2024-03-05 16:34:39,739 [INFO] ThirdParty:1030 - CMSIS Pack Vendor :STMicroelectronics X-CUBE-GNSS1 6.0.0
2024-03-05 16:34:39,739 [INFO] ThirdParty:1030 - CMSIS Pack Vendor :STMicroelectronics USB_HOST 2.0.0
2024-03-05 16:34:39,739 [INFO] ThirdParty:1030 - CMSIS Pack Vendor :STMicroelectronics X-CUBE-AZRTOS-F4 1.1.0
2024-03-05 16:34:39,739 [INFO] ThirdParty:1030 - CMSIS Pack Vendor :STMicroelectronics LIBJPEG 8.0.0
2024-03-05 16:34:39,739 [INFO] ThirdParty:1030 - CMSIS Pack Vendor :STMicroelectronics X-CUBE-SMBUS 2.1.0
2024-03-05 16:34:39,739 [INFO] ThirdParty:1030 - CMSIS Pack Vendor :STMicroelectronics USB_DEVICE 3.0.0
2024-03-05 16:34:39,739 [INFO] ThirdParty:1030 - CMSIS Pack Vendor :STMicroelectronics X-CUBE-AZRTOS-WB 2.0.0
2024-03-05 16:34:39,739 [INFO] ThirdParty:1030 - CMSIS Pack Vendor :wolfSSL I-CUBE-wolfSSL 5.6.6
2024-03-05 16:34:39,739 [INFO] ThirdParty:1030 - CMSIS Pack Vendor :STMicroelectronics X-CUBE-TOUCHGFX 4.23.0
2024-03-05 16:34:39,739 [INFO] ThirdParty:1030 - CMSIS Pack Vendor :STMicroelectronics X-CUBE-AZRTOS-F7 1.1.0
2024-03-05 16:34:39,739 [INFO] ThirdParty:1030 - CMSIS Pack Vendor :STMicroelectronics X-CUBE-AZRTOS-L5 2.0.0
2024-03-05 16:34:39,739 [INFO] ThirdParty:1030 - CMSIS Pack Vendor :STMicroelectronics USB_DEVICE 2.0.0
2024-03-05 16:34:39,739 [INFO] ThirdParty:1030 - CMSIS Pack Vendor :ITTIA_DB I-CUBE-ITTIADB 8.8.0
2024-03-05 16:34:39,739 [INFO] ThirdParty:1030 - CMSIS Pack Vendor :STMicroelectronics FP-SNS-MOTENV1 4.3.2
2024-03-05 16:34:39,739 [INFO] ThirdParty:1030 - CMSIS Pack Vendor :STMicroelectronics X-CUBE-ALGOBUILD 1.3.0
2024-03-05 16:34:39,739 [INFO] ThirdParty:1030 - CMSIS Pack Vendor :STMicroelectronics FreeRTOS 0.0.1
2024-03-05 16:34:39,739 [INFO] ThirdParty:1030 - CMSIS Pack Vendor :STMicroelectronics X-CUBE-AZRTOS-G0 1.1.0
2024-03-05 16:34:39,739 [INFO] ThirdParty:1030 - CMSIS Pack Vendor :STMicroelectronics X-CUBE-NFC4 3.0.0
2024-03-05 16:34:39,739 [INFO] ThirdParty:1030 - CMSIS Pack Vendor :STMicroelectronics X-CUBE-SUBG2 5.0.0
2024-03-05 16:34:39,739 [INFO] ThirdParty:1030 - CMSIS Pack Vendor :STMicroelectronics STM32_WPAN 1.0.0
2024-03-05 16:34:39,739 [INFO] ThirdParty:1030 - CMSIS Pack Vendor :STMicroelectronics lwIP 2.0.3
2024-03-05 16:34:39,739 [INFO] ThirdParty:1030 - CMSIS Pack Vendor :STMicroelectronics FP-SNS-FLIGHT1 5.0.2
2024-03-05 16:34:39,739 [INFO] ThirdParty:1030 - CMSIS Pack Vendor :STMicroelectronics USB_HOST 1.0.0
2024-03-05 16:34:39,739 [INFO] ThirdParty:1030 - CMSIS Pack Vendor :STMicroelectronics X-CUBE-AZRTOS-G4 2.0.0
2024-03-05 16:34:39,739 [INFO] ThirdParty:1030 - CMSIS Pack Vendor :STMicroelectronics PDM2PCM 3.1.0
2024-03-05 16:34:39,739 [INFO] ThirdParty:1030 - CMSIS Pack Vendor :Infineon AIROC-Wi-Fi-Bluetooth-STM32 1.5.1
2024-03-05 16:34:39,739 [INFO] ThirdParty:1030 - CMSIS Pack Vendor :STMicroelectronics X-CUBE-BLEMGR 3.0.0
2024-03-05 16:34:39,739 [INFO] ThirdParty:1030 - CMSIS Pack Vendor :STMicroelectronics PDM2PCM 3.3.0
2024-03-05 16:34:39,739 [INFO] ThirdParty:1030 - CMSIS Pack Vendor :STMicroelectronics X-CUBE-DISPLAY 3.0.0
2024-03-05 16:34:39,739 [INFO] ThirdParty:1030 - CMSIS Pack Vendor :STMicroelectronics FP-SNS-MOTENVWB1 1.3.1
2024-03-05 16:34:39,739 [INFO] ThirdParty:1030 - CMSIS Pack Vendor :STMicroelectronics X-CUBE-BLE1 7.0.0
2024-03-05 16:34:39,739 [INFO] ThirdParty:1030 - CMSIS Pack Vendor :STMicroelectronics FP-ATR-SIGFOX1 3.2.0
2024-03-05 16:34:39,739 [INFO] ThirdParty:1030 - CMSIS Pack Vendor :STMicroelectronics X-CUBE-ISPU 2.0.0
2024-03-05 16:34:39,740 [INFO] ThirdParty:1030 - CMSIS Pack Vendor :STMicroelectronics X-CUBE-EEPRMA1 5.1.0
2024-03-05 16:34:39,740 [INFO] ThirdParty:1030 - CMSIS Pack Vendor :STMicroelectronics HAL Drivers 0.0.0
2024-03-05 16:34:39,740 [INFO] ThirdParty:1030 - CMSIS Pack Vendor :STMicroelectronics MBEDTLS 2.16.2
2024-03-05 16:34:39,740 [INFO] ThirdParty:1030 - CMSIS Pack Vendor :emotas I-CUBE-CANOPEN 1.3.0
2024-03-05 16:34:39,740 [INFO] ThirdParty:1030 - CMSIS Pack Vendor :STMicroelectronics X-CUBE-MEMS1 10.0.0
2024-03-05 16:34:39,740 [INFO] ThirdParty:1030 - CMSIS Pack Vendor :STMicroelectronics X-CUBE-FREERTOS 1.1.0
2024-03-05 16:34:39,740 [INFO] ThirdParty:1030 - CMSIS Pack Vendor :STMicroelectronics X-CUBE-NFC7 1.0.1
2024-03-05 16:34:39,740 [INFO] ThirdParty:1030 - CMSIS Pack Vendor :STMicroelectronics MBEDTLS 2.14.1
2024-03-05 16:34:39,740 [INFO] ThirdParty:1030 - CMSIS Pack Vendor :STMicroelectronics X-CUBE-NFC6 3.0.0
2024-03-05 16:34:39,740 [INFO] ThirdParty:1030 - CMSIS Pack Vendor :portGmbH I-Cube-SoM-uGOAL 1.1.0
2024-03-05 16:34:39,740 [INFO] ThirdParty:1030 - CMSIS Pack Vendor :STMicroelectronics X-CUBE-ALS 1.0.1
2024-03-05 16:34:39,740 [INFO] ThirdParty:1030 - CMSIS Pack Vendor :STMicroelectronics X-CUBE-BLEMGR 3.1.0
2024-03-05 16:34:39,740 [INFO] ThirdParty:1030 - CMSIS Pack Vendor :STMicroelectronics ThreadX 1.0.0
2024-03-05 16:34:39,740 [INFO] ThirdParty:1030 - CMSIS Pack Vendor :STMicroelectronics FP-SNS-SMARTAG2 1.2.0
2024-03-05 16:34:39,740 [INFO] ThirdParty:1030 - CMSIS Pack Vendor :STMicroelectronics X-CUBE-AZRTOS-WL 2.0.0
2024-03-05 16:34:39,740 [INFO] ThirdParty:1030 - CMSIS Pack Vendor :SEGGER I-CUBE-embOS 1.3.1
2024-03-05 16:34:39,740 [INFO] ThirdParty:1030 - CMSIS Pack Vendor :STMicroelectronics USB_DEVICE 1.0.0
2024-03-05 16:34:39,740 [INFO] ThirdParty:1030 - CMSIS Pack Vendor :STMicroelectronics X-CUBE-AI 8.1.0
2024-03-05 16:34:39,740 [INFO] ThirdParty:1030 - CMSIS Pack Vendor :STMicroelectronics X-CUBE-AZRTOS-L4 2.0.0
2024-03-05 16:34:39,740 [INFO] ThirdParty:1030 - CMSIS Pack Vendor :STMicroelectronics ThreadX 0.0.2
2024-03-05 16:34:39,740 [INFO] ThirdParty:1030 - CMSIS Pack Vendor :WES I-CUBE-Cesium 1.3.0
2024-03-05 16:34:39,740 [INFO] ThirdParty:1030 - CMSIS Pack Vendor :STMicroelectronics FP-ATR-ASTRA1 2.0.0
2024-03-05 16:34:39,740 [INFO] ThirdParty:1030 - CMSIS Pack Vendor :STMicroelectronics lwIP 2.1.2
2024-03-05 16:34:39,740 [INFO] ThirdParty:1030 - CMSIS Pack Vendor :STMicroelectronics X-CUBE-SFXS2LP1 4.0.0
2024-03-05 16:34:39,740 [INFO] ThirdParty:1030 - CMSIS Pack Vendor :STMicroelectronics X-CUBE-BLE2 3.3.0
2024-03-05 16:34:39,740 [INFO] ThirdParty:1030 - CMSIS Pack Vendor :STMicroelectronics X-CUBE-TOF1 3.4.0
2024-03-05 16:34:39,740 [INFO] ThirdParty:1030 - CMSIS Pack Vendor :STMicroelectronics X-CUBE-TOF1 3.4.1
2024-03-05 16:34:39,740 [INFO] ThirdParty:1030 - CMSIS Pack Vendor :STMicroelectronics X-CUBE-AZRTOS-H7 3.2.0
2024-03-05 16:34:39,740 [INFO] ThirdParty:1030 - CMSIS Pack Vendor :STMicroelectronics PDM2PCM 3.2.0
2024-03-05 16:34:39,740 [INFO] ThirdParty:841 - exiting critical section [change project]
2024-03-05 16:34:40,542 [INFO] PinOutPanel:1499 - setPackage(No Configuration,No Configuration)
2024-03-05 16:34:40,544 [INFO] PinOutPanel:1499 - setPackage(STM32L552ZCTxQ,LQFP144)
2024-03-05 16:34:41,635 [INFO] UtilMem:75 - Before build in PCC Used Memory: 620821880 Bytes (1073741824)
2024-03-05 16:34:44,522 [INFO] UtilMem:75 - After build in PCC Used Memory: 891876728 Bytes (1073741824)
2024-03-05 16:34:44,581 [INFO] IPUIPlugin:80 - create IPUIPlugin
2024-03-05 16:34:44,581 [INFO] IPUIPlugin:80 - create IPUIPlugin
2024-03-05 16:34:44,581 [INFO] IPUIPlugin:80 - create IPUIPlugin
2024-03-05 16:34:44,581 [INFO] IPUIPlugin:80 - create IPUIPlugin
2024-03-05 16:34:44,582 [INFO] IPUIPlugin:80 - create IPUIPlugin
2024-03-05 16:34:44,582 [INFO] IPUIPlugin:80 - create IPUIPlugin
2024-03-05 16:34:44,582 [INFO] IPUIPlugin:80 - create IPUIPlugin
2024-03-05 16:34:44,582 [INFO] IPUIPlugin:80 - create IPUIPlugin
2024-03-05 16:34:44,582 [INFO] IPUIPlugin:80 - create IPUIPlugin
2024-03-05 16:34:44,582 [INFO] IPUIPlugin:80 - create IPUIPlugin
2024-03-05 16:34:44,582 [INFO] IPUIPlugin:80 - create IPUIPlugin
2024-03-05 16:34:44,582 [INFO] IPUIPlugin:80 - create IPUIPlugin
2024-03-05 16:34:44,583 [INFO] IPUIPlugin:80 - create IPUIPlugin
2024-03-05 16:34:44,583 [INFO] IPUIPlugin:80 - create IPUIPlugin
2024-03-05 16:34:44,583 [INFO] IPUIPlugin:80 - create IPUIPlugin
2024-03-05 16:34:44,583 [INFO] IPUIPlugin:80 - create IPUIPlugin
2024-03-05 16:34:44,583 [INFO] IPUIPlugin:80 - create IPUIPlugin
2024-03-05 16:34:44,584 [INFO] IPUIPlugin:80 - create IPUIPlugin
2024-03-05 16:34:44,584 [INFO] IPUIPlugin:80 - create IPUIPlugin
2024-03-05 16:34:44,584 [INFO] IPUIPlugin:80 - create IPUIPlugin
2024-03-05 16:34:44,584 [INFO] IPUIPlugin:80 - create IPUIPlugin
2024-03-05 16:34:44,584 [INFO] IPUIPlugin:80 - create IPUIPlugin
2024-03-05 16:34:44,584 [INFO] IPUIPlugin:80 - create IPUIPlugin
2024-03-05 16:34:44,585 [INFO] IPUIPlugin:80 - create IPUIPlugin
2024-03-05 16:34:44,585 [INFO] IPUIPlugin:80 - create IPUIPlugin
2024-03-05 16:34:44,585 [INFO] IPUIPlugin:80 - create IPUIPlugin
2024-03-05 16:34:44,585 [INFO] IPUIPlugin:80 - create IPUIPlugin
2024-03-05 16:34:44,586 [INFO] IPUIPlugin:80 - create IPUIPlugin
2024-03-05 16:34:44,586 [INFO] IPUIPlugin:80 - create IPUIPlugin
2024-03-05 16:34:44,587 [INFO] IPUIPlugin:80 - create IPUIPlugin
2024-03-05 16:34:44,587 [INFO] IPUIPlugin:80 - create IPUIPlugin
2024-03-05 16:34:44,587 [INFO] IPUIPlugin:80 - create IPUIPlugin
2024-03-05 16:34:44,587 [INFO] IPUIPlugin:80 - create IPUIPlugin
2024-03-05 16:34:44,588 [INFO] IPUIPlugin:80 - create IPUIPlugin
2024-03-05 16:34:44,588 [INFO] IPUIPlugin:80 - create IPUIPlugin
2024-03-05 16:34:44,588 [INFO] IPUIPlugin:80 - create IPUIPlugin
2024-03-05 16:34:44,589 [INFO] IPUIPlugin:80 - create IPUIPlugin
2024-03-05 16:34:44,590 [INFO] IPUIPlugin:80 - create IPUIPlugin
2024-03-05 16:34:44,590 [INFO] IPUIPlugin:80 - create IPUIPlugin
2024-03-05 16:34:44,590 [INFO] IPUIPlugin:80 - create IPUIPlugin
2024-03-05 16:34:44,591 [INFO] IPUIPlugin:80 - create IPUIPlugin
2024-03-05 16:34:44,591 [INFO] IPUIPlugin:80 - create IPUIPlugin
2024-03-05 16:34:44,591 [INFO] IPUIPlugin:80 - create IPUIPlugin
2024-03-05 16:34:44,592 [INFO] IPUIPlugin:80 - create IPUIPlugin
2024-03-05 16:34:44,592 [INFO] IPUIPlugin:80 - create IPUIPlugin
2024-03-05 16:34:44,592 [INFO] IPUIPlugin:80 - create IPUIPlugin
2024-03-05 16:34:44,592 [INFO] IPUIPlugin:80 - create IPUIPlugin
2024-03-05 16:34:44,593 [INFO] IPUIPlugin:80 - create IPUIPlugin
2024-03-05 16:34:44,593 [INFO] IPUIPlugin:80 - create IPUIPlugin
2024-03-05 16:34:44,593 [INFO] IPUIPlugin:80 - create IPUIPlugin
2024-03-05 16:34:44,594 [INFO] IPUIPlugin:80 - create IPUIPlugin
2024-03-05 16:34:44,594 [INFO] IPUIPlugin:80 - create IPUIPlugin
2024-03-05 16:34:44,594 [INFO] IPUIPlugin:80 - create IPUIPlugin
2024-03-05 16:34:44,594 [INFO] IPUIPlugin:80 - create IPUIPlugin
2024-03-05 16:34:44,595 [INFO] IPUIPlugin:80 - create IPUIPlugin
2024-03-05 16:34:44,595 [INFO] IPUIPlugin:80 - create IPUIPlugin
2024-03-05 16:34:44,595 [INFO] IPUIPlugin:80 - create IPUIPlugin
2024-03-05 16:34:44,596 [INFO] IPUIPlugin:80 - create IPUIPlugin
2024-03-05 16:34:44,596 [INFO] IPUIPlugin:80 - create IPUIPlugin
2024-03-05 16:34:44,597 [INFO] IPUIPlugin:80 - create IPUIPlugin
2024-03-05 16:34:44,597 [INFO] IPUIPlugin:80 - create IPUIPlugin
2024-03-05 16:34:44,598 [INFO] IPUIPlugin:80 - create IPUIPlugin
2024-03-05 16:34:44,598 [INFO] IPUIPlugin:80 - create IPUIPlugin
2024-03-05 16:34:44,599 [INFO] IPUIPlugin:80 - create IPUIPlugin
2024-03-05 16:34:44,599 [INFO] IPUIPlugin:80 - create IPUIPlugin
2024-03-05 16:34:44,599 [INFO] IPUIPlugin:80 - create IPUIPlugin
2024-03-05 16:34:44,600 [INFO] IPUIPlugin:80 - create IPUIPlugin
2024-03-05 16:34:44,600 [INFO] IPUIPlugin:80 - create IPUIPlugin
2024-03-05 16:34:44,601 [INFO] IPUIPlugin:80 - create IPUIPlugin
2024-03-05 16:34:44,601 [INFO] IPUIPlugin:80 - create IPUIPlugin
2024-03-05 16:34:45,152 [INFO] CADModel:165 - CPN selected for project levelSTM32L552ZCT6Q
2024-03-05 16:34:45,153 [INFO] CADModel:114 - Register for checkConnection events
2024-03-05 16:34:45,222 [INFO] OpenFileManager:343 - Restore cursor
2024-03-05 16:34:45,498 [WARN] IP:2119 - pwrPrivilegeSecure not found: check if there is a RefParameter without a condition.
2024-03-05 16:34:45,498 [WARN] IP:2119 - pwrPrivilegeNSecure not found: check if there is a RefParameter without a condition.
2024-03-05 16:34:45,498 [WARN] IP:2119 - PWR_WKUP1 not found: check if there is a RefParameter without a condition.
2024-03-05 16:34:45,499 [WARN] IP:2119 - PWR_WKUP2 not found: check if there is a RefParameter without a condition.
2024-03-05 16:34:45,499 [WARN] IP:2119 - PWR_WKUP3 not found: check if there is a RefParameter without a condition.
2024-03-05 16:34:45,499 [WARN] IP:2119 - PWR_WKUP4 not found: check if there is a RefParameter without a condition.
2024-03-05 16:34:45,499 [WARN] IP:2119 - PWR_WKUP5 not found: check if there is a RefParameter without a condition.
2024-03-05 16:34:45,499 [WARN] IP:2119 - PWR_VDM not found: check if there is a RefParameter without a condition.
2024-03-05 16:34:45,499 [WARN] IP:2119 - PWR_APC not found: check if there is a RefParameter without a condition.
2024-03-05 16:34:45,499 [WARN] IP:2119 - PWR_LPM not found: check if there is a RefParameter without a condition.
2024-03-05 16:34:45,499 [WARN] IP:2119 - PWR_VB not found: check if there is a RefParameter without a condition.
2024-03-05 16:34:45,499 [WARN] IP:2119 - pwrPrivilegeSecure not found: check if there is a RefParameter without a condition.
2024-03-05 16:34:45,499 [WARN] IP:2119 - pwrPrivilegeNSecure not found: check if there is a RefParameter without a condition.
2024-03-05 16:34:45,499 [WARN] IP:2119 - PWR_WKUP1 not found: check if there is a RefParameter without a condition.
2024-03-05 16:34:45,499 [WARN] IP:2119 - PWR_WKUP2 not found: check if there is a RefParameter without a condition.
2024-03-05 16:34:45,499 [WARN] IP:2119 - PWR_WKUP3 not found: check if there is a RefParameter without a condition.
2024-03-05 16:34:45,499 [WARN] IP:2119 - PWR_WKUP4 not found: check if there is a RefParameter without a condition.
2024-03-05 16:34:45,499 [WARN] IP:2119 - PWR_WKUP5 not found: check if there is a RefParameter without a condition.
2024-03-05 16:34:45,500 [WARN] IP:2119 - PWR_VDM not found: check if there is a RefParameter without a condition.
2024-03-05 16:34:45,500 [WARN] IP:2119 - PWR_APC not found: check if there is a RefParameter without a condition.
2024-03-05 16:34:45,500 [WARN] IP:2119 - PWR_LPM not found: check if there is a RefParameter without a condition.
2024-03-05 16:34:45,500 [WARN] IP:2119 - PWR_VB not found: check if there is a RefParameter without a condition.
2024-03-05 16:43:00,414 [INFO] ADCParametersView:116 -                Rank 1 : false
2024-03-05 16:43:00,461 [INFO] ADCParametersView:116 -                Rank 1 : false
2024-03-05 16:43:00,462 [INFO] ADCParametersView:116 -                Rank 1 : false
2024-03-05 16:43:00,464 [INFO] ADCParametersView:116 -                Rank 1 : false
2024-03-05 16:43:00,464 [INFO] ADCParametersView:116 -                Rank 1 : false
2024-03-05 16:43:00,464 [INFO] ADCParametersView:116 -                Rank 1 : false
2024-03-05 16:43:00,464 [INFO] ADCParametersView:116 -                Rank 1 : false
2024-03-05 16:43:00,464 [INFO] ADCParametersView:116 -                Rank 1 : false
2024-03-05 16:43:00,464 [INFO] ADCParametersView:116 -                Rank 1 : false
2024-03-05 16:43:00,465 [INFO] ADCParametersView:116 -                Rank 1 : false
2024-03-05 16:43:00,465 [INFO] ADCParametersView:116 -                Rank 1 : false
2024-03-05 16:43:00,465 [INFO] ADCParametersView:116 -                Rank 1 : false
2024-03-05 16:43:00,465 [INFO] ADCParametersView:116 -                Rank 1 : false
2024-03-05 16:43:00,465 [INFO] ADCParametersView:116 -                Rank 1 : false
2024-03-05 16:43:00,466 [INFO] ADCParametersView:116 -                Rank 1 : false
2024-03-05 16:43:00,466 [INFO] ADCParametersView:116 -                Rank 1 : false
2024-03-05 16:43:00,466 [INFO] ADCParametersView:116 -                Rank 1 : false
2024-03-05 16:43:00,466 [INFO] ADCParametersView:116 -                Rank 1 : false
2024-03-05 16:43:00,466 [INFO] ADCParametersView:116 -                Rank 1 : false
2024-03-05 16:43:00,466 [INFO] ADCParametersView:116 -                Rank 1 : false
2024-03-05 16:43:00,466 [INFO] ADCParametersView:116 -                Rank 1 : false
2024-03-05 16:43:00,492 [INFO] ADCParametersView:116 -                Rank 1 : false
2024-03-05 17:21:59,983 [ERROR] LogOutputStream:75 - [STDERR_REDIRECT] 
